{"level":"info","ts":1694151861.3568695,"logger":"fallback","caller":"injection/injection.go:63","msg":"Starting informers..."}
2023/09/08 05:44:30 Service runtime-xagglnfn ready in 4s
2023/09/08 05:44:34 Service runtime-bndwsdvp ready in 3s
2023/09/08 05:44:40 Service runtime-amvleyhp ready in 4s
2023/09/08 05:44:45 Service runtime-kbtvgkyy ready in 4s
2023/09/08 05:44:50 Service runtime-vntbpisa ready in 4s
2023/09/08 05:44:55 Service runtime-qndjijne ready in 4s
2023/09/08 05:44:59 Service runtime-qjxmcjjr ready in 3s
2023/09/08 05:45:04 Service runtime-ibhizrry ready in 3s
2023/09/08 05:45:10 Service runtime-tcdcxrte ready in 4s
2023/09/08 05:45:15 Service runtime-larsmfkg ready in 4s
2023/09/08 05:45:20 Service runtime-cunjncuo ready in 4s
2023/09/08 05:45:30 Service runtime-duytjacm ready in 4s
2023/09/08 05:45:34 Service runtime-isaahbwv ready in 13s
2023/09/08 05:45:34 Service runtime-qqeyvqut ready in 3s
2023/09/08 05:45:39 Service runtime-ameqgkqj ready in 3s
2023/09/08 05:45:45 Service runtime-cyouykhq ready in 4s
2023/09/08 05:45:49 Service runtime-vkbywjbc ready in 3s
2023/09/08 05:45:55 Service runtime-urlghirf ready in 4s
2023/09/08 05:46:00 Service runtime-ckbbnjlb ready in 4s
2023/09/08 05:46:05 Service runtime-mwoilyef ready in 4s
2023/09/08 05:46:09 Service runtime-phvrapmy ready in 3s
2023/09/08 05:46:15 Service runtime-qpeqmlyl ready in 4s
2023/09/08 05:46:19 Service runtime-iwtjtqis ready in 3s
2023/09/08 05:46:25 Service runtime-wrhgypna ready in 4s
2023/09/08 05:46:30 Service runtime-ajiaowvp ready in 4s
2023/09/08 05:46:35 Service runtime-avjgmcqh ready in 4s
2023/09/08 05:46:40 Service runtime-hodxnmbx ready in 4s
2023/09/08 05:46:45 Service runtime-lmfhgwmf ready in 4s
2023/09/08 05:46:50 Service runtime-afyelnyu ready in 4s
2023/09/08 05:46:55 Service runtime-zvovryep ready in 4s
2023/09/08 05:47:00 Service runtime-vmauicaf ready in 4s
2023/09/08 05:47:04 Service runtime-ydoxfdgb ready in 3s
2023/09/08 05:47:09 Service runtime-afghnllx ready in 3s
2023/09/08 05:47:14 Service runtime-dkwbtyxs ready in 3s
2023/09/08 05:47:20 Service runtime-eyoqqbjy ready in 3s
2023/09/08 05:47:25 Service runtime-pdpxxpzf ready in 4s
2023/09/08 05:47:29 Service runtime-sxtrbijs ready in 3s
2023/09/08 05:47:34 Service runtime-ctagecnn ready in 3s
2023/09/08 05:47:39 Service runtime-bswutlvk ready in 3s
2023/09/08 05:47:45 Service runtime-wycokkwp ready in 4s
2023/09/08 05:47:50 Service runtime-uxabifxk ready in 4s
2023/09/08 05:47:54 Service runtime-mutxazxd ready in 3s
2023/09/08 05:48:00 Service runtime-ofwnfldc ready in 4s
2023/09/08 05:48:04 Service runtime-kwmstaqh ready in 3s
2023/09/08 05:48:10 Service runtime-lgwiofrc ready in 4s
2023/09/08 05:48:15 Service runtime-ykcnmayk ready in 4s
2023/09/08 05:48:19 Service runtime-efvglmpu ready in 3s
2023/09/08 05:48:24 Service runtime-ghbxvsyr ready in 3s
2023/09/08 05:48:29 Service runtime-dysmveuz ready in 3s
2023/09/08 05:48:35 Service runtime-pzmtqqht ready in 4s
2023/09/08 05:48:39 Service runtime-lvdsgygw ready in 3s
2023/09/08 05:48:45 Service runtime-wygtrgio ready in 4s
2023/09/08 05:48:50 Service runtime-tnxmwude ready in 4s
2023/09/08 05:48:55 Service runtime-uozlmeop ready in 4s
2023/09/08 05:49:00 Service runtime-wzpdwgjr ready in 4s
2023/09/08 05:49:04 Service runtime-xofbxtnc ready in 3s
2023/09/08 05:49:10 Service runtime-ywtjsudh ready in 4s
2023/09/08 05:49:15 Service runtime-hufkixoe ready in 4s
2023/09/08 05:49:20 Service runtime-dxeotgxv ready in 4s
2023/09/08 05:49:25 Service runtime-glwkgzeo ready in 4s
2023/09/08 05:49:30 Service runtime-lzflpoph ready in 4s
2023/09/08 05:49:34 Service runtime-jhazanjd ready in 3s
2023/09/08 05:49:41 Service runtime-lvfupbqi ready in 5s
2023/09/08 05:49:45 Service runtime-dqonavyd ready in 4s
2023/09/08 05:49:50 Service runtime-rpvuvjsn ready in 4s
2023/09/08 05:49:55 Service runtime-tavqxxrv ready in 4s
2023/09/08 05:50:00 Service runtime-uevflnza ready in 4s
2023/09/08 05:50:05 Service runtime-gskvnwah ready in 4s
2023/09/08 05:50:10 Service runtime-xnxncjyp ready in 4s
2023/09/08 05:50:14 Service runtime-vgbgoefg ready in 3s
2023/09/08 05:50:20 Service runtime-dfimotvr ready in 4s
2023/09/08 05:50:24 Service runtime-wpguitwt ready in 3s
2023/09/08 05:50:30 Service runtime-xvagvgnh ready in 4s
2023/09/08 05:50:35 Service runtime-rttdwyzv ready in 4s
2023/09/08 05:50:39 Service runtime-dgmgovlv ready in 3s
2023/09/08 05:50:44 Service runtime-qnzcmsxf ready in 3s
2023/09/08 05:50:50 Service runtime-xnjdkyer ready in 4s
2023/09/08 05:50:55 Service runtime-qtgwprtv ready in 4s
2023/09/08 05:51:00 Service runtime-uagvxedt ready in 4s
2023/09/08 05:51:04 Service runtime-gjzlbtya ready in 3s
2023/09/08 05:51:10 Service runtime-gkpdohjk ready in 4s
2023/09/08 05:51:15 Service runtime-slhjyrdc ready in 4s
2023/09/08 05:51:19 Service runtime-luveyfay ready in 3s
2023/09/08 05:51:26 Service runtime-jmliqbxp ready in 5s
2023/09/08 05:51:30 Service runtime-aakzfszo ready in 4s
2023/09/08 05:51:34 Service runtime-rszcomlj ready in 3s
2023/09/08 05:51:40 Service runtime-xmqtknwx ready in 4s
2023/09/08 05:51:45 Service runtime-oipicsjv ready in 4s
2023/09/08 05:51:49 Service runtime-uzfyuchb ready in 3s
2023/09/08 05:51:55 Service runtime-ndusoope ready in 4s
2023/09/08 05:51:59 Service runtime-ctkffiyq ready in 3s
2023/09/08 05:52:05 Service runtime-evrqmrfx ready in 4s
2023/09/08 05:52:10 Service runtime-axvirost ready in 4s
2023/09/08 05:52:15 Service runtime-euxhgznc ready in 4s
2023/09/08 05:52:20 Service runtime-sxdrddyq ready in 4s
2023/09/08 05:52:25 Service runtime-laevzlim ready in 4s
2023/09/08 05:52:29 Service runtime-fmcchaii ready in 3s
2023/09/08 05:52:35 Service runtime-czziicmz ready in 4s
2023/09/08 05:52:40 Service runtime-qmeepgdj ready in 4s
2023/09/08 05:52:45 Service runtime-uikysgfg ready in 4s
2023/09/08 05:52:50 Service runtime-jcgfavpy ready in 4s
2023/09/08 05:52:55 Service runtime-zzggiwck ready in 4s
2023/09/08 05:52:59 Service runtime-kaghlbnf ready in 3s
2023/09/08 05:53:05 Service runtime-nxvtglek ready in 4s
2023/09/08 05:53:10 Service runtime-twmjsqhu ready in 4s
2023/09/08 05:53:14 Service runtime-fyyrkwsd ready in 3s
2023/09/08 05:53:20 Service runtime-fiahsxob ready in 4s
2023/09/08 05:53:25 Service runtime-zmaagdkv ready in 3s
2023/09/08 05:53:30 Service runtime-xuobxuth ready in 4s
2023/09/08 05:53:34 Service runtime-zaezvvqd ready in 3s
2023/09/08 05:53:40 Service runtime-nmlohjns ready in 4s
2023/09/08 05:53:45 Service runtime-wvulrrax ready in 4s
2023/09/08 05:53:50 Service runtime-jsozafzl ready in 4s
2023/09/08 05:53:54 Service runtime-lmzcowvc ready in 3s
2023/09/08 05:54:00 Service runtime-wmplgmze ready in 4s
2023/09/08 05:54:05 Service runtime-wdytoeev ready in 4s
2023/09/08 05:54:10 Service runtime-ctrmawwk ready in 4s
2023/09/08 05:54:15 Service runtime-mklhivff ready in 4s
2023/09/08 05:54:20 Service runtime-mpdrplin ready in 4s
2023/09/08 05:54:25 Service runtime-uslatirl ready in 4s
2023/09/08 05:54:30 Service runtime-ukvlybkd ready in 4s
2023/09/08 05:54:34 Service runtime-lnthaeeg ready in 3s
2023/09/08 05:54:39 Service runtime-mxubkkzk ready in 3s
2023/09/08 05:54:45 Service runtime-xtksohrk ready in 4s
2023/09/08 05:54:50 Service runtime-hqjufvsi ready in 4s
2023/09/08 05:54:55 Service runtime-udkciwxd ready in 4s
2023/09/08 05:55:00 Service runtime-aeshpvol ready in 4s
2023/09/08 05:55:05 Service runtime-ldmcwyby ready in 4s
2023/09/08 05:55:10 Service runtime-pckmsfmc ready in 4s
2023/09/08 05:55:15 Service runtime-qpurablk ready in 4s
2023/09/08 05:55:20 Service runtime-nxtbwhjg ready in 4s
2023/09/08 05:55:25 Service runtime-vneggywr ready in 4s
2023/09/08 05:55:30 Service runtime-mqonlmor ready in 4s
2023/09/08 05:55:34 Service runtime-uzrdrkta ready in 3s
2023/09/08 05:55:40 Service runtime-sbcmnsag ready in 4s
2023/09/08 05:55:44 Service runtime-advsjbqb ready in 3s
2023/09/08 05:55:50 Service runtime-brnttepg ready in 4s
2023/09/08 05:55:54 Service runtime-chzhdqab ready in 3s
2023/09/08 05:56:00 Service runtime-xnvnlhxx ready in 4s
2023/09/08 05:56:04 Service runtime-cferhiqq ready in 3s
2023/09/08 05:56:09 Service runtime-pzwwhoqn ready in 3s
2023/09/08 05:56:15 Service runtime-zqhuhbjv ready in 4s
2023/09/08 05:56:19 Service runtime-jwuvtirh ready in 3s
2023/09/08 05:56:24 Service runtime-faibmsjv ready in 3s
2023/09/08 05:56:30 Service runtime-nmeulpkw ready in 4s
2023/09/08 05:56:34 Service runtime-icdbrzao ready in 3s
2023/09/08 05:56:40 Service runtime-mdnhypmu ready in 4s
2023/09/08 05:56:45 Service runtime-uhjvckze ready in 4s
2023/09/08 05:56:49 Service runtime-xdbxccie ready in 3s
2023/09/08 05:56:54 Service runtime-bwevwwqm ready in 3s
2023/09/08 05:57:00 Service runtime-kyencqxb ready in 4s
2023/09/08 05:57:06 Service runtime-wghsfwfk ready in 5s
2023/09/08 05:57:10 Service runtime-sluvjksh ready in 4s
2023/09/08 05:57:15 Service runtime-dolilpiy ready in 4s
2023/09/08 05:57:19 Service runtime-irraefkm ready in 3s
2023/09/08 05:57:24 Service runtime-pnjtigrt ready in 3s
2023/09/08 05:57:29 Service runtime-ldfenewi ready in 3s
2023/09/08 05:57:35 Service runtime-twmowzen ready in 4s
2023/09/08 05:57:40 Service runtime-qhwmtrjd ready in 4s
2023/09/08 05:57:44 Service runtime-rnejukxk ready in 3s
2023/09/08 05:57:50 Service runtime-dhztyjqp ready in 4s
2023/09/08 05:57:54 Service runtime-pcqzlwlu ready in 3s
2023/09/08 05:57:59 Service runtime-uaqgminb ready in 3s
2023/09/08 05:58:04 Service runtime-lvkfoxdt ready in 3s
2023/09/08 05:58:10 Service runtime-iiacfllf ready in 4s
2023/09/08 05:58:14 Service runtime-zkdtnvas ready in 3s
2023/09/08 05:58:20 Service runtime-ctwwmdql ready in 4s
2023/09/08 05:58:25 Service runtime-jklkkpmr ready in 4s
2023/09/08 05:58:30 Service runtime-ybttghzv ready in 4s
2023/09/08 05:58:35 Service runtime-ghmwhlwn ready in 4s
2023/09/08 05:58:40 Service runtime-svqtksqk ready in 4s
2023/09/08 05:58:44 Service runtime-xikprxmd ready in 3s
2023/09/08 05:58:49 Service runtime-zuvxumwy ready in 3s
2023/09/08 05:58:57 Service runtime-npgegyfx ready in 6s
2023/09/08 05:59:00 Service runtime-upcbskya ready in 4s
2023/09/08 05:59:05 Service runtime-alobonoe ready in 4s
2023/09/08 05:59:11 Service runtime-ozsltjro ready in 5s
2023/09/08 05:59:14 Service runtime-mkgeyfjb ready in 3s
2023/09/08 05:59:19 Service runtime-uzgjrcjr ready in 3s
2023/09/08 05:59:21 Shutting down InfluxReporter
Requests      [total, rate, throughput]         1253, 1253.00, 179.00
Duration      [total, attack, wait]             13s, 0s, 13s
Latencies     [min, mean, 50, 90, 95, 99, max]  3s, 3.055s, 3s, 4s, 4s, 5s, 13s
Bytes In      [total, mean]                     0, 0.00
Bytes Out     [total, mean]                     0, 0.00
Success       [ratio]                           14.29%
Status Codes  [code:count]                      0:1074  200:179  
Error Set:
2023/09/08 05:59:21 SLA 1 passed. Amount of ready services is within the expected range. Is: 179.000000, expected: 174.000000-180.000000
2023/09/08 05:59:21 SLA 2 passed. P95 latency is in 0-25s time range
2023/09/08 05:59:21 Reconciliation delay run finished
