2023/09/08 06:00:25 Starting scale from zero test
2023/09/08 06:00:34 Created all the services in 9.04207143s
2023/09/08 06:00:34 00: waiting for deployment to scale to zero
2023/09/08 06:00:34 All pods are done (scaled to zero) or terminating after 6.191µs
2023/09/08 06:00:34 00: waiting for endpoint to serve request
2023/09/08 06:00:34 Spoofing perftest-scalefromzero-00-fiiiwozj.default.svc.cluster.local -> perftest-scalefromzero-00-fiiiwozj.default.svc.cluster.local
2023/09/08 06:00:34 Service is ready after: name: perftest-scalefromzero-00-fiiiwozj, deployment-updated: 0ms, service-ready-since-deployment: 8ms, service-ready-total: 8ms
2023/09/08 06:00:34 Shutting down VegetaReporter
Requests      [total, rate, throughput]         1, 1.00, 0.00
Duration      [total, attack, wait]             8.763ms, 0s, 8.763ms
Latencies     [min, mean, 50, 90, 95, 99, max]  8.763ms, 8.763ms, 8.763ms, 8.763ms, 8.763ms, 8.763ms, 8.763ms
Bytes In      [total, mean]                     0, 0.00
Bytes Out     [total, mean]                     0, 0.00
Success       [ratio]                           0.00%
Status Codes  [code:count]                      0:1  
Error Set:
2023/09/08 06:00:34 SLA 1 passed. P95 latency is in 0-15000000ms time range
2023/09/08 06:00:34 SLA 2 passed. Max latency is below or equal to 15000000ms
2023/09/08 06:00:34 Scale from zero test completed
2023/09/08 06:00:34 Shutting down InfluxReporter
