dataplane-probe-queue-fc5ss dataplane-probe {"level":"info","ts":1693560662.7072592,"logger":"fallback","caller":"injection/injection.go:63","msg":"Starting informers..."}
dataplane-probe-queue-hzfnz dataplane-probe {"level":"info","ts":1693560662.7192883,"logger":"fallback","caller":"injection/injection.go:63","msg":"Starting informers..."}
dataplane-probe-queue-9xj5s dataplane-probe {"level":"info","ts":1693560662.7811565,"logger":"fallback","caller":"injection/injection.go:63","msg":"Starting informers..."}
dataplane-probe-queue-fc5ss dataplane-probe 2023/09/01 09:31:03 Starting dataplane probe for target: queue
dataplane-probe-queue-hzfnz dataplane-probe 2023/09/01 09:31:03 Starting dataplane probe for target: queue
dataplane-probe-queue-9xj5s dataplane-probe 2023/09/01 09:31:03 Starting dataplane probe for target: queue
dataplane-probe-queue-xqh5g dataplane-probe {"level":"info","ts":1693560663.1000402,"logger":"fallback","caller":"injection/injection.go:63","msg":"Starting informers..."}
dataplane-probe-queue-xqh5g dataplane-probe 2023/09/01 09:31:03 Starting dataplane probe for target: queue
dataplane-probe-queue-gk5wm dataplane-probe {"level":"info","ts":1693560663.0356119,"logger":"fallback","caller":"injection/injection.go:63","msg":"Starting informers..."}
dataplane-probe-queue-gk5wm dataplane-probe 2023/09/01 09:31:03 Starting dataplane probe for target: queue
dataplane-probe-queue-wjvht dataplane-probe {"level":"info","ts":1693560663.3071058,"logger":"fallback","caller":"injection/injection.go:63","msg":"Starting informers..."}
dataplane-probe-queue-7klfh dataplane-probe {"level":"info","ts":1693560663.3675652,"logger":"fallback","caller":"injection/injection.go:63","msg":"Starting informers..."}
dataplane-probe-queue-m25s7 dataplane-probe {"level":"info","ts":1693560663.05894,"logger":"fallback","caller":"injection/injection.go:63","msg":"Starting informers..."}
dataplane-probe-queue-m25s7 dataplane-probe 2023/09/01 09:31:03 Starting dataplane probe for target: queue
dataplane-probe-queue-wjvht dataplane-probe 2023/09/01 09:31:03 Starting dataplane probe for target: queue
dataplane-probe-queue-dg9km dataplane-probe {"level":"info","ts":1693560662.7480543,"logger":"fallback","caller":"injection/injection.go:63","msg":"Starting informers..."}
dataplane-probe-queue-dg9km dataplane-probe 2023/09/01 09:31:03 Starting dataplane probe for target: queue
dataplane-probe-queue-7klfh dataplane-probe 2023/09/01 09:31:03 Starting dataplane probe for target: queue
dataplane-probe-queue-jqdrz dataplane-probe {"level":"info","ts":1693560663.4896853,"logger":"fallback","caller":"injection/injection.go:63","msg":"Starting informers..."}
dataplane-probe-queue-kqbvm dataplane-probe {"level":"info","ts":1693560662.749785,"logger":"fallback","caller":"injection/injection.go:63","msg":"Starting informers..."}
dataplane-probe-queue-kqbvm dataplane-probe 2023/09/01 09:31:03 Starting dataplane probe for target: queue
dataplane-probe-queue-8r7lz dataplane-probe {"level":"info","ts":1693560663.0815163,"logger":"fallback","caller":"injection/injection.go:63","msg":"Starting informers..."}
dataplane-probe-queue-8r7lz dataplane-probe 2023/09/01 09:31:03 Starting dataplane probe for target: queue
dataplane-probe-queue-w9p54 dataplane-probe {"level":"info","ts":1693560663.5509152,"logger":"fallback","caller":"injection/injection.go:63","msg":"Starting informers..."}
dataplane-probe-queue-jqdrz dataplane-probe 2023/09/01 09:31:03 Starting dataplane probe for target: queue
dataplane-probe-queue-kgfdv dataplane-probe {"level":"info","ts":1693560663.618963,"logger":"fallback","caller":"injection/injection.go:63","msg":"Starting informers..."}
dataplane-probe-queue-w9p54 dataplane-probe 2023/09/01 09:31:03 Starting dataplane probe for target: queue
dataplane-probe-queue-s7hqj dataplane-probe {"level":"info","ts":1693560663.7433298,"logger":"fallback","caller":"injection/injection.go:63","msg":"Starting informers..."}
dataplane-probe-queue-kgfdv dataplane-probe 2023/09/01 09:31:04 Starting dataplane probe for target: queue
dataplane-probe-queue-s7hqj dataplane-probe 2023/09/01 09:31:04 Starting dataplane probe for target: queue
dataplane-probe-queue-vlgzl dataplane-probe {"level":"info","ts":1693560663.3742194,"logger":"fallback","caller":"injection/injection.go:63","msg":"Starting informers..."}
dataplane-probe-queue-vlgzl dataplane-probe 2023/09/01 09:31:03 Starting dataplane probe for target: queue
dataplane-probe-queue-dvz5w dataplane-probe {"level":"info","ts":1693560663.4487886,"logger":"fallback","caller":"injection/injection.go:63","msg":"Starting informers..."}
dataplane-probe-queue-dvz5w dataplane-probe 2023/09/01 09:31:03 Starting dataplane probe for target: queue
dataplane-probe-queue-59r77 dataplane-probe {"level":"info","ts":1693560663.5501444,"logger":"fallback","caller":"injection/injection.go:63","msg":"Starting informers..."}
dataplane-probe-queue-59r77 dataplane-probe 2023/09/01 09:31:03 Starting dataplane probe for target: queue
dataplane-probe-queue-xrhh8 dataplane-probe {"level":"info","ts":1693560663.3341148,"logger":"fallback","caller":"injection/injection.go:63","msg":"Starting informers..."}
dataplane-probe-queue-xrhh8 dataplane-probe 2023/09/01 09:31:03 Starting dataplane probe for target: queue
dataplane-probe-queue-xqbqc dataplane-probe {"level":"info","ts":1693560663.1256824,"logger":"fallback","caller":"injection/injection.go:63","msg":"Starting informers..."}
dataplane-probe-queue-xqbqc dataplane-probe 2023/09/01 09:31:03 Starting dataplane probe for target: queue
dataplane-probe-queue-8hv4n dataplane-probe {"level":"info","ts":1693560663.1277115,"logger":"fallback","caller":"injection/injection.go:63","msg":"Starting informers..."}
dataplane-probe-queue-8hv4n dataplane-probe 2023/09/01 09:31:03 Starting dataplane probe for target: queue
dataplane-probe-queue-zq582 dataplane-probe {"level":"info","ts":1693560663.8787723,"logger":"fallback","caller":"injection/injection.go:63","msg":"Starting informers..."}
dataplane-probe-queue-zq582 dataplane-probe 2023/09/01 09:31:04 Starting dataplane probe for target: queue
dataplane-probe-queue-6h97b dataplane-probe {"level":"info","ts":1693560663.424329,"logger":"fallback","caller":"injection/injection.go:63","msg":"Starting informers..."}
dataplane-probe-queue-6h97b dataplane-probe 2023/09/01 09:31:03 Starting dataplane probe for target: queue
dataplane-probe-queue-2bcwc dataplane-probe {"level":"info","ts":1693560663.6274402,"logger":"fallback","caller":"injection/injection.go:63","msg":"Starting informers..."}
dataplane-probe-queue-2bcwc dataplane-probe 2023/09/01 09:31:04 Starting dataplane probe for target: queue
dataplane-probe-queue-md7dx dataplane-probe {"level":"info","ts":1693560663.5332863,"logger":"fallback","caller":"injection/injection.go:63","msg":"Starting informers..."}
dataplane-probe-queue-md7dx dataplane-probe 2023/09/01 09:31:03 Starting dataplane probe for target: queue
dataplane-probe-queue-mjv24 dataplane-probe {"level":"info","ts":1693560663.4832065,"logger":"fallback","caller":"injection/injection.go:63","msg":"Starting informers..."}
dataplane-probe-queue-mjv24 dataplane-probe 2023/09/01 09:31:03 Starting dataplane probe for target: queue
dataplane-probe-queue-24ngt dataplane-probe {"level":"info","ts":1693560663.6197941,"logger":"fallback","caller":"injection/injection.go:63","msg":"Starting informers..."}
dataplane-probe-queue-24ngt dataplane-probe 2023/09/01 09:31:03 Starting dataplane probe for target: queue
dataplane-probe-queue-xvtq4 dataplane-probe {"level":"info","ts":1693560664.637745,"logger":"fallback","caller":"injection/injection.go:63","msg":"Starting informers..."}
dataplane-probe-queue-xvtq4 dataplane-probe 2023/09/01 09:31:04 Starting dataplane probe for target: queue
dataplane-probe-queue-f5r28 dataplane-probe {"level":"info","ts":1693560664.5364566,"logger":"fallback","caller":"injection/injection.go:63","msg":"Starting informers..."}
dataplane-probe-queue-f5r28 dataplane-probe 2023/09/01 09:31:04 Starting dataplane probe for target: queue
dataplane-probe-queue-t9fbp dataplane-probe {"level":"info","ts":1693560664.0079489,"logger":"fallback","caller":"injection/injection.go:63","msg":"Starting informers..."}
dataplane-probe-queue-t9fbp dataplane-probe 2023/09/01 09:31:04 Starting dataplane probe for target: queue
dataplane-probe-queue-fc5ss dataplane-probe Requests      [total, rate, throughput]         180000, 1000.00, 999.43
dataplane-probe-queue-fc5ss dataplane-probe Duration      [total, attack, wait]             3m0s, 3m0s, 102.223ms
dataplane-probe-queue-fc5ss dataplane-probe Latencies     [min, mean, 50, 90, 95, 99, max]  100.589ms, 102.196ms, 101.702ms, 102.632ms, 103.946ms, 108.243ms, 743.14ms
dataplane-probe-queue-fc5ss dataplane-probe Bytes In      [total, mean]                     4299730, 23.89
dataplane-probe-queue-fc5ss dataplane-probe Bytes Out     [total, mean]                     0, 0.00
dataplane-probe-queue-fc5ss dataplane-probe Success       [ratio]                           100.00%
dataplane-probe-queue-fc5ss dataplane-probe Status Codes  [code:count]                      200:180000  
dataplane-probe-queue-fc5ss dataplane-probe Error Set:
dataplane-probe-queue-fc5ss dataplane-probe 2023/09/01 09:34:03 SLA 1 passed. P95 latency is in 100000000-110000000ms time range
dataplane-probe-queue-fc5ss dataplane-probe 2023/09/01 09:34:03 Dataplane probe test finished
dataplane-probe-queue-fc5ss dataplane-probe 2023/09/01 09:34:03 Shutting down InfluxReporter
dataplane-probe-queue-hzfnz dataplane-probe Requests      [total, rate, throughput]         180000, 1000.01, 999.44
dataplane-probe-queue-hzfnz dataplane-probe Duration      [total, attack, wait]             3m0s, 3m0s, 101.731ms
dataplane-probe-queue-hzfnz dataplane-probe Latencies     [min, mean, 50, 90, 95, 99, max]  100.576ms, 102.201ms, 101.633ms, 102.558ms, 103.9ms, 108.483ms, 749.971ms
dataplane-probe-queue-hzfnz dataplane-probe Bytes In      [total, mean]                     4300202, 23.89
dataplane-probe-queue-hzfnz dataplane-probe Bytes Out     [total, mean]                     0, 0.00
dataplane-probe-queue-hzfnz dataplane-probe Success       [ratio]                           100.00%
dataplane-probe-queue-hzfnz dataplane-probe Status Codes  [code:count]                      200:180000  
dataplane-probe-queue-hzfnz dataplane-probe Error Set:
dataplane-probe-queue-hzfnz dataplane-probe 2023/09/01 09:34:03 SLA 1 passed. P95 latency is in 100000000-110000000ms time range
dataplane-probe-queue-hzfnz dataplane-probe 2023/09/01 09:34:03 Dataplane probe test finished
dataplane-probe-queue-hzfnz dataplane-probe 2023/09/01 09:34:03 Shutting down InfluxReporter
dataplane-probe-queue-dg9km dataplane-probe Requests      [total, rate, throughput]         180000, 1000.00, 999.44
dataplane-probe-queue-kqbvm dataplane-probe Requests      [total, rate, throughput]         180000, 1000.00, 999.44
dataplane-probe-queue-dg9km dataplane-probe Duration      [total, attack, wait]             3m0s, 3m0s, 101.798ms
dataplane-probe-queue-kqbvm dataplane-probe Duration      [total, attack, wait]             3m0s, 3m0s, 101.01ms
dataplane-probe-queue-dg9km dataplane-probe Latencies     [min, mean, 50, 90, 95, 99, max]  100.572ms, 102.317ms, 101.759ms, 102.679ms, 104.06ms, 108.476ms, 749.986ms
dataplane-probe-queue-dg9km dataplane-probe Bytes In      [total, mean]                     4299996, 23.89
dataplane-probe-queue-kqbvm dataplane-probe Latencies     [min, mean, 50, 90, 95, 99, max]  100.507ms, 102.215ms, 101.663ms, 102.579ms, 103.935ms, 108.258ms, 739.855ms
dataplane-probe-queue-dg9km dataplane-probe Bytes Out     [total, mean]                     0, 0.00
dataplane-probe-queue-kqbvm dataplane-probe Bytes In      [total, mean]                     4299851, 23.89
dataplane-probe-queue-kqbvm dataplane-probe Bytes Out     [total, mean]                     0, 0.00
dataplane-probe-queue-kqbvm dataplane-probe Success       [ratio]                           100.00%
dataplane-probe-queue-kqbvm dataplane-probe Status Codes  [code:count]                      200:180000  
dataplane-probe-queue-kqbvm dataplane-probe Error Set:
dataplane-probe-queue-kqbvm dataplane-probe 2023/09/01 09:34:03 SLA 1 passed. P95 latency is in 100000000-110000000ms time range
dataplane-probe-queue-kqbvm dataplane-probe 2023/09/01 09:34:03 Dataplane probe test finished
dataplane-probe-queue-kqbvm dataplane-probe 2023/09/01 09:34:03 Shutting down InfluxReporter
dataplane-probe-queue-dg9km dataplane-probe Success       [ratio]                           100.00%
dataplane-probe-queue-dg9km dataplane-probe Status Codes  [code:count]                      200:180000  
dataplane-probe-queue-dg9km dataplane-probe Error Set:
dataplane-probe-queue-dg9km dataplane-probe 2023/09/01 09:34:03 SLA 1 passed. P95 latency is in 100000000-110000000ms time range
dataplane-probe-queue-dg9km dataplane-probe 2023/09/01 09:34:03 Dataplane probe test finished
dataplane-probe-queue-dg9km dataplane-probe 2023/09/01 09:34:03 Shutting down InfluxReporter
dataplane-probe-queue-9xj5s dataplane-probe Requests      [total, rate, throughput]         180000, 1000.02, 999.44
dataplane-probe-queue-9xj5s dataplane-probe Duration      [total, attack, wait]             3m0s, 3m0s, 103.509ms
dataplane-probe-queue-9xj5s dataplane-probe Latencies     [min, mean, 50, 90, 95, 99, max]  100.596ms, 102.199ms, 101.704ms, 102.597ms, 103.865ms, 108.204ms, 746.785ms
dataplane-probe-queue-9xj5s dataplane-probe Bytes In      [total, mean]                     4300053, 23.89
dataplane-probe-queue-9xj5s dataplane-probe Bytes Out     [total, mean]                     0, 0.00
dataplane-probe-queue-9xj5s dataplane-probe Success       [ratio]                           100.00%
dataplane-probe-queue-9xj5s dataplane-probe Status Codes  [code:count]                      200:180000  
dataplane-probe-queue-9xj5s dataplane-probe Error Set:
dataplane-probe-queue-9xj5s dataplane-probe 2023/09/01 09:34:03 SLA 1 passed. P95 latency is in 100000000-110000000ms time range
dataplane-probe-queue-9xj5s dataplane-probe 2023/09/01 09:34:03 Dataplane probe test finished
dataplane-probe-queue-9xj5s dataplane-probe 2023/09/01 09:34:03 Shutting down InfluxReporter
dataplane-probe-queue-gk5wm dataplane-probe Requests      [total, rate, throughput]         180000, 1000.00, 999.44
dataplane-probe-queue-gk5wm dataplane-probe Duration      [total, attack, wait]             3m0s, 3m0s, 101.516ms
dataplane-probe-queue-gk5wm dataplane-probe Latencies     [min, mean, 50, 90, 95, 99, max]  100.558ms, 102.287ms, 101.752ms, 102.665ms, 104.011ms, 108.38ms, 750.876ms
dataplane-probe-queue-gk5wm dataplane-probe Bytes In      [total, mean]                     4300057, 23.89
dataplane-probe-queue-gk5wm dataplane-probe Bytes Out     [total, mean]                     0, 0.00
dataplane-probe-queue-gk5wm dataplane-probe Success       [ratio]                           100.00%
dataplane-probe-queue-gk5wm dataplane-probe Status Codes  [code:count]                      200:180000  
dataplane-probe-queue-gk5wm dataplane-probe Error Set:
dataplane-probe-queue-gk5wm dataplane-probe 2023/09/01 09:34:03 SLA 1 passed. P95 latency is in 100000000-110000000ms time range
dataplane-probe-queue-gk5wm dataplane-probe 2023/09/01 09:34:03 Dataplane probe test finished
dataplane-probe-queue-gk5wm dataplane-probe 2023/09/01 09:34:03 Shutting down InfluxReporter
dataplane-probe-queue-m25s7 dataplane-probe Requests      [total, rate, throughput]         180000, 1000.00, 999.44
dataplane-probe-queue-m25s7 dataplane-probe Duration      [total, attack, wait]             3m0s, 3m0s, 101.465ms
dataplane-probe-queue-m25s7 dataplane-probe Latencies     [min, mean, 50, 90, 95, 99, max]  100.58ms, 102.331ms, 101.77ms, 102.717ms, 104.138ms, 108.567ms, 809.32ms
dataplane-probe-queue-m25s7 dataplane-probe Bytes In      [total, mean]                     4299728, 23.89
dataplane-probe-queue-m25s7 dataplane-probe Bytes Out     [total, mean]                     0, 0.00
dataplane-probe-queue-m25s7 dataplane-probe Success       [ratio]                           100.00%
dataplane-probe-queue-m25s7 dataplane-probe Status Codes  [code:count]                      200:180000  
dataplane-probe-queue-m25s7 dataplane-probe Error Set:
dataplane-probe-queue-m25s7 dataplane-probe 2023/09/01 09:34:03 SLA 1 passed. P95 latency is in 100000000-110000000ms time range
dataplane-probe-queue-m25s7 dataplane-probe 2023/09/01 09:34:03 Dataplane probe test finished
dataplane-probe-queue-m25s7 dataplane-probe 2023/09/01 09:34:03 Shutting down InfluxReporter
dataplane-probe-queue-8r7lz dataplane-probe Requests      [total, rate, throughput]         180000, 1000.00, 999.44
dataplane-probe-queue-8r7lz dataplane-probe Duration      [total, attack, wait]             3m0s, 3m0s, 101.771ms
dataplane-probe-queue-8r7lz dataplane-probe Latencies     [min, mean, 50, 90, 95, 99, max]  100.568ms, 102.312ms, 101.764ms, 102.662ms, 103.935ms, 108.354ms, 739.983ms
dataplane-probe-queue-8r7lz dataplane-probe Bytes In      [total, mean]                     4300045, 23.89
dataplane-probe-queue-8r7lz dataplane-probe Bytes Out     [total, mean]                     0, 0.00
dataplane-probe-queue-8r7lz dataplane-probe Success       [ratio]                           100.00%
dataplane-probe-queue-8r7lz dataplane-probe Status Codes  [code:count]                      200:180000  
dataplane-probe-queue-8r7lz dataplane-probe Error Set:
dataplane-probe-queue-8r7lz dataplane-probe 2023/09/01 09:34:03 SLA 1 passed. P95 latency is in 100000000-110000000ms time range
dataplane-probe-queue-8r7lz dataplane-probe 2023/09/01 09:34:03 Dataplane probe test finished
dataplane-probe-queue-8r7lz dataplane-probe 2023/09/01 09:34:03 Shutting down InfluxReporter
dataplane-probe-queue-xqh5g dataplane-probe Requests      [total, rate, throughput]         180000, 1000.00, 999.44
dataplane-probe-queue-xqh5g dataplane-probe Duration      [total, attack, wait]             3m0s, 3m0s, 101.601ms
dataplane-probe-queue-xqh5g dataplane-probe Latencies     [min, mean, 50, 90, 95, 99, max]  100.544ms, 102.312ms, 101.74ms, 102.618ms, 103.845ms, 108.425ms, 748.611ms
dataplane-probe-queue-xqh5g dataplane-probe Bytes In      [total, mean]                     4300132, 23.89
dataplane-probe-queue-xqh5g dataplane-probe Bytes Out     [total, mean]                     0, 0.00
dataplane-probe-queue-xqh5g dataplane-probe Success       [ratio]                           100.00%
dataplane-probe-queue-xqh5g dataplane-probe Status Codes  [code:count]                      200:180000  
dataplane-probe-queue-xqh5g dataplane-probe Error Set:
dataplane-probe-queue-xqh5g dataplane-probe 2023/09/01 09:34:03 SLA 1 passed. P95 latency is in 100000000-110000000ms time range
dataplane-probe-queue-xqh5g dataplane-probe 2023/09/01 09:34:03 Dataplane probe test finished
dataplane-probe-queue-xqh5g dataplane-probe 2023/09/01 09:34:03 Shutting down InfluxReporter
dataplane-probe-queue-8hv4n dataplane-probe Requests      [total, rate, throughput]         180000, 1000.01, 999.44
dataplane-probe-queue-8hv4n dataplane-probe Duration      [total, attack, wait]             3m0s, 3m0s, 102.194ms
dataplane-probe-queue-8hv4n dataplane-probe Latencies     [min, mean, 50, 90, 95, 99, max]  100.574ms, 102.22ms, 101.68ms, 102.593ms, 103.844ms, 108.336ms, 691.372ms
dataplane-probe-queue-8hv4n dataplane-probe Bytes In      [total, mean]                     4300042, 23.89
dataplane-probe-queue-8hv4n dataplane-probe Bytes Out     [total, mean]                     0, 0.00
dataplane-probe-queue-8hv4n dataplane-probe Success       [ratio]                           100.00%
dataplane-probe-queue-8hv4n dataplane-probe Status Codes  [code:count]                      200:180000  
dataplane-probe-queue-8hv4n dataplane-probe Error Set:
dataplane-probe-queue-8hv4n dataplane-probe 2023/09/01 09:34:03 SLA 1 passed. P95 latency is in 100000000-110000000ms time range
dataplane-probe-queue-8hv4n dataplane-probe 2023/09/01 09:34:03 Dataplane probe test finished
dataplane-probe-queue-8hv4n dataplane-probe 2023/09/01 09:34:03 Shutting down InfluxReporter
dataplane-probe-queue-xqbqc dataplane-probe Requests      [total, rate, throughput]         180000, 1000.00, 999.43
dataplane-probe-queue-xqbqc dataplane-probe Duration      [total, attack, wait]             3m0s, 3m0s, 102.113ms
dataplane-probe-queue-xqbqc dataplane-probe Latencies     [min, mean, 50, 90, 95, 99, max]  100.592ms, 102.266ms, 101.685ms, 102.608ms, 104.01ms, 108.497ms, 751.847ms
dataplane-probe-queue-xqbqc dataplane-probe Bytes In      [total, mean]                     4299713, 23.89
dataplane-probe-queue-xqbqc dataplane-probe Bytes Out     [total, mean]                     0, 0.00
dataplane-probe-queue-xqbqc dataplane-probe Success       [ratio]                           100.00%
dataplane-probe-queue-xqbqc dataplane-probe Status Codes  [code:count]                      200:180000  
dataplane-probe-queue-xqbqc dataplane-probe Error Set:
dataplane-probe-queue-xqbqc dataplane-probe 2023/09/01 09:34:03 SLA 1 passed. P95 latency is in 100000000-110000000ms time range
dataplane-probe-queue-xqbqc dataplane-probe 2023/09/01 09:34:03 Dataplane probe test finished
dataplane-probe-queue-xqbqc dataplane-probe 2023/09/01 09:34:03 Shutting down InfluxReporter
dataplane-probe-queue-wjvht dataplane-probe Requests      [total, rate, throughput]         180000, 1000.01, 999.44
dataplane-probe-queue-wjvht dataplane-probe Duration      [total, attack, wait]             3m0s, 3m0s, 101.239ms
dataplane-probe-queue-wjvht dataplane-probe Latencies     [min, mean, 50, 90, 95, 99, max]  100.6ms, 102.283ms, 101.731ms, 102.615ms, 103.94ms, 108.28ms, 741.847ms
dataplane-probe-queue-wjvht dataplane-probe Bytes In      [total, mean]                     4300209, 23.89
dataplane-probe-queue-wjvht dataplane-probe Bytes Out     [total, mean]                     0, 0.00
dataplane-probe-queue-wjvht dataplane-probe Success       [ratio]                           100.00%
dataplane-probe-queue-wjvht dataplane-probe Status Codes  [code:count]                      200:180000  
dataplane-probe-queue-wjvht dataplane-probe Error Set:
dataplane-probe-queue-wjvht dataplane-probe 2023/09/01 09:34:03 SLA 1 passed. P95 latency is in 100000000-110000000ms time range
dataplane-probe-queue-wjvht dataplane-probe 2023/09/01 09:34:03 Dataplane probe test finished
dataplane-probe-queue-wjvht dataplane-probe 2023/09/01 09:34:03 Shutting down InfluxReporter
dataplane-probe-queue-xrhh8 dataplane-probe Requests      [total, rate, throughput]         180000, 1000.00, 999.44
dataplane-probe-queue-xrhh8 dataplane-probe Duration      [total, attack, wait]             3m0s, 3m0s, 101.358ms
dataplane-probe-queue-xrhh8 dataplane-probe Latencies     [min, mean, 50, 90, 95, 99, max]  100.581ms, 102.263ms, 101.676ms, 102.574ms, 103.916ms, 108.397ms, 809.979ms
dataplane-probe-queue-xrhh8 dataplane-probe Bytes In      [total, mean]                     4299875, 23.89
dataplane-probe-queue-xrhh8 dataplane-probe Bytes Out     [total, mean]                     0, 0.00
dataplane-probe-queue-xrhh8 dataplane-probe Success       [ratio]                           100.00%
dataplane-probe-queue-xrhh8 dataplane-probe Status Codes  [code:count]                      200:180000  
dataplane-probe-queue-xrhh8 dataplane-probe Error Set:
dataplane-probe-queue-xrhh8 dataplane-probe 2023/09/01 09:34:03 SLA 1 passed. P95 latency is in 100000000-110000000ms time range
dataplane-probe-queue-xrhh8 dataplane-probe 2023/09/01 09:34:03 Dataplane probe test finished
dataplane-probe-queue-xrhh8 dataplane-probe 2023/09/01 09:34:03 Shutting down InfluxReporter
dataplane-probe-queue-7klfh dataplane-probe Requests      [total, rate, throughput]         180000, 1000.01, 999.42
dataplane-probe-queue-7klfh dataplane-probe Duration      [total, attack, wait]             3m0s, 3m0s, 105.099ms
dataplane-probe-queue-7klfh dataplane-probe Latencies     [min, mean, 50, 90, 95, 99, max]  100.508ms, 102.175ms, 101.636ms, 102.51ms, 103.725ms, 108.254ms, 742.055ms
dataplane-probe-queue-7klfh dataplane-probe Bytes In      [total, mean]                     4300004, 23.89
dataplane-probe-queue-7klfh dataplane-probe Bytes Out     [total, mean]                     0, 0.00
dataplane-probe-queue-7klfh dataplane-probe Success       [ratio]                           100.00%
dataplane-probe-queue-7klfh dataplane-probe Status Codes  [code:count]                      200:180000  
dataplane-probe-queue-7klfh dataplane-probe Error Set:
dataplane-probe-queue-7klfh dataplane-probe 2023/09/01 09:34:03 SLA 1 passed. P95 latency is in 100000000-110000000ms time range
dataplane-probe-queue-7klfh dataplane-probe 2023/09/01 09:34:03 Dataplane probe test finished
dataplane-probe-queue-7klfh dataplane-probe 2023/09/01 09:34:03 Shutting down InfluxReporter
dataplane-probe-queue-6h97b dataplane-probe Requests      [total, rate, throughput]         180000, 1000.00, 999.44
dataplane-probe-queue-6h97b dataplane-probe Duration      [total, attack, wait]             3m0s, 3m0s, 101.458ms
dataplane-probe-queue-6h97b dataplane-probe Latencies     [min, mean, 50, 90, 95, 99, max]  100.539ms, 102.273ms, 101.746ms, 102.619ms, 103.837ms, 108.541ms, 745.269ms
dataplane-probe-queue-6h97b dataplane-probe Bytes In      [total, mean]                     4300180, 23.89
dataplane-probe-queue-6h97b dataplane-probe Bytes Out     [total, mean]                     0, 0.00
dataplane-probe-queue-6h97b dataplane-probe Success       [ratio]                           100.00%
dataplane-probe-queue-6h97b dataplane-probe Status Codes  [code:count]                      200:180000  
dataplane-probe-queue-6h97b dataplane-probe Error Set:
dataplane-probe-queue-6h97b dataplane-probe 2023/09/01 09:34:03 SLA 1 passed. P95 latency is in 100000000-110000000ms time range
dataplane-probe-queue-6h97b dataplane-probe 2023/09/01 09:34:03 Dataplane probe test finished
dataplane-probe-queue-6h97b dataplane-probe 2023/09/01 09:34:03 Shutting down InfluxReporter
dataplane-probe-queue-vlgzl dataplane-probe Requests      [total, rate, throughput]         180000, 1000.01, 999.44
dataplane-probe-queue-vlgzl dataplane-probe Duration      [total, attack, wait]             3m0s, 3m0s, 102.146ms
dataplane-probe-queue-vlgzl dataplane-probe Latencies     [min, mean, 50, 90, 95, 99, max]  100.542ms, 102.334ms, 101.659ms, 102.729ms, 104.588ms, 110.097ms, 744.135ms
dataplane-probe-queue-vlgzl dataplane-probe Bytes In      [total, mean]                     4300199, 23.89
dataplane-probe-queue-vlgzl dataplane-probe Bytes Out     [total, mean]                     0, 0.00
dataplane-probe-queue-vlgzl dataplane-probe Success       [ratio]                           100.00%
dataplane-probe-queue-vlgzl dataplane-probe Status Codes  [code:count]                      200:180000  
dataplane-probe-queue-vlgzl dataplane-probe Error Set:
dataplane-probe-queue-vlgzl dataplane-probe 2023/09/01 09:34:03 SLA 1 passed. P95 latency is in 100000000-110000000ms time range
dataplane-probe-queue-vlgzl dataplane-probe 2023/09/01 09:34:03 Dataplane probe test finished
dataplane-probe-queue-vlgzl dataplane-probe 2023/09/01 09:34:03 Shutting down InfluxReporter
dataplane-probe-queue-mjv24 dataplane-probe Requests      [total, rate, throughput]         180000, 1000.00, 999.44
dataplane-probe-queue-mjv24 dataplane-probe Duration      [total, attack, wait]             3m0s, 3m0s, 101.602ms
dataplane-probe-queue-mjv24 dataplane-probe Latencies     [min, mean, 50, 90, 95, 99, max]  100.581ms, 102.449ms, 101.795ms, 102.753ms, 104.25ms, 108.88ms, 778.361ms
dataplane-probe-queue-mjv24 dataplane-probe Bytes In      [total, mean]                     4300189, 23.89
dataplane-probe-queue-mjv24 dataplane-probe Bytes Out     [total, mean]                     0, 0.00
dataplane-probe-queue-mjv24 dataplane-probe Success       [ratio]                           100.00%
dataplane-probe-queue-mjv24 dataplane-probe Status Codes  [code:count]                      200:180000  
dataplane-probe-queue-mjv24 dataplane-probe Error Set:
dataplane-probe-queue-mjv24 dataplane-probe 2023/09/01 09:34:03 SLA 1 passed. P95 latency is in 100000000-110000000ms time range
dataplane-probe-queue-mjv24 dataplane-probe 2023/09/01 09:34:03 Dataplane probe test finished
dataplane-probe-queue-mjv24 dataplane-probe 2023/09/01 09:34:03 Shutting down InfluxReporter
dataplane-probe-queue-jqdrz dataplane-probe Requests      [total, rate, throughput]         180000, 1000.00, 999.44
dataplane-probe-queue-jqdrz dataplane-probe Duration      [total, attack, wait]             3m0s, 3m0s, 102.276ms
dataplane-probe-queue-jqdrz dataplane-probe Latencies     [min, mean, 50, 90, 95, 99, max]  100.57ms, 102.242ms, 101.651ms, 102.572ms, 103.914ms, 108.471ms, 820.316ms
dataplane-probe-queue-jqdrz dataplane-probe Bytes In      [total, mean]                     4299873, 23.89
dataplane-probe-queue-jqdrz dataplane-probe Bytes Out     [total, mean]                     0, 0.00
dataplane-probe-queue-jqdrz dataplane-probe Success       [ratio]                           100.00%
dataplane-probe-queue-jqdrz dataplane-probe Status Codes  [code:count]                      200:180000  
dataplane-probe-queue-jqdrz dataplane-probe Error Set:
dataplane-probe-queue-jqdrz dataplane-probe 2023/09/01 09:34:04 SLA 1 passed. P95 latency is in 100000000-110000000ms time range
dataplane-probe-queue-jqdrz dataplane-probe 2023/09/01 09:34:04 Dataplane probe test finished
dataplane-probe-queue-jqdrz dataplane-probe 2023/09/01 09:34:04 Shutting down InfluxReporter
dataplane-probe-queue-md7dx dataplane-probe Requests      [total, rate, throughput]         180000, 1000.00, 999.44
dataplane-probe-queue-md7dx dataplane-probe Duration      [total, attack, wait]             3m0s, 3m0s, 101.963ms
dataplane-probe-queue-md7dx dataplane-probe Latencies     [min, mean, 50, 90, 95, 99, max]  100.559ms, 102.315ms, 101.747ms, 102.698ms, 104.04ms, 108.371ms, 746.418ms
dataplane-probe-queue-md7dx dataplane-probe Bytes In      [total, mean]                     4300052, 23.89
dataplane-probe-queue-md7dx dataplane-probe Bytes Out     [total, mean]                     0, 0.00
dataplane-probe-queue-md7dx dataplane-probe Success       [ratio]                           100.00%
dataplane-probe-queue-md7dx dataplane-probe Status Codes  [code:count]                      200:180000  
dataplane-probe-queue-md7dx dataplane-probe Error Set:
dataplane-probe-queue-md7dx dataplane-probe 2023/09/01 09:34:04 SLA 1 passed. P95 latency is in 100000000-110000000ms time range
dataplane-probe-queue-md7dx dataplane-probe 2023/09/01 09:34:04 Dataplane probe test finished
dataplane-probe-queue-md7dx dataplane-probe 2023/09/01 09:34:04 Shutting down InfluxReporter
dataplane-probe-queue-dvz5w dataplane-probe Requests      [total, rate, throughput]         180000, 1000.00, 999.43
dataplane-probe-queue-dvz5w dataplane-probe Duration      [total, attack, wait]             3m0s, 3m0s, 102.908ms
dataplane-probe-queue-dvz5w dataplane-probe Latencies     [min, mean, 50, 90, 95, 99, max]  100.61ms, 102.315ms, 101.723ms, 102.625ms, 103.976ms, 108.519ms, 747.989ms
dataplane-probe-queue-dvz5w dataplane-probe Bytes In      [total, mean]                     4299984, 23.89
dataplane-probe-queue-dvz5w dataplane-probe Bytes Out     [total, mean]                     0, 0.00
dataplane-probe-queue-dvz5w dataplane-probe Success       [ratio]                           100.00%
dataplane-probe-queue-dvz5w dataplane-probe Status Codes  [code:count]                      200:180000  
dataplane-probe-queue-dvz5w dataplane-probe Error Set:
dataplane-probe-queue-59r77 dataplane-probe Requests      [total, rate, throughput]         180000, 1000.01, 999.43
dataplane-probe-queue-59r77 dataplane-probe Duration      [total, attack, wait]             3m0s, 3m0s, 102.839ms
dataplane-probe-queue-59r77 dataplane-probe Latencies     [min, mean, 50, 90, 95, 99, max]  100.614ms, 102.21ms, 101.668ms, 102.586ms, 103.936ms, 108.371ms, 725.751ms
dataplane-probe-queue-59r77 dataplane-probe Bytes In      [total, mean]                     4300219, 23.89
dataplane-probe-queue-59r77 dataplane-probe Bytes Out     [total, mean]                     0, 0.00
dataplane-probe-queue-59r77 dataplane-probe Success       [ratio]                           100.00%
dataplane-probe-queue-59r77 dataplane-probe Status Codes  [code:count]                      200:180000  
dataplane-probe-queue-59r77 dataplane-probe Error Set:
dataplane-probe-queue-dvz5w dataplane-probe 2023/09/01 09:34:04 SLA 1 passed. P95 latency is in 100000000-110000000ms time range
dataplane-probe-queue-dvz5w dataplane-probe 2023/09/01 09:34:04 Dataplane probe test finished
dataplane-probe-queue-59r77 dataplane-probe 2023/09/01 09:34:04 SLA 1 passed. P95 latency is in 100000000-110000000ms time range
dataplane-probe-queue-dvz5w dataplane-probe 2023/09/01 09:34:04 Shutting down InfluxReporter
dataplane-probe-queue-59r77 dataplane-probe 2023/09/01 09:34:04 Dataplane probe test finished
dataplane-probe-queue-59r77 dataplane-probe 2023/09/01 09:34:04 Shutting down InfluxReporter
dataplane-probe-queue-w9p54 dataplane-probe Requests      [total, rate, throughput]         180000, 1000.00, 999.44
dataplane-probe-queue-w9p54 dataplane-probe Duration      [total, attack, wait]             3m0s, 3m0s, 101.514ms
dataplane-probe-queue-w9p54 dataplane-probe Latencies     [min, mean, 50, 90, 95, 99, max]  100.555ms, 102.283ms, 101.746ms, 102.638ms, 103.93ms, 108.359ms, 727.484ms
dataplane-probe-queue-w9p54 dataplane-probe Bytes In      [total, mean]                     4299862, 23.89
dataplane-probe-queue-w9p54 dataplane-probe Bytes Out     [total, mean]                     0, 0.00
dataplane-probe-queue-w9p54 dataplane-probe Success       [ratio]                           100.00%
dataplane-probe-queue-w9p54 dataplane-probe Status Codes  [code:count]                      200:180000  
dataplane-probe-queue-w9p54 dataplane-probe Error Set:
dataplane-probe-queue-w9p54 dataplane-probe 2023/09/01 09:34:04 SLA 1 passed. P95 latency is in 100000000-110000000ms time range
dataplane-probe-queue-w9p54 dataplane-probe 2023/09/01 09:34:04 Dataplane probe test finished
dataplane-probe-queue-w9p54 dataplane-probe 2023/09/01 09:34:04 Shutting down InfluxReporter
dataplane-probe-queue-24ngt dataplane-probe Requests      [total, rate, throughput]         180000, 1000.00, 999.44
dataplane-probe-queue-24ngt dataplane-probe Duration      [total, attack, wait]             3m0s, 3m0s, 102.28ms
dataplane-probe-queue-24ngt dataplane-probe Latencies     [min, mean, 50, 90, 95, 99, max]  100.492ms, 102.166ms, 101.631ms, 102.475ms, 103.614ms, 108.171ms, 756.729ms
dataplane-probe-queue-24ngt dataplane-probe Bytes In      [total, mean]                     4299819, 23.89
dataplane-probe-queue-24ngt dataplane-probe Bytes Out     [total, mean]                     0, 0.00
dataplane-probe-queue-24ngt dataplane-probe Success       [ratio]                           100.00%
dataplane-probe-queue-24ngt dataplane-probe Status Codes  [code:count]                      200:180000  
dataplane-probe-queue-24ngt dataplane-probe Error Set:
dataplane-probe-queue-24ngt dataplane-probe 2023/09/01 09:34:04 SLA 1 passed. P95 latency is in 100000000-110000000ms time range
dataplane-probe-queue-24ngt dataplane-probe 2023/09/01 09:34:04 Dataplane probe test finished
dataplane-probe-queue-24ngt dataplane-probe 2023/09/01 09:34:04 Shutting down InfluxReporter
dataplane-probe-queue-kgfdv dataplane-probe Requests      [total, rate, throughput]         180000, 1000.01, 999.44
dataplane-probe-queue-kgfdv dataplane-probe Duration      [total, attack, wait]             3m0s, 3m0s, 102.007ms
dataplane-probe-queue-kgfdv dataplane-probe Latencies     [min, mean, 50, 90, 95, 99, max]  100.563ms, 102.247ms, 101.725ms, 102.624ms, 103.873ms, 108.216ms, 741.099ms
dataplane-probe-queue-kgfdv dataplane-probe Bytes In      [total, mean]                     4300009, 23.89
dataplane-probe-queue-kgfdv dataplane-probe Bytes Out     [total, mean]                     0, 0.00
dataplane-probe-queue-kgfdv dataplane-probe Success       [ratio]                           100.00%
dataplane-probe-queue-kgfdv dataplane-probe Status Codes  [code:count]                      200:180000  
dataplane-probe-queue-kgfdv dataplane-probe Error Set:
dataplane-probe-queue-kgfdv dataplane-probe 2023/09/01 09:34:04 SLA 1 passed. P95 latency is in 100000000-110000000ms time range
dataplane-probe-queue-kgfdv dataplane-probe 2023/09/01 09:34:04 Dataplane probe test finished
dataplane-probe-queue-kgfdv dataplane-probe 2023/09/01 09:34:04 Shutting down InfluxReporter
dataplane-probe-queue-2bcwc dataplane-probe Requests      [total, rate, throughput]         180000, 1000.00, 999.44
dataplane-probe-queue-2bcwc dataplane-probe Duration      [total, attack, wait]             3m0s, 3m0s, 101.473ms
dataplane-probe-queue-2bcwc dataplane-probe Latencies     [min, mean, 50, 90, 95, 99, max]  100.55ms, 102.272ms, 101.755ms, 102.685ms, 104.022ms, 108.339ms, 728.282ms
dataplane-probe-queue-2bcwc dataplane-probe Bytes In      [total, mean]                     4299962, 23.89
dataplane-probe-queue-2bcwc dataplane-probe Bytes Out     [total, mean]                     0, 0.00
dataplane-probe-queue-2bcwc dataplane-probe Success       [ratio]                           100.00%
dataplane-probe-queue-2bcwc dataplane-probe Status Codes  [code:count]                      200:180000  
dataplane-probe-queue-2bcwc dataplane-probe Error Set:
dataplane-probe-queue-2bcwc dataplane-probe 2023/09/01 09:34:04 SLA 1 passed. P95 latency is in 100000000-110000000ms time range
dataplane-probe-queue-2bcwc dataplane-probe 2023/09/01 09:34:04 Dataplane probe test finished
dataplane-probe-queue-2bcwc dataplane-probe 2023/09/01 09:34:04 Shutting down InfluxReporter
dataplane-probe-queue-s7hqj dataplane-probe Requests      [total, rate, throughput]         180000, 1000.00, 999.44
dataplane-probe-queue-s7hqj dataplane-probe Duration      [total, attack, wait]             3m0s, 3m0s, 101.087ms
dataplane-probe-queue-s7hqj dataplane-probe Latencies     [min, mean, 50, 90, 95, 99, max]  100.536ms, 102.179ms, 101.635ms, 102.515ms, 103.638ms, 108.196ms, 755.801ms
dataplane-probe-queue-s7hqj dataplane-probe Bytes In      [total, mean]                     4300172, 23.89
dataplane-probe-queue-s7hqj dataplane-probe Bytes Out     [total, mean]                     0, 0.00
dataplane-probe-queue-s7hqj dataplane-probe Success       [ratio]                           100.00%
dataplane-probe-queue-s7hqj dataplane-probe Status Codes  [code:count]                      200:180000  
dataplane-probe-queue-s7hqj dataplane-probe Error Set:
dataplane-probe-queue-s7hqj dataplane-probe 2023/09/01 09:34:04 SLA 1 passed. P95 latency is in 100000000-110000000ms time range
dataplane-probe-queue-s7hqj dataplane-probe 2023/09/01 09:34:04 Dataplane probe test finished
dataplane-probe-queue-s7hqj dataplane-probe 2023/09/01 09:34:04 Shutting down InfluxReporter
dataplane-probe-queue-zq582 dataplane-probe Requests      [total, rate, throughput]         179997, 999.99, 999.42
dataplane-probe-queue-zq582 dataplane-probe Duration      [total, attack, wait]             3m0s, 3m0s, 102.303ms
dataplane-probe-queue-zq582 dataplane-probe Latencies     [min, mean, 50, 90, 95, 99, max]  100.522ms, 102.137ms, 101.655ms, 102.526ms, 103.574ms, 108.003ms, 771.659ms
dataplane-probe-queue-zq582 dataplane-probe Bytes In      [total, mean]                     4299552, 23.89
dataplane-probe-queue-zq582 dataplane-probe Bytes Out     [total, mean]                     0, 0.00
dataplane-probe-queue-zq582 dataplane-probe Success       [ratio]                           100.00%
dataplane-probe-queue-zq582 dataplane-probe Status Codes  [code:count]                      200:179997  
dataplane-probe-queue-zq582 dataplane-probe Error Set:
dataplane-probe-queue-zq582 dataplane-probe 2023/09/01 09:34:04 SLA 1 passed. P95 latency is in 100000000-110000000ms time range
dataplane-probe-queue-zq582 dataplane-probe 2023/09/01 09:34:04 Dataplane probe test finished
dataplane-probe-queue-zq582 dataplane-probe 2023/09/01 09:34:04 Shutting down InfluxReporter
dataplane-probe-queue-t9fbp dataplane-probe Requests      [total, rate, throughput]         180000, 1000.00, 999.43
dataplane-probe-queue-t9fbp dataplane-probe Duration      [total, attack, wait]             3m0s, 3m0s, 102.016ms
dataplane-probe-queue-t9fbp dataplane-probe Latencies     [min, mean, 50, 90, 95, 99, max]  100.559ms, 102.249ms, 101.653ms, 102.707ms, 104.486ms, 109.544ms, 742.409ms
dataplane-probe-queue-t9fbp dataplane-probe Bytes In      [total, mean]                     4300109, 23.89
dataplane-probe-queue-t9fbp dataplane-probe Bytes Out     [total, mean]                     0, 0.00
dataplane-probe-queue-t9fbp dataplane-probe Success       [ratio]                           100.00%
dataplane-probe-queue-t9fbp dataplane-probe Status Codes  [code:count]                      200:180000  
dataplane-probe-queue-t9fbp dataplane-probe Error Set:
dataplane-probe-queue-t9fbp dataplane-probe 2023/09/01 09:34:04 SLA 1 passed. P95 latency is in 100000000-110000000ms time range
dataplane-probe-queue-t9fbp dataplane-probe 2023/09/01 09:34:04 Dataplane probe test finished
dataplane-probe-queue-t9fbp dataplane-probe 2023/09/01 09:34:04 Shutting down InfluxReporter
dataplane-probe-queue-xvtq4 dataplane-probe Requests      [total, rate, throughput]         179755, 1000.00, 999.44
dataplane-probe-queue-xvtq4 dataplane-probe Duration      [total, attack, wait]             3m0s, 3m0s, 101.381ms
dataplane-probe-queue-xvtq4 dataplane-probe Latencies     [min, mean, 50, 90, 95, 99, max]  100.547ms, 102.281ms, 101.744ms, 102.665ms, 104.128ms, 109.003ms, 745.148ms
dataplane-probe-queue-xvtq4 dataplane-probe Bytes In      [total, mean]                     4294039, 23.89
dataplane-probe-queue-xvtq4 dataplane-probe Bytes Out     [total, mean]                     0, 0.00
dataplane-probe-queue-xvtq4 dataplane-probe Success       [ratio]                           100.00%
dataplane-probe-queue-xvtq4 dataplane-probe Status Codes  [code:count]                      200:179755  
dataplane-probe-queue-xvtq4 dataplane-probe Error Set:
dataplane-probe-queue-xvtq4 dataplane-probe 2023/09/01 09:34:04 SLA 1 passed. P95 latency is in 100000000-110000000ms time range
dataplane-probe-queue-xvtq4 dataplane-probe 2023/09/01 09:34:04 Dataplane probe test finished
dataplane-probe-queue-xvtq4 dataplane-probe 2023/09/01 09:34:04 Shutting down InfluxReporter
dataplane-probe-queue-f5r28 dataplane-probe Requests      [total, rate, throughput]         179880, 1000.01, 999.44
dataplane-probe-queue-f5r28 dataplane-probe Duration      [total, attack, wait]             3m0s, 3m0s, 102.284ms
dataplane-probe-queue-f5r28 dataplane-probe Latencies     [min, mean, 50, 90, 95, 99, max]  100.539ms, 102.332ms, 101.757ms, 102.673ms, 104.138ms, 109.116ms, 748.939ms
dataplane-probe-queue-f5r28 dataplane-probe Bytes In      [total, mean]                     4297285, 23.89
dataplane-probe-queue-f5r28 dataplane-probe Bytes Out     [total, mean]                     0, 0.00
dataplane-probe-queue-f5r28 dataplane-probe Success       [ratio]                           100.00%
dataplane-probe-queue-f5r28 dataplane-probe Status Codes  [code:count]                      200:179880  
dataplane-probe-queue-f5r28 dataplane-probe Error Set:
dataplane-probe-queue-f5r28 dataplane-probe 2023/09/01 09:34:04 SLA 1 passed. P95 latency is in 100000000-110000000ms time range
dataplane-probe-queue-f5r28 dataplane-probe 2023/09/01 09:34:04 Dataplane probe test finished
dataplane-probe-queue-f5r28 dataplane-probe 2023/09/01 09:34:04 Shutting down InfluxReporter
