dataplane-probe-activator-72274 dataplane-probe {"level":"info","ts":1693559838.0068376,"logger":"fallback","caller":"injection/injection.go:63","msg":"Starting informers..."}
dataplane-probe-activator-72274 dataplane-probe 2023/09/01 09:17:18 Starting dataplane probe for target: activator
dataplane-probe-activator-7bgbh dataplane-probe {"level":"info","ts":1693559837.5046585,"logger":"fallback","caller":"injection/injection.go:63","msg":"Starting informers..."}
dataplane-probe-activator-7bgbh dataplane-probe 2023/09/01 09:17:17 Starting dataplane probe for target: activator
dataplane-probe-activator-x48pt dataplane-probe {"level":"info","ts":1693559838.0492144,"logger":"fallback","caller":"injection/injection.go:63","msg":"Starting informers..."}
dataplane-probe-activator-x48pt dataplane-probe 2023/09/01 09:17:18 Starting dataplane probe for target: activator
dataplane-probe-activator-jc27b dataplane-probe {"level":"info","ts":1693559836.9850733,"logger":"fallback","caller":"injection/injection.go:63","msg":"Starting informers..."}
dataplane-probe-activator-jc27b dataplane-probe 2023/09/01 09:17:17 Starting dataplane probe for target: activator
dataplane-probe-activator-wpwnr dataplane-probe {"level":"info","ts":1693559837.7950149,"logger":"fallback","caller":"injection/injection.go:63","msg":"Starting informers..."}
dataplane-probe-activator-wpwnr dataplane-probe 2023/09/01 09:17:18 Starting dataplane probe for target: activator
dataplane-probe-activator-fnrtx dataplane-probe {"level":"info","ts":1693559837.513592,"logger":"fallback","caller":"injection/injection.go:63","msg":"Starting informers..."}
dataplane-probe-activator-fnrtx dataplane-probe 2023/09/01 09:17:17 Starting dataplane probe for target: activator
dataplane-probe-activator-wwh2p dataplane-probe {"level":"info","ts":1693559837.3897269,"logger":"fallback","caller":"injection/injection.go:63","msg":"Starting informers..."}
dataplane-probe-activator-wwh2p dataplane-probe 2023/09/01 09:17:17 Starting dataplane probe for target: activator
dataplane-probe-activator-z7phw dataplane-probe {"level":"info","ts":1693559837.149316,"logger":"fallback","caller":"injection/injection.go:63","msg":"Starting informers..."}
dataplane-probe-activator-z7phw dataplane-probe 2023/09/01 09:17:17 Starting dataplane probe for target: activator
dataplane-probe-activator-l9xjb dataplane-probe {"level":"info","ts":1693559837.4926996,"logger":"fallback","caller":"injection/injection.go:63","msg":"Starting informers..."}
dataplane-probe-activator-l9xjb dataplane-probe 2023/09/01 09:17:17 Starting dataplane probe for target: activator
dataplane-probe-activator-g8gfk dataplane-probe {"level":"info","ts":1693559838.1625612,"logger":"fallback","caller":"injection/injection.go:63","msg":"Starting informers..."}
dataplane-probe-activator-g8gfk dataplane-probe 2023/09/01 09:17:18 Starting dataplane probe for target: activator
dataplane-probe-activator-gxhsn dataplane-probe {"level":"info","ts":1693559837.2247808,"logger":"fallback","caller":"injection/injection.go:63","msg":"Starting informers..."}
dataplane-probe-activator-gxhsn dataplane-probe 2023/09/01 09:17:17 Starting dataplane probe for target: activator
dataplane-probe-activator-q8mnd dataplane-probe {"level":"info","ts":1693559838.3498442,"logger":"fallback","caller":"injection/injection.go:63","msg":"Starting informers..."}
dataplane-probe-activator-q8mnd dataplane-probe 2023/09/01 09:17:18 Starting dataplane probe for target: activator
dataplane-probe-activator-c5wvw dataplane-probe {"level":"info","ts":1693559837.4968116,"logger":"fallback","caller":"injection/injection.go:63","msg":"Starting informers..."}
dataplane-probe-activator-c5wvw dataplane-probe 2023/09/01 09:17:17 Starting dataplane probe for target: activator
dataplane-probe-activator-5299w dataplane-probe {"level":"info","ts":1693559837.555119,"logger":"fallback","caller":"injection/injection.go:63","msg":"Starting informers..."}
dataplane-probe-activator-5299w dataplane-probe 2023/09/01 09:17:17 Starting dataplane probe for target: activator
dataplane-probe-activator-kx6mp dataplane-probe {"level":"info","ts":1693559837.4776042,"logger":"fallback","caller":"injection/injection.go:63","msg":"Starting informers..."}
dataplane-probe-activator-kx6mp dataplane-probe 2023/09/01 09:17:17 Starting dataplane probe for target: activator
dataplane-probe-activator-n6gkd dataplane-probe {"level":"info","ts":1693559837.2541778,"logger":"fallback","caller":"injection/injection.go:63","msg":"Starting informers..."}
dataplane-probe-activator-n6gkd dataplane-probe 2023/09/01 09:17:17 Starting dataplane probe for target: activator
dataplane-probe-activator-r7n8d dataplane-probe {"level":"info","ts":1693559838.467793,"logger":"fallback","caller":"injection/injection.go:63","msg":"Starting informers..."}
dataplane-probe-activator-r7n8d dataplane-probe 2023/09/01 09:17:18 Starting dataplane probe for target: activator
dataplane-probe-activator-g6lpj dataplane-probe {"level":"info","ts":1693559838.048043,"logger":"fallback","caller":"injection/injection.go:63","msg":"Starting informers..."}
dataplane-probe-activator-g6lpj dataplane-probe 2023/09/01 09:17:18 Starting dataplane probe for target: activator
dataplane-probe-activator-2rrt7 dataplane-probe {"level":"info","ts":1693559836.9923656,"logger":"fallback","caller":"injection/injection.go:63","msg":"Starting informers..."}
dataplane-probe-activator-2rrt7 dataplane-probe 2023/09/01 09:17:17 Starting dataplane probe for target: activator
dataplane-probe-activator-d7t84 dataplane-probe {"level":"info","ts":1693559837.1223521,"logger":"fallback","caller":"injection/injection.go:63","msg":"Starting informers..."}
dataplane-probe-activator-d7t84 dataplane-probe 2023/09/01 09:17:17 Starting dataplane probe for target: activator
dataplane-probe-activator-mj2c7 dataplane-probe {"level":"info","ts":1693559837.828379,"logger":"fallback","caller":"injection/injection.go:63","msg":"Starting informers..."}
dataplane-probe-activator-mj2c7 dataplane-probe 2023/09/01 09:17:18 Starting dataplane probe for target: activator
dataplane-probe-activator-52hmj dataplane-probe {"level":"info","ts":1693559837.1183226,"logger":"fallback","caller":"injection/injection.go:63","msg":"Starting informers..."}
dataplane-probe-activator-52hmj dataplane-probe 2023/09/01 09:17:17 Starting dataplane probe for target: activator
dataplane-probe-activator-j7v8k dataplane-probe {"level":"info","ts":1693559837.5001,"logger":"fallback","caller":"injection/injection.go:63","msg":"Starting informers..."}
dataplane-probe-activator-j7v8k dataplane-probe 2023/09/01 09:17:17 Starting dataplane probe for target: activator
dataplane-probe-activator-x7kbc dataplane-probe {"level":"info","ts":1693559836.9035895,"logger":"fallback","caller":"injection/injection.go:63","msg":"Starting informers..."}
dataplane-probe-activator-x7kbc dataplane-probe 2023/09/01 09:17:17 Starting dataplane probe for target: activator
dataplane-probe-activator-rpwlj dataplane-probe {"level":"info","ts":1693559837.1863127,"logger":"fallback","caller":"injection/injection.go:63","msg":"Starting informers..."}
dataplane-probe-activator-rpwlj dataplane-probe 2023/09/01 09:17:17 Starting dataplane probe for target: activator
dataplane-probe-activator-gphtq dataplane-probe {"level":"info","ts":1693559836.9791176,"logger":"fallback","caller":"injection/injection.go:63","msg":"Starting informers..."}
dataplane-probe-activator-gphtq dataplane-probe 2023/09/01 09:17:17 Starting dataplane probe for target: activator
dataplane-probe-activator-ccxxj dataplane-probe {"level":"info","ts":1693559837.2896025,"logger":"fallback","caller":"injection/injection.go:63","msg":"Starting informers..."}
dataplane-probe-activator-ccxxj dataplane-probe 2023/09/01 09:17:17 Starting dataplane probe for target: activator
dataplane-probe-activator-qlbxz dataplane-probe {"level":"info","ts":1693559836.9824612,"logger":"fallback","caller":"injection/injection.go:63","msg":"Starting informers..."}
dataplane-probe-activator-qlbxz dataplane-probe 2023/09/01 09:17:17 Starting dataplane probe for target: activator
dataplane-probe-activator-4qdhn dataplane-probe {"level":"info","ts":1693559837.926667,"logger":"fallback","caller":"injection/injection.go:63","msg":"Starting informers..."}
dataplane-probe-activator-4qdhn dataplane-probe 2023/09/01 09:17:18 Starting dataplane probe for target: activator
dataplane-probe-activator-sphtz dataplane-probe {"level":"info","ts":1693559837.9131331,"logger":"fallback","caller":"injection/injection.go:63","msg":"Starting informers..."}
dataplane-probe-activator-sphtz dataplane-probe 2023/09/01 09:17:18 Starting dataplane probe for target: activator
dataplane-probe-activator-x7kbc dataplane-probe Requests      [total, rate, throughput]         180000, 1000.00, 999.41
dataplane-probe-activator-x7kbc dataplane-probe Duration      [total, attack, wait]             3m0s, 3m0s, 107.498ms
dataplane-probe-activator-x7kbc dataplane-probe Latencies     [min, mean, 50, 90, 95, 99, max]  100.831ms, 104.126ms, 103.154ms, 105.875ms, 108.092ms, 115.858ms, 926.733ms
dataplane-probe-activator-x7kbc dataplane-probe Bytes In      [total, mean]                     4299926, 23.89
dataplane-probe-activator-x7kbc dataplane-probe Bytes Out     [total, mean]                     0, 0.00
dataplane-probe-activator-x7kbc dataplane-probe Success       [ratio]                           100.00%
dataplane-probe-activator-x7kbc dataplane-probe Status Codes  [code:count]                      200:180000  
dataplane-probe-activator-x7kbc dataplane-probe Error Set:
dataplane-probe-activator-x7kbc dataplane-probe 2023/09/01 09:20:17 SLA 1 passed. P95 latency is in 100000000-110000000ms time range
dataplane-probe-activator-x7kbc dataplane-probe 2023/09/01 09:20:17 Dataplane probe test finished
dataplane-probe-activator-x7kbc dataplane-probe 2023/09/01 09:20:17 Shutting down InfluxReporter
dataplane-probe-activator-qlbxz dataplane-probe Requests      [total, rate, throughput]         180000, 1000.00, 999.43
dataplane-probe-activator-qlbxz dataplane-probe Duration      [total, attack, wait]             3m0s, 3m0s, 102.877ms
dataplane-probe-activator-qlbxz dataplane-probe Latencies     [min, mean, 50, 90, 95, 99, max]  100.945ms, 104.337ms, 103.216ms, 106.113ms, 108.485ms, 117.01ms, 938.186ms
dataplane-probe-activator-qlbxz dataplane-probe Bytes In      [total, mean]                     4300380, 23.89
dataplane-probe-activator-qlbxz dataplane-probe Bytes Out     [total, mean]                     0, 0.00
dataplane-probe-activator-qlbxz dataplane-probe Success       [ratio]                           100.00%
dataplane-probe-activator-qlbxz dataplane-probe Status Codes  [code:count]                      200:180000  
dataplane-probe-activator-qlbxz dataplane-probe Error Set:
dataplane-probe-activator-qlbxz dataplane-probe 2023/09/01 09:20:17 SLA 1 passed. P95 latency is in 100000000-110000000ms time range
dataplane-probe-activator-qlbxz dataplane-probe 2023/09/01 09:20:17 Dataplane probe test finished
dataplane-probe-activator-qlbxz dataplane-probe 2023/09/01 09:20:17 Shutting down InfluxReporter
dataplane-probe-activator-jc27b dataplane-probe Requests      [total, rate, throughput]         180000, 1000.00, 999.41
dataplane-probe-activator-jc27b dataplane-probe Duration      [total, attack, wait]             3m0s, 3m0s, 105.962ms
dataplane-probe-activator-jc27b dataplane-probe Latencies     [min, mean, 50, 90, 95, 99, max]  100.998ms, 104.258ms, 103.147ms, 105.976ms, 108.304ms, 116.951ms, 930.41ms
dataplane-probe-activator-jc27b dataplane-probe Bytes In      [total, mean]                     4299983, 23.89
dataplane-probe-activator-jc27b dataplane-probe Bytes Out     [total, mean]                     0, 0.00
dataplane-probe-activator-jc27b dataplane-probe Success       [ratio]                           100.00%
dataplane-probe-activator-gphtq dataplane-probe Requests      [total, rate, throughput]         180000, 1000.00, 999.39
dataplane-probe-activator-gphtq dataplane-probe Duration      [total, attack, wait]             3m0s, 3m0s, 109.442ms
dataplane-probe-activator-gphtq dataplane-probe Latencies     [min, mean, 50, 90, 95, 99, max]  100.912ms, 104.472ms, 103.257ms, 106.646ms, 109.25ms, 118.343ms, 934.115ms
dataplane-probe-activator-jc27b dataplane-probe Status Codes  [code:count]                      200:180000  
dataplane-probe-activator-jc27b dataplane-probe Error Set:
dataplane-probe-activator-jc27b dataplane-probe 2023/09/01 09:20:17 SLA 1 passed. P95 latency is in 100000000-110000000ms time range
dataplane-probe-activator-jc27b dataplane-probe 2023/09/01 09:20:17 Dataplane probe test finished
dataplane-probe-activator-2rrt7 dataplane-probe Requests      [total, rate, throughput]         180000, 1000.00, 999.43
dataplane-probe-activator-2rrt7 dataplane-probe Duration      [total, attack, wait]             3m0s, 3m0s, 103.016ms
dataplane-probe-activator-2rrt7 dataplane-probe Latencies     [min, mean, 50, 90, 95, 99, max]  100.913ms, 104.308ms, 103.238ms, 106.125ms, 108.59ms, 117.097ms, 933.203ms
dataplane-probe-activator-2rrt7 dataplane-probe Bytes In      [total, mean]                     4300239, 23.89
dataplane-probe-activator-gphtq dataplane-probe Bytes In      [total, mean]                     4300137, 23.89
dataplane-probe-activator-2rrt7 dataplane-probe Bytes Out     [total, mean]                     0, 0.00
dataplane-probe-activator-gphtq dataplane-probe Bytes Out     [total, mean]                     0, 0.00
dataplane-probe-activator-2rrt7 dataplane-probe Success       [ratio]                           100.00%
dataplane-probe-activator-gphtq dataplane-probe Success       [ratio]                           100.00%
dataplane-probe-activator-gphtq dataplane-probe Status Codes  [code:count]                      200:180000  
dataplane-probe-activator-jc27b dataplane-probe 2023/09/01 09:20:17 Shutting down InfluxReporter
dataplane-probe-activator-gphtq dataplane-probe Error Set:
dataplane-probe-activator-gphtq dataplane-probe 2023/09/01 09:20:17 SLA 1 passed. P95 latency is in 100000000-110000000ms time range
dataplane-probe-activator-gphtq dataplane-probe 2023/09/01 09:20:17 Dataplane probe test finished
dataplane-probe-activator-gphtq dataplane-probe 2023/09/01 09:20:17 Shutting down InfluxReporter
dataplane-probe-activator-2rrt7 dataplane-probe Status Codes  [code:count]                      200:180000  
dataplane-probe-activator-2rrt7 dataplane-probe Error Set:
dataplane-probe-activator-2rrt7 dataplane-probe 2023/09/01 09:20:17 SLA 1 passed. P95 latency is in 100000000-110000000ms time range
dataplane-probe-activator-2rrt7 dataplane-probe 2023/09/01 09:20:17 Dataplane probe test finished
dataplane-probe-activator-2rrt7 dataplane-probe 2023/09/01 09:20:17 Shutting down InfluxReporter
dataplane-probe-activator-d7t84 dataplane-probe Requests      [total, rate, throughput]         180000, 1000.00, 999.43
dataplane-probe-activator-d7t84 dataplane-probe Duration      [total, attack, wait]             3m0s, 3m0s, 102.692ms
dataplane-probe-activator-d7t84 dataplane-probe Latencies     [min, mean, 50, 90, 95, 99, max]  100.974ms, 104.275ms, 103.164ms, 106.043ms, 108.385ms, 117.082ms, 921.617ms
dataplane-probe-activator-d7t84 dataplane-probe Bytes In      [total, mean]                     4300063, 23.89
dataplane-probe-activator-d7t84 dataplane-probe Bytes Out     [total, mean]                     0, 0.00
dataplane-probe-activator-d7t84 dataplane-probe Success       [ratio]                           100.00%
dataplane-probe-activator-d7t84 dataplane-probe Status Codes  [code:count]                      200:180000  
dataplane-probe-activator-d7t84 dataplane-probe Error Set:
dataplane-probe-activator-d7t84 dataplane-probe 2023/09/01 09:20:17 SLA 1 passed. P95 latency is in 100000000-110000000ms time range
dataplane-probe-activator-d7t84 dataplane-probe 2023/09/01 09:20:17 Dataplane probe test finished
dataplane-probe-activator-d7t84 dataplane-probe 2023/09/01 09:20:17 Shutting down InfluxReporter
dataplane-probe-activator-52hmj dataplane-probe Requests      [total, rate, throughput]         180000, 1000.01, 999.43
dataplane-probe-activator-52hmj dataplane-probe Duration      [total, attack, wait]             3m0s, 3m0s, 103.319ms
dataplane-probe-activator-52hmj dataplane-probe Latencies     [min, mean, 50, 90, 95, 99, max]  100.951ms, 104.168ms, 103.217ms, 105.937ms, 108.104ms, 115.866ms, 883.832ms
dataplane-probe-activator-52hmj dataplane-probe Bytes In      [total, mean]                     4299902, 23.89
dataplane-probe-activator-52hmj dataplane-probe Bytes Out     [total, mean]                     0, 0.00
dataplane-probe-activator-52hmj dataplane-probe Success       [ratio]                           100.00%
dataplane-probe-activator-52hmj dataplane-probe Status Codes  [code:count]                      200:180000  
dataplane-probe-activator-52hmj dataplane-probe Error Set:
dataplane-probe-activator-52hmj dataplane-probe 2023/09/01 09:20:17 SLA 1 passed. P95 latency is in 100000000-110000000ms time range
dataplane-probe-activator-52hmj dataplane-probe 2023/09/01 09:20:17 Dataplane probe test finished
dataplane-probe-activator-52hmj dataplane-probe 2023/09/01 09:20:17 Shutting down InfluxReporter
dataplane-probe-activator-z7phw dataplane-probe Requests      [total, rate, throughput]         180000, 1000.00, 999.43
dataplane-probe-activator-z7phw dataplane-probe Duration      [total, attack, wait]             3m0s, 3m0s, 102.644ms
dataplane-probe-activator-z7phw dataplane-probe Latencies     [min, mean, 50, 90, 95, 99, max]  100.928ms, 104.351ms, 103.232ms, 106.215ms, 108.707ms, 117.404ms, 943.905ms
dataplane-probe-activator-z7phw dataplane-probe Bytes In      [total, mean]                     4300007, 23.89
dataplane-probe-activator-z7phw dataplane-probe Bytes Out     [total, mean]                     0, 0.00
dataplane-probe-activator-z7phw dataplane-probe Success       [ratio]                           100.00%
dataplane-probe-activator-z7phw dataplane-probe Status Codes  [code:count]                      200:180000  
dataplane-probe-activator-z7phw dataplane-probe Error Set:
dataplane-probe-activator-z7phw dataplane-probe 2023/09/01 09:20:17 SLA 1 passed. P95 latency is in 100000000-110000000ms time range
dataplane-probe-activator-z7phw dataplane-probe 2023/09/01 09:20:17 Dataplane probe test finished
dataplane-probe-activator-z7phw dataplane-probe 2023/09/01 09:20:17 Shutting down InfluxReporter
dataplane-probe-activator-rpwlj dataplane-probe Requests      [total, rate, throughput]         180000, 1000.00, 999.44
dataplane-probe-activator-rpwlj dataplane-probe Duration      [total, attack, wait]             3m0s, 3m0s, 101.99ms
dataplane-probe-activator-rpwlj dataplane-probe Latencies     [min, mean, 50, 90, 95, 99, max]  100.936ms, 104.38ms, 103.283ms, 106.148ms, 108.484ms, 117.212ms, 877.682ms
dataplane-probe-activator-rpwlj dataplane-probe Bytes In      [total, mean]                     4299995, 23.89
dataplane-probe-activator-rpwlj dataplane-probe Bytes Out     [total, mean]                     0, 0.00
dataplane-probe-activator-rpwlj dataplane-probe Success       [ratio]                           100.00%
dataplane-probe-activator-rpwlj dataplane-probe Status Codes  [code:count]                      200:180000  
dataplane-probe-activator-rpwlj dataplane-probe Error Set:
dataplane-probe-activator-rpwlj dataplane-probe 2023/09/01 09:20:17 SLA 1 passed. P95 latency is in 100000000-110000000ms time range
dataplane-probe-activator-rpwlj dataplane-probe 2023/09/01 09:20:17 Dataplane probe test finished
dataplane-probe-activator-rpwlj dataplane-probe 2023/09/01 09:20:17 Shutting down InfluxReporter
dataplane-probe-activator-gxhsn dataplane-probe Requests      [total, rate, throughput]         180000, 1000.00, 999.43
dataplane-probe-activator-gxhsn dataplane-probe Duration      [total, attack, wait]             3m0s, 3m0s, 103.007ms
dataplane-probe-activator-gxhsn dataplane-probe Latencies     [min, mean, 50, 90, 95, 99, max]  101.019ms, 104.382ms, 103.194ms, 106.056ms, 108.343ms, 116.906ms, 953.241ms
dataplane-probe-activator-gxhsn dataplane-probe Bytes In      [total, mean]                     4300062, 23.89
dataplane-probe-activator-gxhsn dataplane-probe Bytes Out     [total, mean]                     0, 0.00
dataplane-probe-activator-gxhsn dataplane-probe Success       [ratio]                           100.00%
dataplane-probe-activator-gxhsn dataplane-probe Status Codes  [code:count]                      200:180000  
dataplane-probe-activator-gxhsn dataplane-probe Error Set:
dataplane-probe-activator-gxhsn dataplane-probe 2023/09/01 09:20:17 SLA 1 passed. P95 latency is in 100000000-110000000ms time range
dataplane-probe-activator-gxhsn dataplane-probe 2023/09/01 09:20:17 Dataplane probe test finished
dataplane-probe-activator-gxhsn dataplane-probe 2023/09/01 09:20:17 Shutting down InfluxReporter
dataplane-probe-activator-n6gkd dataplane-probe Requests      [total, rate, throughput]         180000, 1000.00, 999.43
dataplane-probe-activator-n6gkd dataplane-probe Duration      [total, attack, wait]             3m0s, 3m0s, 103.121ms
dataplane-probe-activator-n6gkd dataplane-probe Latencies     [min, mean, 50, 90, 95, 99, max]  100.945ms, 104.221ms, 103.188ms, 106.021ms, 108.333ms, 116.618ms, 905.344ms
dataplane-probe-activator-n6gkd dataplane-probe Bytes In      [total, mean]                     4299943, 23.89
dataplane-probe-activator-n6gkd dataplane-probe Bytes Out     [total, mean]                     0, 0.00
dataplane-probe-activator-n6gkd dataplane-probe Success       [ratio]                           100.00%
dataplane-probe-activator-n6gkd dataplane-probe Status Codes  [code:count]                      200:180000  
dataplane-probe-activator-n6gkd dataplane-probe Error Set:
dataplane-probe-activator-n6gkd dataplane-probe 2023/09/01 09:20:17 SLA 1 passed. P95 latency is in 100000000-110000000ms time range
dataplane-probe-activator-n6gkd dataplane-probe 2023/09/01 09:20:17 Dataplane probe test finished
dataplane-probe-activator-n6gkd dataplane-probe 2023/09/01 09:20:17 Shutting down InfluxReporter
dataplane-probe-activator-ccxxj dataplane-probe Requests      [total, rate, throughput]         180000, 1000.01, 999.42
dataplane-probe-activator-ccxxj dataplane-probe Duration      [total, attack, wait]             3m0s, 3m0s, 105.57ms
dataplane-probe-activator-ccxxj dataplane-probe Latencies     [min, mean, 50, 90, 95, 99, max]  100.927ms, 104.506ms, 103.317ms, 106.325ms, 108.702ms, 117.467ms, 914.895ms
dataplane-probe-activator-ccxxj dataplane-probe Bytes In      [total, mean]                     4300027, 23.89
dataplane-probe-activator-ccxxj dataplane-probe Bytes Out     [total, mean]                     0, 0.00
dataplane-probe-activator-ccxxj dataplane-probe Success       [ratio]                           100.00%
dataplane-probe-activator-ccxxj dataplane-probe Status Codes  [code:count]                      200:180000  
dataplane-probe-activator-ccxxj dataplane-probe Error Set:
dataplane-probe-activator-ccxxj dataplane-probe 2023/09/01 09:20:17 SLA 1 passed. P95 latency is in 100000000-110000000ms time range
dataplane-probe-activator-ccxxj dataplane-probe 2023/09/01 09:20:17 Dataplane probe test finished
dataplane-probe-activator-ccxxj dataplane-probe 2023/09/01 09:20:17 Shutting down InfluxReporter
dataplane-probe-activator-wwh2p dataplane-probe Requests      [total, rate, throughput]         180000, 1000.00, 999.42
dataplane-probe-activator-wwh2p dataplane-probe Duration      [total, attack, wait]             3m0s, 3m0s, 104.576ms
dataplane-probe-activator-wwh2p dataplane-probe Latencies     [min, mean, 50, 90, 95, 99, max]  101.013ms, 104.368ms, 103.3ms, 106.187ms, 108.506ms, 116.888ms, 927.794ms
dataplane-probe-activator-wwh2p dataplane-probe Bytes In      [total, mean]                     4299838, 23.89
dataplane-probe-activator-wwh2p dataplane-probe Bytes Out     [total, mean]                     0, 0.00
dataplane-probe-activator-wwh2p dataplane-probe Success       [ratio]                           100.00%
dataplane-probe-activator-wwh2p dataplane-probe Status Codes  [code:count]                      200:180000  
dataplane-probe-activator-wwh2p dataplane-probe Error Set:
dataplane-probe-activator-wwh2p dataplane-probe 2023/09/01 09:20:17 SLA 1 passed. P95 latency is in 100000000-110000000ms time range
dataplane-probe-activator-wwh2p dataplane-probe 2023/09/01 09:20:17 Dataplane probe test finished
dataplane-probe-activator-wwh2p dataplane-probe 2023/09/01 09:20:17 Shutting down InfluxReporter
dataplane-probe-activator-kx6mp dataplane-probe Requests      [total, rate, throughput]         180000, 1000.00, 999.43
dataplane-probe-activator-kx6mp dataplane-probe Duration      [total, attack, wait]             3m0s, 3m0s, 102.641ms
dataplane-probe-activator-kx6mp dataplane-probe Latencies     [min, mean, 50, 90, 95, 99, max]  100.944ms, 104.231ms, 103.165ms, 105.906ms, 108.166ms, 116.568ms, 937.17ms
dataplane-probe-activator-kx6mp dataplane-probe Bytes In      [total, mean]                     4299855, 23.89
dataplane-probe-activator-kx6mp dataplane-probe Bytes Out     [total, mean]                     0, 0.00
dataplane-probe-activator-kx6mp dataplane-probe Success       [ratio]                           100.00%
dataplane-probe-activator-kx6mp dataplane-probe Status Codes  [code:count]                      200:180000  
dataplane-probe-activator-kx6mp dataplane-probe Error Set:
dataplane-probe-activator-kx6mp dataplane-probe 2023/09/01 09:20:17 SLA 1 passed. P95 latency is in 100000000-110000000ms time range
dataplane-probe-activator-kx6mp dataplane-probe 2023/09/01 09:20:17 Dataplane probe test finished
dataplane-probe-activator-kx6mp dataplane-probe 2023/09/01 09:20:17 Shutting down InfluxReporter
dataplane-probe-activator-c5wvw dataplane-probe Requests      [total, rate, throughput]         180000, 1000.00, 999.43
dataplane-probe-activator-c5wvw dataplane-probe Duration      [total, attack, wait]             3m0s, 3m0s, 102.48ms
dataplane-probe-activator-c5wvw dataplane-probe Latencies     [min, mean, 50, 90, 95, 99, max]  100.895ms, 104.164ms, 103.108ms, 105.781ms, 107.932ms, 116.016ms, 931.208ms
dataplane-probe-activator-c5wvw dataplane-probe Bytes In      [total, mean]                     4300096, 23.89
dataplane-probe-activator-c5wvw dataplane-probe Bytes Out     [total, mean]                     0, 0.00
dataplane-probe-activator-c5wvw dataplane-probe Success       [ratio]                           100.00%
dataplane-probe-activator-c5wvw dataplane-probe Status Codes  [code:count]                      200:180000  
dataplane-probe-activator-c5wvw dataplane-probe Error Set:
dataplane-probe-activator-c5wvw dataplane-probe 2023/09/01 09:20:18 SLA 1 passed. P95 latency is in 100000000-110000000ms time range
dataplane-probe-activator-c5wvw dataplane-probe 2023/09/01 09:20:18 Dataplane probe test finished
dataplane-probe-activator-c5wvw dataplane-probe 2023/09/01 09:20:18 Shutting down InfluxReporter
dataplane-probe-activator-j7v8k dataplane-probe Requests      [total, rate, throughput]         180000, 1000.00, 999.44
dataplane-probe-activator-j7v8k dataplane-probe Duration      [total, attack, wait]             3m0s, 3m0s, 102.374ms
dataplane-probe-activator-j7v8k dataplane-probe Latencies     [min, mean, 50, 90, 95, 99, max]  100.954ms, 104.022ms, 103.065ms, 105.718ms, 107.912ms, 115.941ms, 942.406ms
dataplane-probe-activator-j7v8k dataplane-probe Bytes In      [total, mean]                     4299927, 23.89
dataplane-probe-activator-j7v8k dataplane-probe Bytes Out     [total, mean]                     0, 0.00
dataplane-probe-activator-j7v8k dataplane-probe Success       [ratio]                           100.00%
dataplane-probe-activator-j7v8k dataplane-probe Status Codes  [code:count]                      200:180000  
dataplane-probe-activator-j7v8k dataplane-probe Error Set:
dataplane-probe-activator-j7v8k dataplane-probe 2023/09/01 09:20:18 SLA 1 passed. P95 latency is in 100000000-110000000ms time range
dataplane-probe-activator-j7v8k dataplane-probe 2023/09/01 09:20:18 Dataplane probe test finished
dataplane-probe-activator-j7v8k dataplane-probe 2023/09/01 09:20:18 Shutting down InfluxReporter
dataplane-probe-activator-7bgbh dataplane-probe Requests      [total, rate, throughput]         180000, 1000.00, 999.43
dataplane-probe-activator-7bgbh dataplane-probe Duration      [total, attack, wait]             3m0s, 3m0s, 102.603ms
dataplane-probe-activator-7bgbh dataplane-probe Latencies     [min, mean, 50, 90, 95, 99, max]  101.006ms, 104.248ms, 103.184ms, 105.98ms, 108.23ms, 116.293ms, 925.392ms
dataplane-probe-activator-7bgbh dataplane-probe Bytes In      [total, mean]                     4300120, 23.89
dataplane-probe-activator-7bgbh dataplane-probe Bytes Out     [total, mean]                     0, 0.00
dataplane-probe-activator-7bgbh dataplane-probe Success       [ratio]                           100.00%
dataplane-probe-activator-7bgbh dataplane-probe Status Codes  [code:count]                      200:180000  
dataplane-probe-activator-7bgbh dataplane-probe Error Set:
dataplane-probe-activator-7bgbh dataplane-probe 2023/09/01 09:20:18 SLA 1 passed. P95 latency is in 100000000-110000000ms time range
dataplane-probe-activator-7bgbh dataplane-probe 2023/09/01 09:20:18 Dataplane probe test finished
dataplane-probe-activator-7bgbh dataplane-probe 2023/09/01 09:20:18 Shutting down InfluxReporter
dataplane-probe-activator-fnrtx dataplane-probe Requests      [total, rate, throughput]         180000, 1000.01, 999.43
dataplane-probe-activator-fnrtx dataplane-probe Duration      [total, attack, wait]             3m0s, 3m0s, 103.137ms
dataplane-probe-activator-fnrtx dataplane-probe Latencies     [min, mean, 50, 90, 95, 99, max]  100.991ms, 104.057ms, 103.119ms, 105.834ms, 108.031ms, 116.224ms, 912.761ms
dataplane-probe-activator-fnrtx dataplane-probe Bytes In      [total, mean]                     4300402, 23.89
dataplane-probe-activator-fnrtx dataplane-probe Bytes Out     [total, mean]                     0, 0.00
dataplane-probe-activator-fnrtx dataplane-probe Success       [ratio]                           100.00%
dataplane-probe-activator-fnrtx dataplane-probe Status Codes  [code:count]                      200:180000  
dataplane-probe-activator-fnrtx dataplane-probe Error Set:
dataplane-probe-activator-fnrtx dataplane-probe 2023/09/01 09:20:18 SLA 1 passed. P95 latency is in 100000000-110000000ms time range
dataplane-probe-activator-fnrtx dataplane-probe 2023/09/01 09:20:18 Dataplane probe test finished
dataplane-probe-activator-fnrtx dataplane-probe 2023/09/01 09:20:18 Shutting down InfluxReporter
dataplane-probe-activator-5299w dataplane-probe Requests      [total, rate, throughput]         180000, 1000.01, 999.44
dataplane-probe-activator-5299w dataplane-probe Duration      [total, attack, wait]             3m0s, 3m0s, 101.458ms
dataplane-probe-activator-5299w dataplane-probe Latencies     [min, mean, 50, 90, 95, 99, max]  101.022ms, 104.073ms, 103.088ms, 105.787ms, 107.978ms, 116.387ms, 942.714ms
dataplane-probe-activator-5299w dataplane-probe Bytes In      [total, mean]                     4299996, 23.89
dataplane-probe-activator-5299w dataplane-probe Bytes Out     [total, mean]                     0, 0.00
dataplane-probe-activator-5299w dataplane-probe Success       [ratio]                           100.00%
dataplane-probe-activator-5299w dataplane-probe Status Codes  [code:count]                      200:180000  
dataplane-probe-activator-5299w dataplane-probe Error Set:
dataplane-probe-activator-5299w dataplane-probe 2023/09/01 09:20:18 SLA 1 passed. P95 latency is in 100000000-110000000ms time range
dataplane-probe-activator-5299w dataplane-probe 2023/09/01 09:20:18 Dataplane probe test finished
dataplane-probe-activator-5299w dataplane-probe 2023/09/01 09:20:18 Shutting down InfluxReporter
dataplane-probe-activator-l9xjb dataplane-probe Requests      [total, rate, throughput]         180000, 1000.00, 999.43
dataplane-probe-activator-l9xjb dataplane-probe Duration      [total, attack, wait]             3m0s, 3m0s, 102.979ms
dataplane-probe-activator-l9xjb dataplane-probe Latencies     [min, mean, 50, 90, 95, 99, max]  100.953ms, 104.304ms, 103.222ms, 106.154ms, 108.499ms, 117.208ms, 932.017ms
dataplane-probe-activator-l9xjb dataplane-probe Bytes In      [total, mean]                     4300173, 23.89
dataplane-probe-activator-l9xjb dataplane-probe Bytes Out     [total, mean]                     0, 0.00
dataplane-probe-activator-l9xjb dataplane-probe Success       [ratio]                           100.00%
dataplane-probe-activator-l9xjb dataplane-probe Status Codes  [code:count]                      200:180000  
dataplane-probe-activator-l9xjb dataplane-probe Error Set:
dataplane-probe-activator-l9xjb dataplane-probe 2023/09/01 09:20:18 SLA 1 passed. P95 latency is in 100000000-110000000ms time range
dataplane-probe-activator-l9xjb dataplane-probe 2023/09/01 09:20:18 Dataplane probe test finished
dataplane-probe-activator-l9xjb dataplane-probe 2023/09/01 09:20:18 Shutting down InfluxReporter
dataplane-probe-activator-wpwnr dataplane-probe Requests      [total, rate, throughput]         180000, 1000.00, 999.43
dataplane-probe-activator-wpwnr dataplane-probe Duration      [total, attack, wait]             3m0s, 3m0s, 102.959ms
dataplane-probe-activator-wpwnr dataplane-probe Latencies     [min, mean, 50, 90, 95, 99, max]  101.055ms, 104.235ms, 103.114ms, 105.909ms, 108.244ms, 117.135ms, 934.417ms
dataplane-probe-activator-wpwnr dataplane-probe Bytes In      [total, mean]                     4300003, 23.89
dataplane-probe-activator-wpwnr dataplane-probe Bytes Out     [total, mean]                     0, 0.00
dataplane-probe-activator-wpwnr dataplane-probe Success       [ratio]                           100.00%
dataplane-probe-activator-wpwnr dataplane-probe Status Codes  [code:count]                      200:180000  
dataplane-probe-activator-wpwnr dataplane-probe Error Set:
dataplane-probe-activator-wpwnr dataplane-probe 2023/09/01 09:20:18 SLA 1 passed. P95 latency is in 100000000-110000000ms time range
dataplane-probe-activator-wpwnr dataplane-probe 2023/09/01 09:20:18 Dataplane probe test finished
dataplane-probe-activator-wpwnr dataplane-probe 2023/09/01 09:20:18 Shutting down InfluxReporter
dataplane-probe-activator-mj2c7 dataplane-probe Requests      [total, rate, throughput]         180000, 1000.00, 999.44
dataplane-probe-activator-mj2c7 dataplane-probe Duration      [total, attack, wait]             3m0s, 3m0s, 101.7ms
dataplane-probe-activator-mj2c7 dataplane-probe Latencies     [min, mean, 50, 90, 95, 99, max]  100.915ms, 104.31ms, 103.26ms, 106.085ms, 108.375ms, 116.596ms, 938.238ms
dataplane-probe-activator-mj2c7 dataplane-probe Bytes In      [total, mean]                     4300116, 23.89
dataplane-probe-activator-mj2c7 dataplane-probe Bytes Out     [total, mean]                     0, 0.00
dataplane-probe-activator-mj2c7 dataplane-probe Success       [ratio]                           100.00%
dataplane-probe-activator-mj2c7 dataplane-probe Status Codes  [code:count]                      200:180000  
dataplane-probe-activator-mj2c7 dataplane-probe Error Set:
dataplane-probe-activator-mj2c7 dataplane-probe 2023/09/01 09:20:18 SLA 1 passed. P95 latency is in 100000000-110000000ms time range
dataplane-probe-activator-mj2c7 dataplane-probe 2023/09/01 09:20:18 Dataplane probe test finished
dataplane-probe-activator-mj2c7 dataplane-probe 2023/09/01 09:20:18 Shutting down InfluxReporter
dataplane-probe-activator-72274 dataplane-probe Requests      [total, rate, throughput]         180000, 1000.01, 999.43
dataplane-probe-activator-72274 dataplane-probe Duration      [total, attack, wait]             3m0s, 3m0s, 103.455ms
dataplane-probe-activator-72274 dataplane-probe Latencies     [min, mean, 50, 90, 95, 99, max]  100.969ms, 104.234ms, 103.237ms, 106.126ms, 108.442ms, 116.625ms, 914.101ms
dataplane-probe-activator-72274 dataplane-probe Bytes In      [total, mean]                     4299647, 23.89
dataplane-probe-activator-72274 dataplane-probe Bytes Out     [total, mean]                     0, 0.00
dataplane-probe-activator-72274 dataplane-probe Success       [ratio]                           100.00%
dataplane-probe-activator-72274 dataplane-probe Status Codes  [code:count]                      200:180000  
dataplane-probe-activator-72274 dataplane-probe Error Set:
dataplane-probe-activator-72274 dataplane-probe 2023/09/01 09:20:18 SLA 1 passed. P95 latency is in 100000000-110000000ms time range
dataplane-probe-activator-72274 dataplane-probe 2023/09/01 09:20:18 Dataplane probe test finished
dataplane-probe-activator-72274 dataplane-probe 2023/09/01 09:20:18 Shutting down InfluxReporter
dataplane-probe-activator-sphtz dataplane-probe Requests      [total, rate, throughput]         180000, 1000.00, 999.44
dataplane-probe-activator-sphtz dataplane-probe Duration      [total, attack, wait]             3m0s, 3m0s, 102.15ms
dataplane-probe-activator-sphtz dataplane-probe Latencies     [min, mean, 50, 90, 95, 99, max]  100.913ms, 104.024ms, 103.142ms, 105.784ms, 107.935ms, 115.445ms, 920.785ms
dataplane-probe-activator-sphtz dataplane-probe Bytes In      [total, mean]                     4299877, 23.89
dataplane-probe-activator-sphtz dataplane-probe Bytes Out     [total, mean]                     0, 0.00
dataplane-probe-activator-sphtz dataplane-probe Success       [ratio]                           100.00%
dataplane-probe-activator-sphtz dataplane-probe Status Codes  [code:count]                      200:180000  
dataplane-probe-activator-sphtz dataplane-probe Error Set:
dataplane-probe-activator-sphtz dataplane-probe 2023/09/01 09:20:18 SLA 1 passed. P95 latency is in 100000000-110000000ms time range
dataplane-probe-activator-sphtz dataplane-probe 2023/09/01 09:20:18 Dataplane probe test finished
dataplane-probe-activator-sphtz dataplane-probe 2023/09/01 09:20:18 Shutting down InfluxReporter
dataplane-probe-activator-4qdhn dataplane-probe Requests      [total, rate, throughput]         180000, 1000.00, 999.42
dataplane-probe-activator-4qdhn dataplane-probe Duration      [total, attack, wait]             3m0s, 3m0s, 106.005ms
dataplane-probe-activator-4qdhn dataplane-probe Latencies     [min, mean, 50, 90, 95, 99, max]  100.998ms, 104.179ms, 103.164ms, 105.894ms, 108.133ms, 116.267ms, 920.409ms
dataplane-probe-activator-4qdhn dataplane-probe Bytes In      [total, mean]                     4300014, 23.89
dataplane-probe-activator-4qdhn dataplane-probe Bytes Out     [total, mean]                     0, 0.00
dataplane-probe-activator-4qdhn dataplane-probe Success       [ratio]                           100.00%
dataplane-probe-activator-4qdhn dataplane-probe Status Codes  [code:count]                      200:180000  
dataplane-probe-activator-4qdhn dataplane-probe Error Set:
dataplane-probe-activator-4qdhn dataplane-probe 2023/09/01 09:20:18 SLA 1 passed. P95 latency is in 100000000-110000000ms time range
dataplane-probe-activator-4qdhn dataplane-probe 2023/09/01 09:20:18 Dataplane probe test finished
dataplane-probe-activator-4qdhn dataplane-probe 2023/09/01 09:20:18 Shutting down InfluxReporter
dataplane-probe-activator-x48pt dataplane-probe Requests      [total, rate, throughput]         180000, 1000.00, 999.43
dataplane-probe-activator-x48pt dataplane-probe Duration      [total, attack, wait]             3m0s, 3m0s, 102.432ms
dataplane-probe-activator-x48pt dataplane-probe Latencies     [min, mean, 50, 90, 95, 99, max]  100.944ms, 104.356ms, 103.161ms, 106.006ms, 108.364ms, 117.259ms, 910.407ms
dataplane-probe-activator-x48pt dataplane-probe Bytes In      [total, mean]                     4299765, 23.89
dataplane-probe-activator-x48pt dataplane-probe Bytes Out     [total, mean]                     0, 0.00
dataplane-probe-activator-x48pt dataplane-probe Success       [ratio]                           100.00%
dataplane-probe-activator-x48pt dataplane-probe Status Codes  [code:count]                      200:180000  
dataplane-probe-activator-x48pt dataplane-probe Error Set:
dataplane-probe-activator-x48pt dataplane-probe 2023/09/01 09:20:18 SLA 1 passed. P95 latency is in 100000000-110000000ms time range
dataplane-probe-activator-x48pt dataplane-probe 2023/09/01 09:20:18 Dataplane probe test finished
dataplane-probe-activator-x48pt dataplane-probe 2023/09/01 09:20:18 Shutting down InfluxReporter
dataplane-probe-activator-g6lpj dataplane-probe Requests      [total, rate, throughput]         180000, 1000.00, 999.43
dataplane-probe-activator-g6lpj dataplane-probe Duration      [total, attack, wait]             3m0s, 3m0s, 103.765ms
dataplane-probe-activator-g6lpj dataplane-probe Latencies     [min, mean, 50, 90, 95, 99, max]  101.009ms, 104.497ms, 103.262ms, 106.569ms, 109.139ms, 117.752ms, 929.322ms
dataplane-probe-activator-g6lpj dataplane-probe Bytes In      [total, mean]                     4300100, 23.89
dataplane-probe-activator-g6lpj dataplane-probe Bytes Out     [total, mean]                     0, 0.00
dataplane-probe-activator-g6lpj dataplane-probe Success       [ratio]                           100.00%
dataplane-probe-activator-g6lpj dataplane-probe Status Codes  [code:count]                      200:180000  
dataplane-probe-activator-g6lpj dataplane-probe Error Set:
dataplane-probe-activator-g6lpj dataplane-probe 2023/09/01 09:20:18 SLA 1 passed. P95 latency is in 100000000-110000000ms time range
dataplane-probe-activator-g6lpj dataplane-probe 2023/09/01 09:20:18 Dataplane probe test finished
dataplane-probe-activator-g6lpj dataplane-probe 2023/09/01 09:20:18 Shutting down InfluxReporter
dataplane-probe-activator-g8gfk dataplane-probe Requests      [total, rate, throughput]         180000, 1000.01, 999.44
dataplane-probe-activator-g8gfk dataplane-probe Duration      [total, attack, wait]             3m0s, 3m0s, 102.095ms
dataplane-probe-activator-g8gfk dataplane-probe Latencies     [min, mean, 50, 90, 95, 99, max]  101.052ms, 104.21ms, 103.262ms, 106.113ms, 108.354ms, 116.069ms, 923.108ms
dataplane-probe-activator-g8gfk dataplane-probe Bytes In      [total, mean]                     4299897, 23.89
dataplane-probe-activator-g8gfk dataplane-probe Bytes Out     [total, mean]                     0, 0.00
dataplane-probe-activator-g8gfk dataplane-probe Success       [ratio]                           100.00%
dataplane-probe-activator-g8gfk dataplane-probe Status Codes  [code:count]                      200:180000  
dataplane-probe-activator-g8gfk dataplane-probe Error Set:
dataplane-probe-activator-g8gfk dataplane-probe 2023/09/01 09:20:18 SLA 1 passed. P95 latency is in 100000000-110000000ms time range
dataplane-probe-activator-g8gfk dataplane-probe 2023/09/01 09:20:18 Dataplane probe test finished
dataplane-probe-activator-g8gfk dataplane-probe 2023/09/01 09:20:18 Shutting down InfluxReporter
dataplane-probe-activator-q8mnd dataplane-probe Requests      [total, rate, throughput]         180000, 1000.01, 999.44
dataplane-probe-activator-q8mnd dataplane-probe Duration      [total, attack, wait]             3m0s, 3m0s, 102.088ms
dataplane-probe-activator-q8mnd dataplane-probe Latencies     [min, mean, 50, 90, 95, 99, max]  100.953ms, 104.277ms, 103.239ms, 106.204ms, 108.505ms, 116.826ms, 933.662ms
dataplane-probe-activator-q8mnd dataplane-probe Bytes In      [total, mean]                     4299923, 23.89
dataplane-probe-activator-q8mnd dataplane-probe Bytes Out     [total, mean]                     0, 0.00
dataplane-probe-activator-q8mnd dataplane-probe Success       [ratio]                           100.00%
dataplane-probe-activator-q8mnd dataplane-probe Status Codes  [code:count]                      200:180000  
dataplane-probe-activator-q8mnd dataplane-probe Error Set:
dataplane-probe-activator-q8mnd dataplane-probe 2023/09/01 09:20:18 SLA 1 passed. P95 latency is in 100000000-110000000ms time range
dataplane-probe-activator-q8mnd dataplane-probe 2023/09/01 09:20:18 Dataplane probe test finished
dataplane-probe-activator-q8mnd dataplane-probe 2023/09/01 09:20:18 Shutting down InfluxReporter
dataplane-probe-activator-r7n8d dataplane-probe Requests      [total, rate, throughput]         180000, 1000.00, 999.43
dataplane-probe-activator-r7n8d dataplane-probe Duration      [total, attack, wait]             3m0s, 3m0s, 102.426ms
dataplane-probe-activator-r7n8d dataplane-probe Latencies     [min, mean, 50, 90, 95, 99, max]  100.902ms, 104.11ms, 103.089ms, 105.812ms, 108.069ms, 116.245ms, 900.681ms
dataplane-probe-activator-r7n8d dataplane-probe Bytes In      [total, mean]                     4300046, 23.89
dataplane-probe-activator-r7n8d dataplane-probe Bytes Out     [total, mean]                     0, 0.00
dataplane-probe-activator-r7n8d dataplane-probe Success       [ratio]                           100.00%
dataplane-probe-activator-r7n8d dataplane-probe Status Codes  [code:count]                      200:180000  
dataplane-probe-activator-r7n8d dataplane-probe Error Set:
dataplane-probe-activator-r7n8d dataplane-probe 2023/09/01 09:20:19 SLA 1 passed. P95 latency is in 100000000-110000000ms time range
dataplane-probe-activator-r7n8d dataplane-probe 2023/09/01 09:20:19 Dataplane probe test finished
dataplane-probe-activator-r7n8d dataplane-probe 2023/09/01 09:20:19 Shutting down InfluxReporter
