{"level":"info","ts":1693551831.4952404,"logger":"fallback","caller":"injection/injection.go:63","msg":"Starting informers..."}
2023/09/01 07:03:52 Not Ready: basic-xsxtf-00001; NoTraffic: The target is not receiving traffic.
2023/09/01 07:03:53 Not Ready: basic-fvj72-00001; NoTraffic: The target is not receiving traffic.
2023/09/01 07:03:53 Service basic-xsxtf ready in 1s
2023/09/01 07:03:53 Service basic-fvj72 ready in 1s
2023/09/01 07:03:53 Not Ready: basic-fl6zm-00001; NoTraffic: The target is not receiving traffic.
2023/09/01 07:03:54 Not Ready: basic-9rdt8-00001; NoTraffic: The target is not receiving traffic.
2023/09/01 07:03:54 Service basic-fl6zm ready in 1s
2023/09/01 07:03:55 Not Ready: basic-pb49r-00001; NoTraffic: The target is not receiving traffic.
2023/09/01 07:03:55 Not Ready: basic-ph9ms-00001; NoTraffic: The target is not receiving traffic.
2023/09/01 07:03:55 Service basic-9rdt8 ready in 2s
2023/09/01 07:03:56 Not Ready: basic-xdzck-00001; NoTraffic: The target is not receiving traffic.
2023/09/01 07:03:56 Service basic-pb49r ready in 2s
2023/09/01 07:03:56 Not Ready: basic-shr4g-00001; NoTraffic: The target is not receiving traffic.
2023/09/01 07:03:56 Service basic-ph9ms ready in 2s
2023/09/01 07:03:57 Not Ready: basic-4svqs-00001; NoTraffic: The target is not receiving traffic.
2023/09/01 07:03:57 Not Ready: basic-nxkhb-00001; NoTraffic: The target is not receiving traffic.
2023/09/01 07:03:57 Service basic-xdzck ready in 2s
2023/09/01 07:03:57 Service basic-shr4g ready in 2s
2023/09/01 07:03:58 Service basic-4svqs ready in 2s
2023/09/01 07:03:58 Not Ready: basic-npp98-00001; NoTraffic: The target is not receiving traffic.
2023/09/01 07:03:58 Not Ready: basic-stb4x-00001; NoTraffic: The target is not receiving traffic.
2023/09/01 07:03:58 Service basic-nxkhb ready in 2s
2023/09/01 07:03:59 Not Ready: basic-nzz7f-00001; NoTraffic: The target is not receiving traffic.
2023/09/01 07:03:59 Not Ready: basic-csqn5-00001; NoTraffic: The target is not receiving traffic.
2023/09/01 07:03:59 Service basic-npp98 ready in 2s
2023/09/01 07:03:59 Service basic-stb4x ready in 2s
2023/09/01 07:04:00 Not Ready: basic-nhlcc-00001; NoTraffic: The target is not receiving traffic.
2023/09/01 07:04:00 Not Ready: basic-ftvd2-00001; NoTraffic: The target is not receiving traffic.
2023/09/01 07:04:00 Service basic-nzz7f ready in 2s
2023/09/01 07:04:01 Not Ready: basic-chtgh-00001; NoTraffic: The target is not receiving traffic.
2023/09/01 07:04:01 Not Ready: basic-dfpqs-00001; NoTraffic: The target is not receiving traffic.
2023/09/01 07:04:01 Service basic-csqn5 ready in 3s
2023/09/01 07:04:02 Service basic-nhlcc ready in 3s
2023/09/01 07:04:02 Not Ready: basic-kt5v7-00001; NoTraffic: The target is not receiving traffic.
2023/09/01 07:04:02 Not Ready: basic-clgcs-00001; NoTraffic: The target is not receiving traffic.
2023/09/01 07:04:03 Service basic-ftvd2 ready in 4s
2023/09/01 07:04:04 Not Ready: basic-nxpcq-00001; NoTraffic: The target is not receiving traffic.
2023/09/01 07:04:04 Not Ready: basic-rcchn-00001; NoTraffic: The target is not receiving traffic.
2023/09/01 07:04:04 Service basic-kt5v7 ready in 3s
2023/09/01 07:04:05 Not Ready: basic-lwkjf-00001; NoTraffic: The target is not receiving traffic.
2023/09/01 07:04:05 Service basic-chtgh ready in 5s
2023/09/01 07:04:05 Not Ready: basic-pp7rr-00001; NoTraffic: The target is not receiving traffic.
2023/09/01 07:04:05 Service basic-dfpqs ready in 5s
2023/09/01 07:04:06 Service basic-clgcs ready in 5s
2023/09/01 07:04:06 Not Ready: basic-hvttc-00001; NoTraffic: The target is not receiving traffic.
2023/09/01 07:04:06 Not Ready: basic-488gd-00001; NoTraffic: The target is not receiving traffic.
2023/09/01 07:04:06 Not Ready: basic-q9pd4-00001; NoTraffic: The target is not receiving traffic.
2023/09/01 07:04:07 Service basic-lwkjf ready in 4s
2023/09/01 07:04:07 Service basic-rcchn ready in 5s
2023/09/01 07:04:07 Not Ready: basic-r5zl5-00001; NoTraffic: The target is not receiving traffic.
2023/09/01 07:04:08 Service basic-nxpcq ready in 5s
2023/09/01 07:04:08 Not Ready: basic-dtgnm-00001; NoTraffic: The target is not receiving traffic.
2023/09/01 07:04:08 Service basic-pp7rr ready in 5s
2023/09/01 07:04:08 Not Ready: basic-97l6g-00001; NoTraffic: The target is not receiving traffic.
2023/09/01 07:04:09 Not Ready: basic-2wq92-00001; NoTraffic: The target is not receiving traffic.
2023/09/01 07:04:09 Not Ready: basic-7hhvz-00001; NoTraffic: The target is not receiving traffic.
2023/09/01 07:04:10 Not Ready: basic-kcqdm-00001; NoTraffic: The target is not receiving traffic.
2023/09/01 07:04:10 Service basic-488gd ready in 6s
2023/09/01 07:04:11 Not Ready: basic-zgxb2-00001; NoTraffic: The target is not receiving traffic.
2023/09/01 07:04:11 Service basic-hvttc ready in 7s
2023/09/01 07:04:11 Not Ready: basic-mcfdb-00001; NoTraffic: The target is not receiving traffic.
2023/09/01 07:04:11 Service basic-q9pd4 ready in 6s
2023/09/01 07:04:11 Not Ready: basic-5drk7-00001; NoTraffic: The target is not receiving traffic.
2023/09/01 07:04:12 Not Ready: basic-x4cn8-00001; NoTraffic: The target is not receiving traffic.
2023/09/01 07:04:12 Service basic-r5zl5 ready in 7s
2023/09/01 07:04:12 Not Ready: basic-z55cc-00001; NoTraffic: The target is not receiving traffic.
2023/09/01 07:04:13 Service basic-dtgnm ready in 7s
2023/09/01 07:04:13 Not Ready: basic-gvshg-00001; NoTraffic: The target is not receiving traffic.
2023/09/01 07:04:14 Not Ready: basic-zwp9q-00001; NoTraffic: The target is not receiving traffic.
2023/09/01 07:04:14 Service basic-97l6g ready in 8s
2023/09/01 07:04:14 Not Ready: basic-tklb2-00001; NoTraffic: The target is not receiving traffic.
2023/09/01 07:04:14 Service basic-2wq92 ready in 7s
2023/09/01 07:04:15 Service basic-7hhvz ready in 8s
2023/09/01 07:04:15 Not Ready: basic-7jssl-00001; NoTraffic: The target is not receiving traffic.
2023/09/01 07:04:16 Not Ready: basic-g2t5j-00001; NoTraffic: The target is not receiving traffic.
2023/09/01 07:04:16 Service basic-kcqdm ready in 8s
2023/09/01 07:04:16 Not Ready: basic-rq482-00001; NoTraffic: The target is not receiving traffic.
2023/09/01 07:04:16 Service basic-zgxb2 ready in 8s
2023/09/01 07:04:17 Not Ready: basic-v6krh-00001; NoTraffic: The target is not receiving traffic.
2023/09/01 07:04:17 Not Ready: basic-4qlk9-00001; NoTraffic: The target is not receiving traffic.
2023/09/01 07:04:17 Service basic-mcfdb ready in 8s
2023/09/01 07:04:18 Not Ready: basic-dx9gf-00001; NoTraffic: The target is not receiving traffic.
2023/09/01 07:04:18 Service basic-5drk7 ready in 9s
2023/09/01 07:04:18 Not Ready: basic-9n2s7-00001; NoTraffic: The target is not receiving traffic.
2023/09/01 07:04:19 Not Ready: basic-kq4rb-00001; NoTraffic: The target is not receiving traffic.
2023/09/01 07:04:19 Service basic-x4cn8 ready in 8s
2023/09/01 07:04:19 Service basic-z55cc ready in 9s
2023/09/01 07:04:20 Not Ready: basic-f52vx-00001; NoTraffic: The target is not receiving traffic.
2023/09/01 07:04:20 Not Ready: basic-kmnx9-00001; NoTraffic: The target is not receiving traffic.
2023/09/01 07:04:20 Service basic-gvshg ready in 9s
2023/09/01 07:04:21 Not Ready: basic-5bpmg-00001; NoTraffic: The target is not receiving traffic.
2023/09/01 07:04:21 Service basic-zwp9q ready in 10s
2023/09/01 07:04:21 Not Ready: basic-59487-00001; NoTraffic: The target is not receiving traffic.
2023/09/01 07:04:21 Not Ready: basic-p4z6p-00001; NoTraffic: The target is not receiving traffic.
2023/09/01 07:04:22 Service basic-tklb2 ready in 9s
2023/09/01 07:04:22 Service basic-7jssl ready in 10s
2023/09/01 07:04:22 Not Ready: basic-vnwcr-00001; NoTraffic: The target is not receiving traffic.
2023/09/01 07:04:22 Not Ready: basic-fmw7q-00001; NoTraffic: The target is not receiving traffic.
2023/09/01 07:04:22 Service basic-g2t5j ready in 9s
2023/09/01 07:04:23 Not Ready: basic-tzd2m-00001; NoTraffic: The target is not receiving traffic.
2023/09/01 07:04:23 Not Ready: basic-pfdzq-00001; NoTraffic: The target is not receiving traffic.
2023/09/01 07:04:24 Service basic-rq482 ready in 10s
2023/09/01 07:04:24 Not Ready: basic-vbvmp-00001; NoTraffic: The target is not receiving traffic.
2023/09/01 07:04:24 Service basic-v6krh ready in 10s
2023/09/01 07:04:25 Not Ready: basic-2twdl-00001; NoTraffic: The target is not receiving traffic.
2023/09/01 07:04:25 Not Ready: basic-jgs25-00001; NoTraffic: The target is not receiving traffic.
2023/09/01 07:04:25 Not Ready: basic-xr5gt-00001; NoTraffic: The target is not receiving traffic.
2023/09/01 07:04:25 Service basic-4qlk9 ready in 11s
2023/09/01 07:04:26 Service basic-dx9gf ready in 11s
2023/09/01 07:04:26 Not Ready: basic-rrh8z-00001; NoTraffic: The target is not receiving traffic.
2023/09/01 07:04:26 Not Ready: basic-j8cvq-00001; NoTraffic: The target is not receiving traffic.
2023/09/01 07:04:26 Not Ready: basic-m5jz6-00001; NoTraffic: The target is not receiving traffic.
2023/09/01 07:04:27 Service basic-9n2s7 ready in 11s
2023/09/01 07:04:27 Service basic-kq4rb ready in 11s
2023/09/01 07:04:28 Not Ready: basic-rlw4c-00001; NoTraffic: The target is not receiving traffic.
2023/09/01 07:04:28 Service basic-f52vx ready in 12s
2023/09/01 07:04:28 Not Ready: basic-72kqr-00001; NoTraffic: The target is not receiving traffic.
2023/09/01 07:04:28 Not Ready: basic-k7rcp-00001; NoTraffic: The target is not receiving traffic.
2023/09/01 07:04:29 Service basic-kmnx9 ready in 12s
2023/09/01 07:04:29 Not Ready: basic-bhmrn-00001; NoTraffic: The target is not receiving traffic.
2023/09/01 07:04:29 Not Ready: basic-dmwwp-00001; NoTraffic: The target is not receiving traffic.
2023/09/01 07:04:29 Service basic-5bpmg ready in 12s
2023/09/01 07:04:30 Not Ready: basic-xl2ch-00001; NoTraffic: The target is not receiving traffic.
2023/09/01 07:04:31 Service basic-59487 ready in 12s
2023/09/01 07:04:31 Not Ready: basic-c8pfz-00001; NoTraffic: The target is not receiving traffic.
2023/09/01 07:04:31 Not Ready: basic-ljr6x-00001; NoTraffic: The target is not receiving traffic.
2023/09/01 07:04:31 Service basic-p4z6p ready in 13s
2023/09/01 07:04:31 Not Ready: basic-cl6l2-00001; NoTraffic: The target is not receiving traffic.
2023/09/01 07:04:32 Service basic-vnwcr ready in 13s
2023/09/01 07:04:32 Not Ready: basic-rgxmm-00001; NoTraffic: The target is not receiving traffic.
2023/09/01 07:04:33 Not Ready: basic-c2jl6-00001; NoTraffic: The target is not receiving traffic.
2023/09/01 07:04:33 Service basic-fmw7q ready in 14s
2023/09/01 07:04:33 Not Ready: basic-nsqbt-00001; NoTraffic: The target is not receiving traffic.
2023/09/01 07:04:34 Not Ready: basic-wq42m-00001; NoTraffic: The target is not receiving traffic.
2023/09/01 07:04:34 Service basic-tzd2m ready in 14s
2023/09/01 07:04:34 Not Ready: basic-xrlkr-00001; NoTraffic: The target is not receiving traffic.
2023/09/01 07:04:34 Service basic-pfdzq ready in 14s
2023/09/01 07:04:35 Not Ready: basic-clnp7-00001; NoTraffic: The target is not receiving traffic.
2023/09/01 07:04:35 Service basic-vbvmp ready in 14s
2023/09/01 07:04:35 Not Ready: basic-hkvkd-00001; NoTraffic: The target is not receiving traffic.
2023/09/01 07:04:36 Not Ready: basic-p5499-00001; NoTraffic: The target is not receiving traffic.
2023/09/01 07:04:36 Service basic-2twdl ready in 15s
2023/09/01 07:04:36 Not Ready: basic-cr2jl-00001; NoTraffic: The target is not receiving traffic.
2023/09/01 07:04:37 Service basic-jgs25 ready in 14s
2023/09/01 07:04:37 Not Ready: basic-bqx5f-00001; NoTraffic: The target is not receiving traffic.
2023/09/01 07:04:37 Not Ready: basic-l6hwz-00001; NoTraffic: The target is not receiving traffic.
2023/09/01 07:04:37 Service basic-xr5gt ready in 15s
2023/09/01 07:04:38 Service basic-j8cvq ready in 14s
2023/09/01 07:04:38 Not Ready: basic-ln2rp-00001; NoTraffic: The target is not receiving traffic.
2023/09/01 07:04:38 Service basic-rrh8z ready in 15s
2023/09/01 07:04:38 Not Ready: basic-lqgtq-00001; NoTraffic: The target is not receiving traffic.
2023/09/01 07:04:38 Not Ready: basic-7gpnx-00001; NoTraffic: The target is not receiving traffic.
2023/09/01 07:04:39 Service basic-m5jz6 ready in 15s
2023/09/01 07:04:39 Not Ready: basic-8rj5z-00001; NoTraffic: The target is not receiving traffic.
2023/09/01 07:04:40 Not Ready: basic-9lpwh-00001; NoTraffic: The target is not receiving traffic.
2023/09/01 07:04:40 Service basic-rlw4c ready in 16s
2023/09/01 07:04:40 Not Ready: basic-b7t5r-00001; NoTraffic: The target is not receiving traffic.
2023/09/01 07:04:40 Service basic-72kqr ready in 15s
2023/09/01 07:04:40 Not Ready: basic-zskjp-00001; NoTraffic: The target is not receiving traffic.
2023/09/01 07:04:41 Service basic-k7rcp ready in 16s
2023/09/01 07:04:41 Not Ready: basic-trhs6-00001; NoTraffic: The target is not receiving traffic.
2023/09/01 07:04:42 Service basic-dmwwp ready in 15s
2023/09/01 07:04:42 Not Ready: basic-dgr9t-00001; NoTraffic: The target is not receiving traffic.
2023/09/01 07:04:42 Not Ready: basic-kjdc9-00001; NoTraffic: The target is not receiving traffic.
2023/09/01 07:04:42 Service basic-bhmrn ready in 16s
2023/09/01 07:04:43 Service basic-xl2ch ready in 16s
2023/09/01 07:04:43 Not Ready: basic-f7r9x-00001; NoTraffic: The target is not receiving traffic.
2023/09/01 07:04:43 Not Ready: basic-ncf6c-00001; NoTraffic: The target is not receiving traffic.
2023/09/01 07:04:43 Not Ready: basic-4fvqj-00001; NoTraffic: The target is not receiving traffic.
2023/09/01 07:04:44 Service basic-c8pfz ready in 17s
2023/09/01 07:04:44 Service basic-ljr6x ready in 16s
2023/09/01 07:04:44 Not Ready: basic-gnsbv-00001; NoTraffic: The target is not receiving traffic.
2023/09/01 07:04:45 Not Ready: basic-qnqhf-00001; NoTraffic: The target is not receiving traffic.
2023/09/01 07:04:45 Not Ready: basic-hjhd2-00001; NoTraffic: The target is not receiving traffic.
2023/09/01 07:04:45 Service basic-cl6l2 ready in 17s
2023/09/01 07:04:46 Not Ready: basic-hj6zm-00001; NoTraffic: The target is not receiving traffic.
2023/09/01 07:04:46 Service basic-rgxmm ready in 17s
2023/09/01 07:04:46 Not Ready: basic-qqvwj-00001; NoTraffic: The target is not receiving traffic.
2023/09/01 07:04:46 Not Ready: basic-mxzrm-00001; NoTraffic: The target is not receiving traffic.
2023/09/01 07:04:47 Service basic-c2jl6 ready in 18s
2023/09/01 07:04:48 Not Ready: basic-76z2f-00001; NoTraffic: The target is not receiving traffic.
2023/09/01 07:04:48 Not Ready: basic-kpxcj-00001; NoTraffic: The target is not receiving traffic.
2023/09/01 07:04:48 Service basic-nsqbt ready in 18s
2023/09/01 07:04:48 Not Ready: basic-vdpml-00001; NoTraffic: The target is not receiving traffic.
2023/09/01 07:04:48 Service basic-wq42m ready in 18s
2023/09/01 07:04:49 Not Ready: basic-wp4m2-00001; NoTraffic: The target is not receiving traffic.
2023/09/01 07:04:49 Service basic-xrlkr ready in 18s
2023/09/01 07:04:49 Not Ready: basic-2rrvr-00001; NoTraffic: The target is not receiving traffic.
2023/09/01 07:04:50 Not Ready: basic-2glgq-00001; NoTraffic: The target is not receiving traffic.
2023/09/01 07:04:50 Service basic-clnp7 ready in 19s
2023/09/01 07:04:50 Not Ready: basic-gv48n-00001; NoTraffic: The target is not receiving traffic.
2023/09/01 07:04:51 Not Ready: basic-pznsd-00001; NoTraffic: The target is not receiving traffic.
2023/09/01 07:04:51 Service basic-hkvkd ready in 19s
2023/09/01 07:04:51 Not Ready: basic-8j5ls-00001; NoTraffic: The target is not receiving traffic.
2023/09/01 07:04:52 Service basic-cr2jl ready in 18s
2023/09/01 07:04:52 Not Ready: basic-9v9p6-00001; NoTraffic: The target is not receiving traffic.
2023/09/01 07:04:52 Service basic-bqx5f ready in 19s
2023/09/01 07:04:52 Not Ready: basic-89k89-00001; NoTraffic: The target is not receiving traffic.
2023/09/01 07:04:53 Not Ready: basic-xtl5m-00001; NoTraffic: The target is not receiving traffic.
2023/09/01 07:04:53 Not Ready: basic-fbv4k-00001; NoTraffic: The target is not receiving traffic.
2023/09/01 07:04:53 Service basic-p5499 ready in 21s
2023/09/01 07:04:53 Service basic-l6hwz ready in 19s
2023/09/01 07:04:54 Not Ready: basic-pww5w-00001; NoTraffic: The target is not receiving traffic.
2023/09/01 07:04:54 Not Ready: basic-qrkhf-00001; NoTraffic: The target is not receiving traffic.
2023/09/01 07:04:55 Not Ready: basic-96pq2-00001; NoTraffic: The target is not receiving traffic.
2023/09/01 07:04:55 Service basic-ln2rp ready in 21s
2023/09/01 07:04:55 Not Ready: basic-kmm4v-00001; NoTraffic: The target is not receiving traffic.
2023/09/01 07:04:56 Service basic-lqgtq ready in 20s
2023/09/01 07:04:56 Not Ready: basic-rgdwk-00001; NoTraffic: The target is not receiving traffic.
2023/09/01 07:04:56 Service basic-7gpnx ready in 21s
2023/09/01 07:04:56 Not Ready: basic-k4678-00001; NoTraffic: The target is not receiving traffic.
2023/09/01 07:04:57 Not Ready: basic-gfpq2-00001; NoTraffic: The target is not receiving traffic.
2023/09/01 07:04:57 Service basic-8rj5z ready in 21s
2023/09/01 07:04:57 Not Ready: basic-6bpb9-00001; NoTraffic: The target is not receiving traffic.
2023/09/01 07:04:57 Service basic-9lpwh ready in 21s
2023/09/01 07:04:58 Not Ready: basic-8s2jd-00001; NoTraffic: The target is not receiving traffic.
2023/09/01 07:04:58 Not Ready: basic-zwb5h-00001; NoTraffic: The target is not receiving traffic.
2023/09/01 07:04:59 Service basic-b7t5r ready in 21s
2023/09/01 07:04:59 Not Ready: basic-qflnm-00001; NoTraffic: The target is not receiving traffic.
2023/09/01 07:04:59 Service basic-zskjp ready in 22s
2023/09/01 07:04:59 Not Ready: basic-msm6q-00001; NoTraffic: The target is not receiving traffic.
2023/09/01 07:05:00 Not Ready: basic-dt6fg-00001; NoTraffic: The target is not receiving traffic.
2023/09/01 07:05:00 Not Ready: basic-stsst-00001; NoTraffic: The target is not receiving traffic.
2023/09/01 07:05:00 Service basic-trhs6 ready in 22s
2023/09/01 07:05:01 Not Ready: basic-697ss-00001; NoTraffic: The target is not receiving traffic.
2023/09/01 07:05:01 Service basic-kjdc9 ready in 22s
2023/09/01 07:05:01 Not Ready: basic-fk7rb-00001; NoTraffic: The target is not receiving traffic.
2023/09/01 07:05:02 Service basic-dgr9t ready in 23s
2023/09/01 07:05:02 Not Ready: basic-2l5jl-00001; NoTraffic: The target is not receiving traffic.
2023/09/01 07:05:02 Not Ready: basic-lmz6r-00001; NoTraffic: The target is not receiving traffic.
2023/09/01 07:05:02 Service basic-f7r9x ready in 23s
2023/09/01 07:05:03 Not Ready: basic-xw4kc-00001; NoTraffic: The target is not receiving traffic.
2023/09/01 07:05:03 Service basic-ncf6c ready in 23s
2023/09/01 07:05:03 Not Ready: basic-hxh2w-00001; NoTraffic: The target is not receiving traffic.
2023/09/01 07:05:04 Not Ready: basic-tvwzr-00001; NoTraffic: The target is not receiving traffic.
2023/09/01 07:05:04 Service basic-4fvqj ready in 24s
2023/09/01 07:05:04 Not Ready: basic-55wrg-00001; NoTraffic: The target is not receiving traffic.
2023/09/01 07:05:05 Not Ready: basic-gv478-00001; NoTraffic: The target is not receiving traffic.
2023/09/01 07:05:05 Service basic-gnsbv ready in 24s
2023/09/01 07:05:05 Not Ready: basic-znzxc-00001; NoTraffic: The target is not receiving traffic.
2023/09/01 07:05:06 Not Ready: basic-qd76t-00001; NoTraffic: The target is not receiving traffic.
2023/09/01 07:05:06 Service basic-qnqhf ready in 25s
2023/09/01 07:05:06 Service basic-hjhd2 ready in 24s
2023/09/01 07:05:06 Not Ready: basic-k6fv6-00001; NoTraffic: The target is not receiving traffic.
2023/09/01 07:05:07 Not Ready: basic-w2t9r-00001; NoTraffic: The target is not receiving traffic.
2023/09/01 07:05:07 Service basic-hj6zm ready in 25s
2023/09/01 07:05:08 Not Ready: basic-nnhhk-00001; NoTraffic: The target is not receiving traffic.
2023/09/01 07:05:08 Not Ready: basic-k2l5s-00001; NoTraffic: The target is not receiving traffic.
2023/09/01 07:05:08 Service basic-qqvwj ready in 25s
2023/09/01 07:05:08 Not Ready: basic-5dsmx-00001; NoTraffic: The target is not receiving traffic.
2023/09/01 07:05:08 Service basic-mxzrm ready in 25s
2023/09/01 07:05:09 Not Ready: basic-bk7n5-00001; NoTraffic: The target is not receiving traffic.
2023/09/01 07:05:09 Service basic-76z2f ready in 25s
2023/09/01 07:05:09 Service basic-kpxcj ready in 25s
2023/09/01 07:05:10 Not Ready: basic-m8gdj-00001; NoTraffic: The target is not receiving traffic.
2023/09/01 07:05:10 Not Ready: basic-9skgb-00001; NoTraffic: The target is not receiving traffic.
2023/09/01 07:05:10 Service basic-vdpml ready in 25s
2023/09/01 07:05:10 Not Ready: basic-2hlff-00001; NoTraffic: The target is not receiving traffic.
2023/09/01 07:05:11 Service basic-wp4m2 ready in 26s
2023/09/01 07:05:11 Not Ready: basic-7f6vn-00001; NoTraffic: The target is not receiving traffic.
2023/09/01 07:05:11 Not Ready: basic-rz8n9-00001; NoTraffic: The target is not receiving traffic.
2023/09/01 07:05:12 Service basic-2rrvr ready in 26s
2023/09/01 07:05:12 Not Ready: basic-cl4xg-00001; NoTraffic: The target is not receiving traffic.
2023/09/01 07:05:12 Not Ready: basic-rwcg9-00001; NoTraffic: The target is not receiving traffic.
2023/09/01 07:05:12 Service basic-2glgq ready in 26s
2023/09/01 07:05:13 Not Ready: basic-5ndc4-00001; NoTraffic: The target is not receiving traffic.
2023/09/01 07:05:13 Service basic-pznsd ready in 26s
2023/09/01 07:05:13 Not Ready: basic-49z9x-00001; NoTraffic: The target is not receiving traffic.
2023/09/01 07:05:14 Not Ready: basic-hn8ns-00001; NoTraffic: The target is not receiving traffic.
2023/09/01 07:05:14 Not Ready: basic-29k4k-00001; NoTraffic: The target is not receiving traffic.
2023/09/01 07:05:15 Not Ready: basic-ft869-00001; NoTraffic: The target is not receiving traffic.
2023/09/01 07:05:15 Service basic-8j5ls ready in 27s
2023/09/01 07:05:15 Not Ready: basic-fblwh-00001; NoTraffic: The target is not receiving traffic.
2023/09/01 07:05:16 Service basic-9v9p6 ready in 28s
2023/09/01 07:05:16 Not Ready: basic-lbspm-00001; NoTraffic: The target is not receiving traffic.
2023/09/01 07:05:16 Service basic-89k89 ready in 27s
2023/09/01 07:05:16 Not Ready: basic-4748x-00001; NoTraffic: The target is not receiving traffic.
2023/09/01 07:05:17 Service basic-xtl5m ready in 28s
2023/09/01 07:05:17 Not Ready: basic-2lhbc-00001; NoTraffic: The target is not receiving traffic.
2023/09/01 07:05:17 Not Ready: basic-5rg4m-00001; NoTraffic: The target is not receiving traffic.
2023/09/01 07:05:18 Service basic-fbv4k ready in 27s
2023/09/01 07:05:18 Not Ready: basic-8d27x-00001; NoTraffic: The target is not receiving traffic.
2023/09/01 07:05:18 Not Ready: basic-22h6t-00001; NoTraffic: The target is not receiving traffic.
2023/09/01 07:05:19 Service basic-pww5w ready in 28s
2023/09/01 07:05:19 Not Ready: basic-m29ml-00001; NoTraffic: The target is not receiving traffic.
2023/09/01 07:05:19 Service basic-qrkhf ready in 28s
2023/09/01 07:05:19 Not Ready: basic-pzcsj-00001; NoTraffic: The target is not receiving traffic.
2023/09/01 07:05:19 Service basic-96pq2 ready in 28s
2023/09/01 07:05:20 Not Ready: basic-sbrpv-00001; NoTraffic: The target is not receiving traffic.
2023/09/01 07:05:20 Service basic-kmm4v ready in 28s
2023/09/01 07:05:20 Not Ready: basic-thzgb-00001; NoTraffic: The target is not receiving traffic.
2023/09/01 07:05:21 Not Ready: basic-28r6r-00001; NoTraffic: The target is not receiving traffic.
2023/09/01 07:05:21 Service basic-rgdwk ready in 29s
2023/09/01 07:05:21 Not Ready: basic-sxf2j-00001; NoTraffic: The target is not receiving traffic.
2023/09/01 07:05:22 Not Ready: basic-gz8zd-00001; NoTraffic: The target is not receiving traffic.
2023/09/01 07:05:22 Service basic-k4678 ready in 29s
2023/09/01 07:05:23 Not Ready: basic-kwzrf-00001; NoTraffic: The target is not receiving traffic.
2023/09/01 07:05:23 Not Ready: basic-fbgks-00001; NoTraffic: The target is not receiving traffic.
2023/09/01 07:05:23 Service basic-gfpq2 ready in 30s
2023/09/01 07:05:24 Service basic-6bpb9 ready in 29s
2023/09/01 07:05:24 Not Ready: basic-pprm2-00001; NoTraffic: The target is not receiving traffic.
2023/09/01 07:05:24 Not Ready: basic-zpdt8-00001; NoTraffic: The target is not receiving traffic.
2023/09/01 07:05:24 Service basic-8s2jd ready in 30s
2023/09/01 07:05:25 Not Ready: basic-dt9vr-00001; NoTraffic: The target is not receiving traffic.
2023/09/01 07:05:25 Not Ready: basic-8ndh4-00001; NoTraffic: The target is not receiving traffic.
2023/09/01 07:05:25 Not Ready: basic-c5cs4-00001; NoTraffic: The target is not receiving traffic.
2023/09/01 07:05:26 Service basic-zwb5h ready in 30s
2023/09/01 07:05:26 Service basic-qflnm ready in 31s
2023/09/01 07:05:26 Not Ready: basic-52lmz-00001; NoTraffic: The target is not receiving traffic.
2023/09/01 07:05:27 Not Ready: basic-xd6jx-00001; NoTraffic: The target is not receiving traffic.
2023/09/01 07:05:27 Not Ready: basic-fl2ll-00001; NoTraffic: The target is not receiving traffic.
2023/09/01 07:05:27 Service basic-msm6q ready in 31s
2023/09/01 07:05:27 Service basic-dt6fg ready in 31s
2023/09/01 07:05:28 Not Ready: basic-9tlvf-00001; NoTraffic: The target is not receiving traffic.
2023/09/01 07:05:28 Not Ready: basic-7nsrw-00001; NoTraffic: The target is not receiving traffic.
2023/09/01 07:05:28 Service basic-stsst ready in 31s
2023/09/01 07:05:29 Not Ready: basic-gqdvv-00001; NoTraffic: The target is not receiving traffic.
2023/09/01 07:05:29 Service basic-697ss ready in 32s
2023/09/01 07:05:29 Not Ready: basic-xdn2w-00001; NoTraffic: The target is not receiving traffic.
2023/09/01 07:05:30 Not Ready: basic-qmzn4-00001; NoTraffic: The target is not receiving traffic.
2023/09/01 07:05:30 Service basic-fk7rb ready in 32s
2023/09/01 07:05:30 Not Ready: basic-mktn4-00001; NoTraffic: The target is not receiving traffic.
2023/09/01 07:05:30 Not Ready: basic-fjmsr-00001; NoTraffic: The target is not receiving traffic.
2023/09/01 07:05:31 Service basic-lmz6r ready in 31s
2023/09/01 07:05:31 Not Ready: basic-j2lbl-00001; NoTraffic: The target is not receiving traffic.
2023/09/01 07:05:31 Service basic-2l5jl ready in 33s
2023/09/01 07:05:31 Not Ready: basic-d65c2-00001; NoTraffic: The target is not receiving traffic.
2023/09/01 07:05:32 Not Ready: basic-79fjp-00001; NoTraffic: The target is not receiving traffic.
2023/09/01 07:05:32 Service basic-hxh2w ready in 32s
2023/09/01 07:05:33 Not Ready: basic-nbvxw-00001; NoTraffic: The target is not receiving traffic.
2023/09/01 07:05:33 Service basic-xw4kc ready in 34s
2023/09/01 07:05:33 Not Ready: basic-6glsj-00001; NoTraffic: The target is not receiving traffic.
2023/09/01 07:05:34 Not Ready: basic-w5bb4-00001; NoTraffic: The target is not receiving traffic.
2023/09/01 07:05:34 Service basic-tvwzr ready in 34s
2023/09/01 07:05:34 Not Ready: basic-66xnf-00001; NoTraffic: The target is not receiving traffic.
2023/09/01 07:05:34 Service basic-55wrg ready in 33s
2023/09/01 07:05:35 Not Ready: basic-svw4t-00001; NoTraffic: The target is not receiving traffic.
2023/09/01 07:05:35 Service basic-gv478 ready in 34s
2023/09/01 07:05:35 Not Ready: basic-kf2dc-00001; NoTraffic: The target is not receiving traffic.
2023/09/01 07:05:35 Not Ready: basic-jjdzv-00001; NoTraffic: The target is not receiving traffic.
2023/09/01 07:05:36 Service basic-znzxc ready in 33s
2023/09/01 07:05:36 Not Ready: basic-xbnc9-00001; NoTraffic: The target is not receiving traffic.
2023/09/01 07:05:37 Service basic-qd76t ready in 34s
2023/09/01 07:05:37 Not Ready: basic-4w8gr-00001; NoTraffic: The target is not receiving traffic.
2023/09/01 07:05:37 Service basic-k6fv6 ready in 34s
2023/09/01 07:05:37 Not Ready: basic-pfqbq-00001; NoTraffic: The target is not receiving traffic.
2023/09/01 07:05:38 Not Ready: basic-2mpqj-00001; NoTraffic: The target is not receiving traffic.
2023/09/01 07:05:38 Service basic-w2t9r ready in 35s
2023/09/01 07:05:38 Not Ready: basic-b5cgc-00001; NoTraffic: The target is not receiving traffic.
2023/09/01 07:05:39 Service basic-nnhhk ready in 35s
2023/09/01 07:05:39 Not Ready: basic-kjbzn-00001; NoTraffic: The target is not receiving traffic.
2023/09/01 07:05:39 Not Ready: basic-qjbph-00001; NoTraffic: The target is not receiving traffic.
2023/09/01 07:05:39 Service basic-k2l5s ready in 35s
2023/09/01 07:05:40 Not Ready: basic-ltx8v-00001; NoTraffic: The target is not receiving traffic.
2023/09/01 07:05:40 Not Ready: basic-vsb2n-00001; NoTraffic: The target is not receiving traffic.
2023/09/01 07:05:40 Service basic-5dsmx ready in 35s
2023/09/01 07:05:41 Not Ready: basic-cg565-00001; NoTraffic: The target is not receiving traffic.
2023/09/01 07:05:41 Service basic-bk7n5 ready in 36s
2023/09/01 07:05:41 Not Ready: basic-xmh98-00001; NoTraffic: The target is not receiving traffic.
2023/09/01 07:05:42 Not Ready: basic-r5ljj-00001; NoTraffic: The target is not receiving traffic.
2023/09/01 07:05:42 Not Ready: basic-949tm-00001; NoTraffic: The target is not receiving traffic.
2023/09/01 07:05:42 Service basic-m8gdj ready in 36s
2023/09/01 07:05:42 Not Ready: basic-x9qfc-00001; NoTraffic: The target is not receiving traffic.
2023/09/01 07:05:43 Service basic-9skgb ready in 37s
2023/09/01 07:05:43 Service basic-gv48n ready in 56s
2023/09/01 07:05:43 Not Ready: basic-4zmtq-00001; NoTraffic: The target is not receiving traffic.
2023/09/01 07:05:44 Service basic-2hlff ready in 36s
2023/09/01 07:05:44 Not Ready: basic-r8h24-00001; NoTraffic: The target is not receiving traffic.
2023/09/01 07:05:44 Not Ready: basic-khm56-00001; NoTraffic: The target is not receiving traffic.
2023/09/01 07:05:44 Service basic-7f6vn ready in 37s
2023/09/01 07:05:44 Not Ready: basic-hcw6b-00001; NoTraffic: The target is not receiving traffic.
2023/09/01 07:05:45 Service basic-rz8n9 ready in 37s
2023/09/01 07:05:45 Not Ready: basic-bxtfs-00001; NoTraffic: The target is not receiving traffic.
2023/09/01 07:05:46 Service basic-cl4xg ready in 37s
2023/09/01 07:05:46 Not Ready: basic-rxbq2-00001; NoTraffic: The target is not receiving traffic.
2023/09/01 07:05:46 Not Ready: basic-gtgwg-00001; NoTraffic: The target is not receiving traffic.
2023/09/01 07:05:47 Service basic-rwcg9 ready in 38s
2023/09/01 07:05:47 Not Ready: basic-8srf6-00001; NoTraffic: The target is not receiving traffic.
2023/09/01 07:05:47 Not Ready: basic-f4blv-00001; NoTraffic: The target is not receiving traffic.
2023/09/01 07:05:47 Not Ready: basic-fxgmt-00001; NoTraffic: The target is not receiving traffic.
2023/09/01 07:05:48 Service basic-5ndc4 ready in 38s
2023/09/01 07:05:48 Not Ready: basic-4jd8s-00001; NoTraffic: The target is not receiving traffic.
2023/09/01 07:05:48 Service basic-49z9x ready in 38s
2023/09/01 07:05:49 Service basic-hn8ns ready in 38s
2023/09/01 07:05:49 Not Ready: basic-kbxvm-00001; NoTraffic: The target is not receiving traffic.
2023/09/01 07:05:49 Not Ready: basic-mzsvw-00001; NoTraffic: The target is not receiving traffic.
2023/09/01 07:05:49 Service basic-29k4k ready in 38s
2023/09/01 07:05:50 Not Ready: basic-6c2bg-00001; NoTraffic: The target is not receiving traffic.
2023/09/01 07:05:50 Service basic-ft869 ready in 39s
2023/09/01 07:05:50 Not Ready: basic-qhzll-00001; NoTraffic: The target is not receiving traffic.
2023/09/01 07:05:51 Not Ready: basic-w9ds7-00001; NoTraffic: The target is not receiving traffic.
2023/09/01 07:05:51 Service basic-fblwh ready in 39s
2023/09/01 07:05:51 Not Ready: basic-kkhrm-00001; NoTraffic: The target is not receiving traffic.
2023/09/01 07:05:52 Not Ready: basic-tm9qf-00001; NoTraffic: The target is not receiving traffic.
2023/09/01 07:05:52 Service basic-lbspm ready in 40s
2023/09/01 07:05:52 Not Ready: basic-296qr-00001; NoTraffic: The target is not receiving traffic.
2023/09/01 07:05:52 Service basic-4748x ready in 39s
2023/09/01 07:05:52 Not Ready: basic-9vk97-00001; NoTraffic: The target is not receiving traffic.
2023/09/01 07:05:53 Not Ready: basic-rq79v-00001; NoTraffic: The target is not receiving traffic.
2023/09/01 07:05:53 Service basic-2lhbc ready in 40s
2023/09/01 07:05:54 Not Ready: basic-nn8s5-00001; NoTraffic: The target is not receiving traffic.
2023/09/01 07:05:54 Not Ready: basic-m4jjt-00001; NoTraffic: The target is not receiving traffic.
2023/09/01 07:05:54 Service basic-5rg4m ready in 40s
2023/09/01 07:05:54 Not Ready: basic-24dwr-00001; NoTraffic: The target is not receiving traffic.
2023/09/01 07:05:55 Service basic-8d27x ready in 41s
2023/09/01 07:05:56 Not Ready: basic-hsswj-00001; NoTraffic: The target is not receiving traffic.
2023/09/01 07:05:56 Not Ready: basic-jm4mn-00001; NoTraffic: The target is not receiving traffic.
2023/09/01 07:05:56 Service basic-22h6t ready in 41s
2023/09/01 07:05:56 Not Ready: basic-mh652-00001; NoTraffic: The target is not receiving traffic.
2023/09/01 07:05:57 Service basic-m29ml ready in 41s
2023/09/01 07:05:57 Service basic-pzcsj ready in 41s
2023/09/01 07:05:57 Not Ready: basic-6kwkh-00001; NoTraffic: The target is not receiving traffic.
2023/09/01 07:05:57 Not Ready: basic-wwnpl-00001; NoTraffic: The target is not receiving traffic.
2023/09/01 07:05:57 Not Ready: basic-46t8d-00001; NoTraffic: The target is not receiving traffic.
2023/09/01 07:05:58 Service basic-sbrpv ready in 42s
2023/09/01 07:05:58 Not Ready: basic-7g47n-00001; NoTraffic: The target is not receiving traffic.
2023/09/01 07:05:59 Service basic-thzgb ready in 41s
2023/09/01 07:05:59 Not Ready: basic-2j2pp-00001; NoTraffic: The target is not receiving traffic.
2023/09/01 07:05:59 Not Ready: basic-gnhfn-00001; NoTraffic: The target is not receiving traffic.
2023/09/01 07:06:00 Service basic-28r6r ready in 42s
2023/09/01 07:06:00 Not Ready: basic-2v45t-00001; NoTraffic: The target is not receiving traffic.
2023/09/01 07:06:00 Not Ready: basic-85vnn-00001; NoTraffic: The target is not receiving traffic.
2023/09/01 07:06:01 Not Ready: basic-jxq76-00001; NoTraffic: The target is not receiving traffic.
2023/09/01 07:06:01 Service basic-sxf2j ready in 43s
2023/09/01 07:06:01 Not Ready: basic-pnnhd-00001; NoTraffic: The target is not receiving traffic.
2023/09/01 07:06:02 Not Ready: basic-pr86c-00001; NoTraffic: The target is not receiving traffic.
2023/09/01 07:06:02 Service basic-kwzrf ready in 43s
2023/09/01 07:06:02 Service basic-gz8zd ready in 44s
2023/09/01 07:06:02 Not Ready: basic-snlzx-00001; NoTraffic: The target is not receiving traffic.
2023/09/01 07:06:02 Not Ready: basic-bxrmd-00001; NoTraffic: The target is not receiving traffic.
2023/09/01 07:06:03 Service basic-fbgks ready in 44s
2023/09/01 07:06:03 Not Ready: basic-74qvb-00001; NoTraffic: The target is not receiving traffic.
2023/09/01 07:06:04 Service basic-pprm2 ready in 43s
2023/09/01 07:06:04 Not Ready: basic-t668n-00001; NoTraffic: The target is not receiving traffic.
2023/09/01 07:06:04 Not Ready: basic-kcnb6-00001; NoTraffic: The target is not receiving traffic.
2023/09/01 07:06:05 Service basic-zpdt8 ready in 44s
2023/09/01 07:06:05 Not Ready: basic-8shqx-00001; NoTraffic: The target is not receiving traffic.
2023/09/01 07:06:05 Service basic-dt9vr ready in 44s
2023/09/01 07:06:05 Not Ready: basic-k2jb2-00001; NoTraffic: The target is not receiving traffic.
2023/09/01 07:06:06 Service basic-8ndh4 ready in 45s
2023/09/01 07:06:06 Not Ready: basic-xgx7f-00001; NoTraffic: The target is not receiving traffic.
2023/09/01 07:06:06 Not Ready: basic-lsznw-00001; NoTraffic: The target is not receiving traffic.
2023/09/01 07:06:07 Service basic-c5cs4 ready in 44s
2023/09/01 07:06:07 Not Ready: basic-vvs82-00001; NoTraffic: The target is not receiving traffic.
2023/09/01 07:06:07 Not Ready: basic-n4vfj-00001; NoTraffic: The target is not receiving traffic.
2023/09/01 07:06:08 Not Ready: basic-7fms8-00001; NoTraffic: The target is not receiving traffic.
2023/09/01 07:06:08 Not Ready: basic-6fj5x-00001; NoTraffic: The target is not receiving traffic.
2023/09/01 07:06:08 Not Ready: basic-djwq9-00001; NoTraffic: The target is not receiving traffic.
2023/09/01 07:06:09 Service basic-xd6jx ready in 46s
2023/09/01 07:06:09 Service basic-fl2ll ready in 46s
2023/09/01 07:06:09 Not Ready: basic-qjvhg-00001; NoTraffic: The target is not receiving traffic.
2023/09/01 07:06:10 Not Ready: basic-fbx9p-00001; NoTraffic: The target is not receiving traffic.
2023/09/01 07:06:10 Service basic-9tlvf ready in 46s
2023/09/01 07:06:10 Not Ready: basic-9vlxd-00001; NoTraffic: The target is not receiving traffic.
2023/09/01 07:06:11 Not Ready: basic-8x69f-00001; NoTraffic: The target is not receiving traffic.
2023/09/01 07:06:11 Service basic-7nsrw ready in 47s
2023/09/01 07:06:11 Not Ready: basic-75wk9-00001; NoTraffic: The target is not receiving traffic.
2023/09/01 07:06:12 Not Ready: basic-4mdts-00001; NoTraffic: The target is not receiving traffic.
2023/09/01 07:06:12 Service basic-gqdvv ready in 47s
2023/09/01 07:06:12 Not Ready: basic-vfwnd-00001; NoTraffic: The target is not receiving traffic.
2023/09/01 07:06:13 Service basic-xdn2w ready in 47s
2023/09/01 07:06:13 Not Ready: basic-7lrgt-00001; NoTraffic: The target is not receiving traffic.
2023/09/01 07:06:13 Not Ready: basic-t5qk5-00001; NoTraffic: The target is not receiving traffic.
2023/09/01 07:06:13 Service basic-fjmsr ready in 46s
2023/09/01 07:06:14 Not Ready: basic-pddzd-00001; NoTraffic: The target is not receiving traffic.
2023/09/01 07:06:14 Service basic-qmzn4 ready in 48s
2023/09/01 07:06:14 Not Ready: basic-t5llw-00001; NoTraffic: The target is not receiving traffic.
2023/09/01 07:06:15 Not Ready: basic-wjqrj-00001; NoTraffic: The target is not receiving traffic.
2023/09/01 07:06:15 Service basic-mktn4 ready in 49s
2023/09/01 07:06:15 Not Ready: basic-646xd-00001; NoTraffic: The target is not receiving traffic.
2023/09/01 07:06:16 Service basic-d65c2 ready in 48s
2023/09/01 07:06:16 Not Ready: basic-dz6fh-00001; NoTraffic: The target is not receiving traffic.
2023/09/01 07:06:16 Not Ready: basic-dn64l-00001; NoTraffic: The target is not receiving traffic.
2023/09/01 07:06:17 Service basic-j2lbl ready in 49s
2023/09/01 07:06:17 Not Ready: basic-sxlqg-00001; NoTraffic: The target is not receiving traffic.
2023/09/01 07:06:17 Not Ready: basic-79zqh-00001; NoTraffic: The target is not receiving traffic.
2023/09/01 07:06:17 Service basic-nbvxw ready in 48s
2023/09/01 07:06:18 Not Ready: basic-f6w6k-00001; NoTraffic: The target is not receiving traffic.
2023/09/01 07:06:18 Not Ready: basic-md2xz-00001; NoTraffic: The target is not receiving traffic.
2023/09/01 07:06:18 Service basic-79fjp ready in 50s
2023/09/01 07:06:18 Not Ready: basic-mm574-00001; NoTraffic: The target is not receiving traffic.
2023/09/01 07:06:19 Service basic-6glsj ready in 49s
2023/09/01 07:06:19 Not Ready: basic-c8l96-00001; NoTraffic: The target is not receiving traffic.
2023/09/01 07:06:20 Service basic-w5bb4 ready in 49s
2023/09/01 07:06:20 Not Ready: basic-t6w5s-00001; NoTraffic: The target is not receiving traffic.
2023/09/01 07:06:20 Not Ready: basic-lbk2h-00001; NoTraffic: The target is not receiving traffic.
2023/09/01 07:06:20 Service basic-66xnf ready in 50s
2023/09/01 07:06:21 Not Ready: basic-vdcph-00001; NoTraffic: The target is not receiving traffic.
2023/09/01 07:06:21 Service basic-svw4t ready in 50s
2023/09/01 07:06:21 Not Ready: basic-627gp-00001; NoTraffic: The target is not receiving traffic.
2023/09/01 07:06:21 Not Ready: basic-5c7ft-00001; NoTraffic: The target is not receiving traffic.
2023/09/01 07:06:22 Service basic-kf2dc ready in 51s
2023/09/01 07:06:22 Not Ready: basic-49bmf-00001; NoTraffic: The target is not receiving traffic.
2023/09/01 07:06:23 Not Ready: basic-bv2tz-00001; NoTraffic: The target is not receiving traffic.
2023/09/01 07:06:23 Service basic-jjdzv ready in 51s
2023/09/01 07:06:23 Not Ready: basic-rmfvf-00001; NoTraffic: The target is not receiving traffic.
2023/09/01 07:06:23 Service basic-xbnc9 ready in 51s
2023/09/01 07:06:24 Not Ready: basic-7vszc-00001; NoTraffic: The target is not receiving traffic.
2023/09/01 07:06:24 Service basic-4w8gr ready in 51s
2023/09/01 07:06:24 Not Ready: basic-966r6-00001; NoTraffic: The target is not receiving traffic.
2023/09/01 07:06:25 Not Ready: basic-2shzt-00001; NoTraffic: The target is not receiving traffic.
2023/09/01 07:06:25 Service basic-pfqbq ready in 52s
2023/09/01 07:06:25 Not Ready: basic-4k595-00001; NoTraffic: The target is not receiving traffic.
2023/09/01 07:06:26 Not Ready: basic-fbwdn-00001; NoTraffic: The target is not receiving traffic.
2023/09/01 07:06:26 Service basic-2mpqj ready in 52s
2023/09/01 07:06:26 Not Ready: basic-ms8ds-00001; NoTraffic: The target is not receiving traffic.
2023/09/01 07:06:27 Service basic-kjbzn ready in 51s
2023/09/01 07:06:27 Not Ready: basic-t2927-00001; NoTraffic: The target is not receiving traffic.
2023/09/01 07:06:27 Not Ready: basic-k529d-00001; NoTraffic: The target is not receiving traffic.
2023/09/01 07:06:28 Service basic-qjbph ready in 52s
2023/09/01 07:06:28 Not Ready: basic-md99p-00001; NoTraffic: The target is not receiving traffic.
2023/09/01 07:06:28 Not Ready: basic-jk4d4-00001; NoTraffic: The target is not receiving traffic.
2023/09/01 07:06:28 Service basic-b5cgc ready in 54s
2023/09/01 07:06:29 Not Ready: basic-pbzn5-00001; NoTraffic: The target is not receiving traffic.
2023/09/01 07:06:29 Not Ready: basic-6wxwx-00001; NoTraffic: The target is not receiving traffic.
2023/09/01 07:06:29 Service basic-ltx8v ready in 53s
2023/09/01 07:06:30 Not Ready: basic-s687c-00001; NoTraffic: The target is not receiving traffic.
2023/09/01 07:06:30 Service basic-vsb2n ready in 54s
2023/09/01 07:06:30 Not Ready: basic-s97mv-00001; NoTraffic: The target is not receiving traffic.
2023/09/01 07:06:31 Not Ready: basic-xsjmr-00001; NoTraffic: The target is not receiving traffic.
2023/09/01 07:06:31 Service basic-xmh98 ready in 54s
2023/09/01 07:06:31 Not Ready: basic-56n5n-00001; NoTraffic: The target is not receiving traffic.
2023/09/01 07:06:32 Not Ready: basic-mhjm8-00001; NoTraffic: The target is not receiving traffic.
2023/09/01 07:06:32 Service basic-cg565 ready in 55s
2023/09/01 07:06:32 Not Ready: basic-fn2x8-00001; NoTraffic: The target is not receiving traffic.
2023/09/01 07:06:32 Service basic-r5ljj ready in 54s
2023/09/01 07:06:33 Not Ready: basic-n85g7-00001; NoTraffic: The target is not receiving traffic.
2023/09/01 07:06:33 Not Ready: basic-cn7rh-00001; NoTraffic: The target is not receiving traffic.
2023/09/01 07:06:33 Service basic-949tm ready in 55s
2023/09/01 07:06:34 Not Ready: basic-95l2k-00001; NoTraffic: The target is not receiving traffic.
2023/09/01 07:06:34 Service basic-x9qfc ready in 55s
2023/09/01 07:06:34 Not Ready: basic-9c6cv-00001; NoTraffic: The target is not receiving traffic.
2023/09/01 07:06:35 Service basic-4zmtq ready in 56s
2023/09/01 07:06:35 Not Ready: basic-9x5tc-00001; NoTraffic: The target is not receiving traffic.
2023/09/01 07:06:35 Not Ready: basic-2v25j-00001; NoTraffic: The target is not receiving traffic.
2023/09/01 07:06:35 Service basic-r8h24 ready in 55s
2023/09/01 07:06:36 Not Ready: basic-4zbg5-00001; NoTraffic: The target is not receiving traffic.
2023/09/01 07:06:36 Not Ready: basic-s5lmw-00001; NoTraffic: The target is not receiving traffic.
2023/09/01 07:06:37 Service basic-khm56 ready in 57s
2023/09/01 07:06:37 Not Ready: basic-6zsqm-00001; NoTraffic: The target is not receiving traffic.
2023/09/01 07:06:37 Service basic-hcw6b ready in 56s
2023/09/01 07:06:37 Not Ready: basic-kjfq7-00001; NoTraffic: The target is not receiving traffic.
2023/09/01 07:06:38 Not Ready: basic-47fzb-00001; NoTraffic: The target is not receiving traffic.
2023/09/01 07:06:38 Service basic-bxtfs ready in 57s
2023/09/01 07:06:38 Not Ready: basic-kwzpc-00001; NoTraffic: The target is not receiving traffic.
2023/09/01 07:06:39 Not Ready: basic-7j96n-00001; NoTraffic: The target is not receiving traffic.
2023/09/01 07:06:39 Service basic-rxbq2 ready in 57s
2023/09/01 07:06:39 Not Ready: basic-kd876-00001; NoTraffic: The target is not receiving traffic.
2023/09/01 07:06:40 Not Ready: basic-sl5q6-00001; NoTraffic: The target is not receiving traffic.
2023/09/01 07:06:40 Service basic-gtgwg ready in 58s
2023/09/01 07:06:40 Not Ready: basic-t7lgd-00001; NoTraffic: The target is not receiving traffic.
2023/09/01 07:06:40 Service basic-8srf6 ready in 57s
2023/09/01 07:06:40 Not Ready: basic-hphmw-00001; NoTraffic: The target is not receiving traffic.
2023/09/01 07:06:41 Not Ready: basic-45hqb-00001; NoTraffic: The target is not receiving traffic.
2023/09/01 07:06:41 Service basic-f4blv ready in 58s
2023/09/01 07:06:42 Not Ready: basic-jjqjx-00001; NoTraffic: The target is not receiving traffic.
2023/09/01 07:06:42 Service basic-fxgmt ready in 58s
2023/09/01 07:06:42 Not Ready: basic-lldp8-00001; NoTraffic: The target is not receiving traffic.
2023/09/01 07:06:42 Not Ready: basic-4zptj-00001; NoTraffic: The target is not receiving traffic.
2023/09/01 07:06:43 Service basic-4jd8s ready in 59s
2023/09/01 07:06:43 Not Ready: basic-f59wk-00001; NoTraffic: The target is not receiving traffic.
2023/09/01 07:06:44 Service basic-kbxvm ready in 59s
2023/09/01 07:06:44 Not Ready: basic-59xcz-00001; NoTraffic: The target is not receiving traffic.
2023/09/01 07:06:44 Not Ready: basic-fpxnf-00001; NoTraffic: The target is not receiving traffic.
2023/09/01 07:06:44 Not Ready: basic-msfpr-00001; NoTraffic: The target is not receiving traffic.
2023/09/01 07:06:45 Service basic-mzsvw ready in 59s
2023/09/01 07:06:45 Service basic-6c2bg ready in 59s
2023/09/01 07:06:45 Not Ready: basic-lr2tp-00001; NoTraffic: The target is not receiving traffic.
2023/09/01 07:06:46 Not Ready: basic-flm48-00001; NoTraffic: The target is not receiving traffic.
2023/09/01 07:06:46 Not Ready: basic-cc66g-00001; NoTraffic: The target is not receiving traffic.
2023/09/01 07:06:46 Service basic-qhzll ready in 60s
2023/09/01 07:06:47 Service basic-w9ds7 ready in 60s
2023/09/01 07:06:47 Not Ready: basic-47tn8-00001; NoTraffic: The target is not receiving traffic.
2023/09/01 07:06:47 Not Ready: basic-vvb5p-00001; NoTraffic: The target is not receiving traffic.
2023/09/01 07:06:48 Not Ready: basic-57flg-00001; NoTraffic: The target is not receiving traffic.
2023/09/01 07:06:48 Service basic-kkhrm ready in 61s
2023/09/01 07:06:48 Not Ready: basic-nlpwd-00001; NoTraffic: The target is not receiving traffic.
2023/09/01 07:06:48 Service basic-tm9qf ready in 60s
2023/09/01 07:06:49 Not Ready: basic-59dv7-00001; NoTraffic: The target is not receiving traffic.
2023/09/01 07:06:49 Not Ready: basic-wwxgd-00001; NoTraffic: The target is not receiving traffic.
2023/09/01 07:06:49 Service basic-296qr ready in 61s
2023/09/01 07:06:49 Not Ready: basic-dkgqx-00001; NoTraffic: The target is not receiving traffic.
2023/09/01 07:06:50 Service basic-9vk97 ready in 61s
2023/09/01 07:06:50 Not Ready: basic-jqg6p-00001; NoTraffic: The target is not receiving traffic.
2023/09/01 07:06:51 Service basic-rq79v ready in 61s
2023/09/01 07:06:51 Not Ready: basic-vmngf-00001; NoTraffic: The target is not receiving traffic.
2023/09/01 07:06:51 Not Ready: basic-c9swj-00001; NoTraffic: The target is not receiving traffic.
2023/09/01 07:06:52 Service basic-nn8s5 ready in 62s
2023/09/01 07:06:52 Not Ready: basic-ldztz-00001; NoTraffic: The target is not receiving traffic.
2023/09/01 07:06:52 Not Ready: basic-qtk5r-00001; NoTraffic: The target is not receiving traffic.
2023/09/01 07:06:52 Service basic-m4jjt ready in 62s
2023/09/01 07:06:53 Not Ready: basic-dkg4x-00001; NoTraffic: The target is not receiving traffic.
2023/09/01 07:06:53 Service basic-24dwr ready in 62s
2023/09/01 07:06:53 Not Ready: basic-42tv5-00001; NoTraffic: The target is not receiving traffic.
2023/09/01 07:06:54 Not Ready: basic-tmn8d-00001; NoTraffic: The target is not receiving traffic.
2023/09/01 07:06:54 Service basic-hsswj ready in 63s
2023/09/01 07:06:54 Not Ready: basic-kdb62-00001; NoTraffic: The target is not receiving traffic.
2023/09/01 07:06:55 Not Ready: basic-m6fb7-00001; NoTraffic: The target is not receiving traffic.
2023/09/01 07:06:55 Service basic-jm4mn ready in 63s
2023/09/01 07:06:55 Not Ready: basic-xzbkq-00001; NoTraffic: The target is not receiving traffic.
2023/09/01 07:06:56 Service basic-mh652 ready in 63s
2023/09/01 07:06:56 Not Ready: basic-wgfpr-00001; NoTraffic: The target is not receiving traffic.
2023/09/01 07:06:56 Not Ready: basic-jf5ml-00001; NoTraffic: The target is not receiving traffic.
2023/09/01 07:06:57 Service basic-6kwkh ready in 64s
2023/09/01 07:06:57 Not Ready: basic-kvgkl-00001; NoTraffic: The target is not receiving traffic.
2023/09/01 07:06:57 Not Ready: basic-qg4rn-00001; NoTraffic: The target is not receiving traffic.
2023/09/01 07:06:57 Service basic-wwnpl ready in 64s
2023/09/01 07:06:57 Not Ready: basic-rjhwx-00001; NoTraffic: The target is not receiving traffic.
2023/09/01 07:06:58 Service basic-7g47n ready in 64s
2023/09/01 07:06:58 Not Ready: basic-kvbqc-00001; NoTraffic: The target is not receiving traffic.
2023/09/01 07:06:59 Not Ready: basic-jgxzn-00001; NoTraffic: The target is not receiving traffic.
2023/09/01 07:06:59 Service basic-46t8d ready in 65s
2023/09/01 07:06:59 Not Ready: basic-nrb8c-00001; NoTraffic: The target is not receiving traffic.
2023/09/01 07:07:00 Service basic-2j2pp ready in 64s
2023/09/01 07:07:00 Not Ready: basic-6gb77-00001; NoTraffic: The target is not receiving traffic.
2023/09/01 07:07:00 Not Ready: basic-nppsz-00001; NoTraffic: The target is not receiving traffic.
2023/09/01 07:07:00 Service basic-gnhfn ready in 65s
2023/09/01 07:07:00 Not Ready: basic-b5c65-00001; NoTraffic: The target is not receiving traffic.
2023/09/01 07:07:01 Service basic-2v45t ready in 65s
2023/09/01 07:07:01 Not Ready: basic-2vbnp-00001; NoTraffic: The target is not receiving traffic.
2023/09/01 07:07:02 Not Ready: basic-cznvj-00001; NoTraffic: The target is not receiving traffic.
2023/09/01 07:07:02 Service basic-85vnn ready in 66s
2023/09/01 07:07:02 Not Ready: basic-fwzdp-00001; NoTraffic: The target is not receiving traffic.
2023/09/01 07:07:03 Not Ready: basic-s2j64-00001; NoTraffic: The target is not receiving traffic.
2023/09/01 07:07:03 Service basic-jxq76 ready in 66s
2023/09/01 07:07:03 Not Ready: basic-6xwxh-00001; NoTraffic: The target is not receiving traffic.
2023/09/01 07:07:04 Not Ready: basic-t9bwb-00001; NoTraffic: The target is not receiving traffic.
2023/09/01 07:07:04 Service basic-pnnhd ready in 67s
2023/09/01 07:07:04 Not Ready: basic-45k8m-00001; NoTraffic: The target is not receiving traffic.
2023/09/01 07:07:05 Not Ready: basic-4bmgh-00001; NoTraffic: The target is not receiving traffic.
2023/09/01 07:07:05 Not Ready: basic-6mbv7-00001; NoTraffic: The target is not receiving traffic.
2023/09/01 07:07:05 Service basic-pr86c ready in 67s
2023/09/01 07:07:05 Service basic-snlzx ready in 67s
2023/09/01 07:07:06 Not Ready: basic-4vqd8-00001; NoTraffic: The target is not receiving traffic.
2023/09/01 07:07:06 Service basic-bxrmd ready in 67s
2023/09/01 07:07:06 Not Ready: basic-7kksm-00001; NoTraffic: The target is not receiving traffic.
2023/09/01 07:07:06 Not Ready: basic-fffm6-00001; NoTraffic: The target is not receiving traffic.
2023/09/01 07:07:07 Service basic-74qvb ready in 68s
2023/09/01 07:07:07 Service basic-52lmz ready in 105s
2023/09/01 07:07:07 Service basic-t668n ready in 67s
2023/09/01 07:07:08 Not Ready: basic-j6t8k-00001; NoTraffic: The target is not receiving traffic.
2023/09/01 07:07:08 Not Ready: basic-58t5r-00001; NoTraffic: The target is not receiving traffic.
2023/09/01 07:07:08 Not Ready: basic-lmdjj-00001; NoTraffic: The target is not receiving traffic.
2023/09/01 07:07:09 Service basic-kcnb6 ready in 68s
2023/09/01 07:07:09 Not Ready: basic-cjrk8-00001; NoTraffic: The target is not receiving traffic.
2023/09/01 07:07:09 Not Ready: basic-mg4sl-00001; NoTraffic: The target is not receiving traffic.
2023/09/01 07:07:09 Not Ready: basic-thhn7-00001; NoTraffic: The target is not receiving traffic.
2023/09/01 07:07:10 Service basic-8shqx ready in 69s
2023/09/01 07:07:10 Not Ready: basic-ldwnh-00001; NoTraffic: The target is not receiving traffic.
2023/09/01 07:07:11 Service basic-k2jb2 ready in 69s
2023/09/01 07:07:11 Not Ready: basic-2xhrx-00001; NoTraffic: The target is not receiving traffic.
2023/09/01 07:07:11 Not Ready: basic-6bzhj-00001; NoTraffic: The target is not receiving traffic.
2023/09/01 07:07:11 Service basic-xgx7f ready in 69s
2023/09/01 07:07:12 Service basic-lsznw ready in 70s
2023/09/01 07:07:12 Not Ready: basic-qknx4-00001; NoTraffic: The target is not receiving traffic.
2023/09/01 07:07:12 Not Ready: basic-qk58f-00001; NoTraffic: The target is not receiving traffic.
2023/09/01 07:07:12 Not Ready: basic-zk9zj-00001; NoTraffic: The target is not receiving traffic.
2023/09/01 07:07:12 Service basic-vvs82 ready in 69s
2023/09/01 07:07:13 Service basic-n4vfj ready in 70s
2023/09/01 07:07:14 Not Ready: basic-l8sbx-00001; NoTraffic: The target is not receiving traffic.
2023/09/01 07:07:14 Not Ready: basic-f6959-00001; NoTraffic: The target is not receiving traffic.
2023/09/01 07:07:14 Service basic-7fms8 ready in 70s
2023/09/01 07:07:14 Not Ready: basic-rb9w7-00001; NoTraffic: The target is not receiving traffic.
2023/09/01 07:07:15 Service basic-6fj5x ready in 71s
2023/09/01 07:07:15 Not Ready: basic-cnhh8-00001; NoTraffic: The target is not receiving traffic.
2023/09/01 07:07:15 Not Ready: basic-69tvj-00001; NoTraffic: The target is not receiving traffic.
2023/09/01 07:07:15 Not Ready: basic-cs2kc-00001; NoTraffic: The target is not receiving traffic.
2023/09/01 07:07:16 Service basic-fbx9p ready in 69s
2023/09/01 07:07:16 Service basic-djwq9 ready in 71s
2023/09/01 07:07:16 Not Ready: basic-l48vr-00001; NoTraffic: The target is not receiving traffic.
2023/09/01 07:07:17 Not Ready: basic-8plz6-00001; NoTraffic: The target is not receiving traffic.
2023/09/01 07:07:17 Not Ready: basic-8xlxm-00001; NoTraffic: The target is not receiving traffic.
2023/09/01 07:07:17 Service basic-qjvhg ready in 72s
2023/09/01 07:07:18 Not Ready: basic-q4nxq-00001; NoTraffic: The target is not receiving traffic.
2023/09/01 07:07:18 Service basic-9vlxd ready in 72s
2023/09/01 07:07:18 Not Ready: basic-5v5qt-00001; NoTraffic: The target is not receiving traffic.
2023/09/01 07:07:18 Not Ready: basic-5dc2k-00001; NoTraffic: The target is not receiving traffic.
2023/09/01 07:07:19 Service basic-8x69f ready in 72s
2023/09/01 07:07:19 Not Ready: basic-dfq9d-00001; NoTraffic: The target is not receiving traffic.
2023/09/01 07:07:19 Service basic-75wk9 ready in 72s
2023/09/01 07:07:20 Not Ready: basic-qvmbc-00001; NoTraffic: The target is not receiving traffic.
2023/09/01 07:07:20 Not Ready: basic-glwdz-00001; NoTraffic: The target is not receiving traffic.
2023/09/01 07:07:20 Service basic-4mdts ready in 72s
2023/09/01 07:07:21 Not Ready: basic-xwvb2-00001; NoTraffic: The target is not receiving traffic.
2023/09/01 07:07:21 Service basic-vfwnd ready in 73s
2023/09/01 07:07:21 Not Ready: basic-vw96l-00001; NoTraffic: The target is not receiving traffic.
2023/09/01 07:07:22 Not Ready: basic-dz9r6-00001; NoTraffic: The target is not receiving traffic.
2023/09/01 07:07:22 Service basic-7lrgt ready in 73s
2023/09/01 07:07:22 Not Ready: basic-v8g9d-00001; NoTraffic: The target is not receiving traffic.
2023/09/01 07:07:23 Not Ready: basic-mrgqc-00001; NoTraffic: The target is not receiving traffic.
2023/09/01 07:07:23 Service basic-t5qk5 ready in 74s
2023/09/01 07:07:23 Not Ready: basic-4qbsk-00001; NoTraffic: The target is not receiving traffic.
2023/09/01 07:07:24 Service basic-pddzd ready in 73s
2023/09/01 07:07:24 Not Ready: basic-7s6lj-00001; NoTraffic: The target is not receiving traffic.
2023/09/01 07:07:24 Not Ready: basic-gwfgm-00001; NoTraffic: The target is not receiving traffic.
2023/09/01 07:07:24 Service basic-646xd ready in 73s
2023/09/01 07:07:25 Not Ready: basic-88kjl-00001; NoTraffic: The target is not receiving traffic.
2023/09/01 07:07:25 Not Ready: basic-pj64h-00001; NoTraffic: The target is not receiving traffic.
2023/09/01 07:07:25 Service basic-t5llw ready in 75s
2023/09/01 07:07:26 Not Ready: basic-br7d7-00001; NoTraffic: The target is not receiving traffic.
2023/09/01 07:07:26 Not Ready: basic-72nlr-00001; NoTraffic: The target is not receiving traffic.
2023/09/01 07:07:26 Service basic-wjqrj ready in 75s
2023/09/01 07:07:27 Not Ready: basic-r8dv2-00001; NoTraffic: The target is not receiving traffic.
2023/09/01 07:07:27 Not Ready: basic-jdmfc-00001; NoTraffic: The target is not receiving traffic.
2023/09/01 07:07:27 Service basic-dz6fh ready in 75s
2023/09/01 07:07:28 Not Ready: basic-7h6tl-00001; NoTraffic: The target is not receiving traffic.
2023/09/01 07:07:28 Service basic-dn64l ready in 76s
2023/09/01 07:07:28 Not Ready: basic-wq8rp-00001; NoTraffic: The target is not receiving traffic.
2023/09/01 07:07:29 Service basic-sxlqg ready in 75s
2023/09/01 07:07:29 Not Ready: basic-dr8mz-00001; NoTraffic: The target is not receiving traffic.
2023/09/01 07:07:29 Not Ready: basic-trlwd-00001; NoTraffic: The target is not receiving traffic.
2023/09/01 07:07:29 Service basic-79zqh ready in 76s
2023/09/01 07:07:30 Not Ready: basic-xk847-00001; NoTraffic: The target is not receiving traffic.
2023/09/01 07:07:30 Service basic-f6w6k ready in 76s
2023/09/01 07:07:30 Not Ready: basic-kgqfx-00001; NoTraffic: The target is not receiving traffic.
2023/09/01 07:07:30 Not Ready: basic-zmn4f-00001; NoTraffic: The target is not receiving traffic.
2023/09/01 07:07:31 Service basic-md2xz ready in 77s
2023/09/01 07:07:31 Not Ready: basic-q4kdt-00001; NoTraffic: The target is not receiving traffic.
2023/09/01 07:07:32 Service basic-mm574 ready in 77s
2023/09/01 07:07:32 Not Ready: basic-znp64-00001; NoTraffic: The target is not receiving traffic.
2023/09/01 07:07:32 Not Ready: basic-prd79-00001; NoTraffic: The target is not receiving traffic.
2023/09/01 07:07:32 Service basic-c8l96 ready in 77s
2023/09/01 07:07:33 Not Ready: basic-t4nx6-00001; NoTraffic: The target is not receiving traffic.
2023/09/01 07:07:33 Not Ready: basic-dl8x6-00001; NoTraffic: The target is not receiving traffic.
2023/09/01 07:07:33 Service basic-t6w5s ready in 77s
2023/09/01 07:07:33 Not Ready: basic-c5st4-00001; NoTraffic: The target is not receiving traffic.
2023/09/01 07:07:34 Service basic-lbk2h ready in 78s
2023/09/01 07:07:34 Not Ready: basic-7vvrw-00001; NoTraffic: The target is not receiving traffic.
2023/09/01 07:07:35 Not Ready: basic-fbvt5-00001; NoTraffic: The target is not receiving traffic.
2023/09/01 07:07:35 Service basic-vdcph ready in 78s
2023/09/01 07:07:35 Not Ready: basic-tz57x-00001; NoTraffic: The target is not receiving traffic.
2023/09/01 07:07:36 Service basic-627gp ready in 78s
2023/09/01 07:07:36 Not Ready: basic-tg6rk-00001; NoTraffic: The target is not receiving traffic.
2023/09/01 07:07:36 Not Ready: basic-8t72b-00001; NoTraffic: The target is not receiving traffic.
2023/09/01 07:07:36 Not Ready: basic-rgc9p-00001; NoTraffic: The target is not receiving traffic.
2023/09/01 07:07:37 Service basic-5c7ft ready in 78s
2023/09/01 07:07:37 Service basic-49bmf ready in 79s
2023/09/01 07:07:37 Not Ready: basic-9jlqv-00001; NoTraffic: The target is not receiving traffic.
2023/09/01 07:07:38 Not Ready: basic-cxgt4-00001; NoTraffic: The target is not receiving traffic.
2023/09/01 07:07:38 Service basic-bv2tz ready in 79s
2023/09/01 07:07:38 Not Ready: basic-qx2vf-00001; NoTraffic: The target is not receiving traffic.
2023/09/01 07:07:38 Not Ready: basic-fs9ml-00001; NoTraffic: The target is not receiving traffic.
2023/09/01 07:07:39 Service basic-rmfvf ready in 80s
2023/09/01 07:07:39 Not Ready: basic-lj5hg-00001; NoTraffic: The target is not receiving traffic.
2023/09/01 07:07:40 Service basic-7vszc ready in 79s
2023/09/01 07:07:40 Not Ready: basic-ffdpn-00001; NoTraffic: The target is not receiving traffic.
2023/09/01 07:07:40 Not Ready: basic-vst67-00001; NoTraffic: The target is not receiving traffic.
2023/09/01 07:07:40 Service basic-966r6 ready in 80s
2023/09/01 07:07:41 Not Ready: basic-2t9bl-00001; NoTraffic: The target is not receiving traffic.
2023/09/01 07:07:41 Service basic-2shzt ready in 80s
2023/09/01 07:07:41 Not Ready: basic-clbrd-00001; NoTraffic: The target is not receiving traffic.
2023/09/01 07:07:42 Not Ready: basic-ffjkm-00001; NoTraffic: The target is not receiving traffic.
2023/09/01 07:07:42 Service basic-4k595 ready in 81s
2023/09/01 07:07:42 Not Ready: basic-s65kw-00001; NoTraffic: The target is not receiving traffic.
2023/09/01 07:07:43 Service basic-fbwdn ready in 80s
2023/09/01 07:07:43 Not Ready: basic-4pdrz-00001; NoTraffic: The target is not receiving traffic.
2023/09/01 07:07:43 Not Ready: basic-tcs7p-00001; NoTraffic: The target is not receiving traffic.
2023/09/01 07:07:44 Service basic-ms8ds ready in 81s
2023/09/01 07:07:44 Not Ready: basic-7gvwg-00001; NoTraffic: The target is not receiving traffic.
2023/09/01 07:07:44 Not Ready: basic-r6lvd-00001; NoTraffic: The target is not receiving traffic.
2023/09/01 07:07:44 Service basic-t2927 ready in 81s
2023/09/01 07:07:45 Not Ready: basic-httrt-00001; NoTraffic: The target is not receiving traffic.
2023/09/01 07:07:45 Service basic-k529d ready in 82s
2023/09/01 07:07:45 Not Ready: basic-g96pm-00001; NoTraffic: The target is not receiving traffic.
2023/09/01 07:07:45 Not Ready: basic-skmxf-00001; NoTraffic: The target is not receiving traffic.
2023/09/01 07:07:46 Service basic-pbzn5 ready in 81s
2023/09/01 07:07:46 Not Ready: basic-k4fxk-00001; NoTraffic: The target is not receiving traffic.
2023/09/01 07:07:47 Not Ready: basic-rc286-00001; NoTraffic: The target is not receiving traffic.
2023/09/01 07:07:47 Service basic-md99p ready in 83s
2023/09/01 07:07:47 Not Ready: basic-xr5zx-00001; NoTraffic: The target is not receiving traffic.
2023/09/01 07:07:48 Service basic-jk4d4 ready in 83s
2023/09/01 07:07:48 Not Ready: basic-kh9dp-00001; NoTraffic: The target is not receiving traffic.
2023/09/01 07:07:48 Not Ready: basic-glcvs-00001; NoTraffic: The target is not receiving traffic.
2023/09/01 07:07:48 Service basic-6wxwx ready in 83s
2023/09/01 07:07:49 Not Ready: basic-9rlhb-00001; NoTraffic: The target is not receiving traffic.
2023/09/01 07:07:49 Not Ready: basic-ns8s7-00001; NoTraffic: The target is not receiving traffic.
2023/09/01 07:07:49 Service basic-s687c ready in 83s
2023/09/01 07:07:50 Service basic-s97mv ready in 84s
2023/09/01 07:07:50 Not Ready: basic-pfs9d-00001; NoTraffic: The target is not receiving traffic.
2023/09/01 07:07:50 Not Ready: basic-gd8dj-00001; NoTraffic: The target is not receiving traffic.
2023/09/01 07:07:50 Not Ready: basic-pj4jg-00001; NoTraffic: The target is not receiving traffic.
2023/09/01 07:07:51 Service basic-xsjmr ready in 84s
2023/09/01 07:07:51 Not Ready: basic-bc6f2-00001; NoTraffic: The target is not receiving traffic.
2023/09/01 07:07:52 Not Ready: basic-98ggx-00001; NoTraffic: The target is not receiving traffic.
2023/09/01 07:07:52 Service basic-56n5n ready in 85s
2023/09/01 07:07:52 Not Ready: basic-xjrzk-00001; NoTraffic: The target is not receiving traffic.
2023/09/01 07:07:52 Service basic-mhjm8 ready in 84s
2023/09/01 07:07:53 Not Ready: basic-qv9mw-00001; NoTraffic: The target is not receiving traffic.
2023/09/01 07:07:53 Service basic-fn2x8 ready in 85s
2023/09/01 07:07:53 Not Ready: basic-7g5wj-00001; NoTraffic: The target is not receiving traffic.
2023/09/01 07:07:54 Not Ready: basic-zq9kx-00001; NoTraffic: The target is not receiving traffic.
2023/09/01 07:07:54 Service basic-n85g7 ready in 85s
2023/09/01 07:07:54 Not Ready: basic-l7shg-00001; NoTraffic: The target is not receiving traffic.
2023/09/01 07:07:55 Not Ready: basic-4gj4f-00001; NoTraffic: The target is not receiving traffic.
2023/09/01 07:07:55 Service basic-cn7rh ready in 86s
2023/09/01 07:07:55 Not Ready: basic-9cbzn-00001; NoTraffic: The target is not receiving traffic.
2023/09/01 07:07:56 Service basic-95l2k ready in 85s
2023/09/01 07:07:56 Not Ready: basic-znvws-00001; NoTraffic: The target is not receiving traffic.
2023/09/01 07:07:56 Not Ready: basic-ksnq4-00001; NoTraffic: The target is not receiving traffic.
2023/09/01 07:07:56 Service basic-9c6cv ready in 86s
2023/09/01 07:07:57 Not Ready: basic-jrff5-00001; NoTraffic: The target is not receiving traffic.
2023/09/01 07:07:57 Not Ready: basic-r8xn4-00001; NoTraffic: The target is not receiving traffic.
2023/09/01 07:07:57 Service basic-s5lmw ready in 85s
2023/09/01 07:07:58 Not Ready: basic-4qf42-00001; NoTraffic: The target is not receiving traffic.
2023/09/01 07:07:58 Service basic-9x5tc ready in 87s
2023/09/01 07:07:58 Not Ready: basic-wt5rg-00001; NoTraffic: The target is not receiving traffic.
2023/09/01 07:07:59 Not Ready: basic-77mbq-00001; NoTraffic: The target is not receiving traffic.
2023/09/01 07:07:59 Service basic-2v25j ready in 88s
2023/09/01 07:07:59 Not Ready: basic-qt56s-00001; NoTraffic: The target is not receiving traffic.
2023/09/01 07:08:00 Service basic-6zsqm ready in 87s
2023/09/01 07:08:00 Not Ready: basic-2ghc4-00001; NoTraffic: The target is not receiving traffic.
2023/09/01 07:08:00 Not Ready: basic-sgbxp-00001; NoTraffic: The target is not receiving traffic.
2023/09/01 07:08:00 Service basic-4zbg5 ready in 88s
2023/09/01 07:08:01 Not Ready: basic-gl4bx-00001; NoTraffic: The target is not receiving traffic.
2023/09/01 07:08:01 Service basic-kjfq7 ready in 88s
2023/09/01 07:08:01 Not Ready: basic-45xh4-00001; NoTraffic: The target is not receiving traffic.
2023/09/01 07:08:02 Not Ready: basic-gvtdh-00001; NoTraffic: The target is not receiving traffic.
2023/09/01 07:08:02 Service basic-47fzb ready in 88s
2023/09/01 07:08:02 Not Ready: basic-p97rz-00001; NoTraffic: The target is not receiving traffic.
2023/09/01 07:08:03 Not Ready: basic-bhx8w-00001; NoTraffic: The target is not receiving traffic.
2023/09/01 07:08:03 Service basic-kwzpc ready in 89s
2023/09/01 07:08:03 Not Ready: basic-zprl4-00001; NoTraffic: The target is not receiving traffic.
2023/09/01 07:08:04 Not Ready: basic-mv8bd-00001; NoTraffic: The target is not receiving traffic.
2023/09/01 07:08:04 Service basic-7j96n ready in 89s
2023/09/01 07:08:04 Not Ready: basic-2l49n-00001; NoTraffic: The target is not receiving traffic.
2023/09/01 07:08:05 Not Ready: basic-qd5b6-00001; NoTraffic: The target is not receiving traffic.
2023/09/01 07:08:05 Service basic-kd876 ready in 90s
2023/09/01 07:08:05 Not Ready: basic-dr782-00001; NoTraffic: The target is not receiving traffic.
2023/09/01 07:08:05 Service basic-sl5q6 ready in 89s
2023/09/01 07:08:06 Not Ready: basic-gbwgh-00001; NoTraffic: The target is not receiving traffic.
2023/09/01 07:08:06 Service basic-t7lgd ready in 90s
2023/09/01 07:08:06 Not Ready: basic-q75jv-00001; NoTraffic: The target is not receiving traffic.
2023/09/01 07:08:06 Not Ready: basic-9nfjl-00001; NoTraffic: The target is not receiving traffic.
2023/09/01 07:08:07 Service basic-hphmw ready in 90s
2023/09/01 07:08:07 Not Ready: basic-2rcqv-00001; NoTraffic: The target is not receiving traffic.
2023/09/01 07:08:08 Not Ready: basic-lbjzv-00001; NoTraffic: The target is not receiving traffic.
2023/09/01 07:08:08 Service basic-45hqb ready in 91s
2023/09/01 07:08:08 Not Ready: basic-rfm6n-00001; NoTraffic: The target is not receiving traffic.
2023/09/01 07:08:09 Not Ready: basic-chtjv-00001; NoTraffic: The target is not receiving traffic.
2023/09/01 07:08:09 Service basic-jjqjx ready in 91s
2023/09/01 07:08:09 Not Ready: basic-f5hvb-00001; NoTraffic: The target is not receiving traffic.
2023/09/01 07:08:09 Not Ready: basic-69ccn-00001; NoTraffic: The target is not receiving traffic.
2023/09/01 07:08:10 Service basic-lldp8 ready in 92s
2023/09/01 07:08:10 Service basic-4zptj ready in 91s
2023/09/01 07:08:10 Not Ready: basic-g2hzg-00001; NoTraffic: The target is not receiving traffic.
2023/09/01 07:08:11 Service basic-f59wk ready in 92s
2023/09/01 07:08:11 Not Ready: basic-lvx8k-00001; NoTraffic: The target is not receiving traffic.
2023/09/01 07:08:11 Not Ready: basic-9nc68-00001; NoTraffic: The target is not receiving traffic.
2023/09/01 07:08:12 Service basic-59xcz ready in 92s
2023/09/01 07:08:12 Not Ready: basic-7l87j-00001; NoTraffic: The target is not receiving traffic.
2023/09/01 07:08:12 Not Ready: basic-6wjj2-00001; NoTraffic: The target is not receiving traffic.
2023/09/01 07:08:13 Service basic-fpxnf ready in 92s
2023/09/01 07:08:13 Not Ready: basic-bvtc8-00001; NoTraffic: The target is not receiving traffic.
2023/09/01 07:08:13 Service basic-msfpr ready in 92s
2023/09/01 07:08:13 Not Ready: basic-gj7zd-00001; NoTraffic: The target is not receiving traffic.
2023/09/01 07:08:14 Not Ready: basic-fxdj8-00001; NoTraffic: The target is not receiving traffic.
2023/09/01 07:08:14 Service basic-lr2tp ready in 93s
2023/09/01 07:08:14 Not Ready: basic-28lwc-00001; NoTraffic: The target is not receiving traffic.
2023/09/01 07:08:15 Not Ready: basic-dwrvv-00001; NoTraffic: The target is not receiving traffic.
2023/09/01 07:08:15 Service basic-flm48 ready in 93s
2023/09/01 07:08:15 Not Ready: basic-cpsk5-00001; NoTraffic: The target is not receiving traffic.
2023/09/01 07:08:16 Not Ready: basic-2bjcf-00001; NoTraffic: The target is not receiving traffic.
2023/09/01 07:08:16 Service basic-cc66g ready in 94s
2023/09/01 07:08:16 Not Ready: basic-t9t98-00001; NoTraffic: The target is not receiving traffic.
2023/09/01 07:08:16 Service basic-47tn8 ready in 93s
2023/09/01 07:08:16 Not Ready: basic-nw7n6-00001; NoTraffic: The target is not receiving traffic.
2023/09/01 07:08:17 Not Ready: basic-qlvrm-00001; NoTraffic: The target is not receiving traffic.
2023/09/01 07:08:17 Service basic-vvb5p ready in 94s
2023/09/01 07:08:18 Not Ready: basic-gk98h-00001; NoTraffic: The target is not receiving traffic.
2023/09/01 07:08:18 Service basic-57flg ready in 94s
2023/09/01 07:08:18 Not Ready: basic-9d5mb-00001; NoTraffic: The target is not receiving traffic.
2023/09/01 07:08:19 Service basic-nlpwd ready in 94s
2023/09/01 07:08:19 Not Ready: basic-n4xzj-00001; NoTraffic: The target is not receiving traffic.
2023/09/01 07:08:19 Not Ready: basic-csl76-00001; NoTraffic: The target is not receiving traffic.
2023/09/01 07:08:19 Not Ready: basic-bz5rq-00001; NoTraffic: The target is not receiving traffic.
2023/09/01 07:08:20 Service basic-59dv7 ready in 95s
2023/09/01 07:08:20 Not Ready: basic-hk772-00001; NoTraffic: The target is not receiving traffic.
2023/09/01 07:08:21 Service basic-wwxgd ready in 95s
2023/09/01 07:08:21 Not Ready: basic-x96hp-00001; NoTraffic: The target is not receiving traffic.
2023/09/01 07:08:21 Not Ready: basic-m4kk4-00001; NoTraffic: The target is not receiving traffic.
2023/09/01 07:08:21 Service basic-dkgqx ready in 95s
2023/09/01 07:08:21 Not Ready: basic-rl59l-00001; NoTraffic: The target is not receiving traffic.
2023/09/01 07:08:22 Service basic-jqg6p ready in 96s
2023/09/01 07:08:23 Not Ready: basic-9w75b-00001; NoTraffic: The target is not receiving traffic.
2023/09/01 07:08:23 Not Ready: basic-j7qkg-00001; NoTraffic: The target is not receiving traffic.
2023/09/01 07:08:23 Service basic-vmngf ready in 96s
2023/09/01 07:08:23 Not Ready: basic-6pq4c-00001; NoTraffic: The target is not receiving traffic.
2023/09/01 07:08:23 Not Ready: basic-xk87w-00001; NoTraffic: The target is not receiving traffic.
2023/09/01 07:08:24 Service basic-c9swj ready in 97s
2023/09/01 07:08:24 Not Ready: basic-b4jv5-00001; NoTraffic: The target is not receiving traffic.
2023/09/01 07:08:25 Service basic-ldztz ready in 96s
2023/09/01 07:08:25 Not Ready: basic-dcjxq-00001; NoTraffic: The target is not receiving traffic.
2023/09/01 07:08:25 Service basic-qtk5r ready in 97s
2023/09/01 07:08:25 Not Ready: basic-qnqtj-00001; NoTraffic: The target is not receiving traffic.
2023/09/01 07:08:25 Not Ready: basic-zqx45-00001; NoTraffic: The target is not receiving traffic.
2023/09/01 07:08:26 Service basic-dkg4x ready in 97s
2023/09/01 07:08:26 Not Ready: basic-4hdjq-00001; NoTraffic: The target is not receiving traffic.
2023/09/01 07:08:27 Service basic-42tv5 ready in 98s
2023/09/01 07:08:27 Not Ready: basic-slj6f-00001; NoTraffic: The target is not receiving traffic.
2023/09/01 07:08:27 Not Ready: basic-wfwjc-00001; NoTraffic: The target is not receiving traffic.
2023/09/01 07:08:27 Service basic-kdb62 ready in 97s
2023/09/01 07:08:27 Not Ready: basic-fnsch-00001; NoTraffic: The target is not receiving traffic.
2023/09/01 07:08:28 Service basic-tmn8d ready in 98s
2023/09/01 07:08:28 Not Ready: basic-s8xwf-00001; NoTraffic: The target is not receiving traffic.
2023/09/01 07:08:29 Not Ready: basic-z8p85-00001; NoTraffic: The target is not receiving traffic.
2023/09/01 07:08:29 Not Ready: basic-cb8wf-00001; NoTraffic: The target is not receiving traffic.
2023/09/01 07:08:29 Service basic-m6fb7 ready in 98s
2023/09/01 07:08:30 Service basic-xzbkq ready in 99s
2023/09/01 07:08:30 Not Ready: basic-dgsbd-00001; NoTraffic: The target is not receiving traffic.
2023/09/01 07:08:30 Not Ready: basic-bsw8z-00001; NoTraffic: The target is not receiving traffic.
2023/09/01 07:08:30 Service basic-wgfpr ready in 98s
2023/09/01 07:08:31 Not Ready: basic-4624k-00001; NoTraffic: The target is not receiving traffic.
2023/09/01 07:08:31 Not Ready: basic-57s77-00001; NoTraffic: The target is not receiving traffic.
2023/09/01 07:08:32 Service basic-jf5ml ready in 99s
2023/09/01 07:08:32 Not Ready: basic-7r7h4-00001; NoTraffic: The target is not receiving traffic.
2023/09/01 07:08:32 Not Ready: basic-whcj4-00001; NoTraffic: The target is not receiving traffic.
2023/09/01 07:08:33 Not Ready: basic-cxmww-00001; NoTraffic: The target is not receiving traffic.
2023/09/01 07:08:33 Service basic-kvgkl ready in 100s
2023/09/01 07:08:33 Not Ready: basic-swbv4-00001; NoTraffic: The target is not receiving traffic.
2023/09/01 07:08:33 Service basic-qg4rn ready in 100s
2023/09/01 07:08:34 Not Ready: basic-p587d-00001; NoTraffic: The target is not receiving traffic.
2023/09/01 07:08:34 Service basic-rjhwx ready in 100s
2023/09/01 07:08:34 Not Ready: basic-62jts-00001; NoTraffic: The target is not receiving traffic.
2023/09/01 07:08:35 Not Ready: basic-226th-00001; NoTraffic: The target is not receiving traffic.
2023/09/01 07:08:35 Service basic-kvbqc ready in 101s
2023/09/01 07:08:35 Not Ready: basic-ggzkj-00001; NoTraffic: The target is not receiving traffic.
2023/09/01 07:08:35 Service basic-jgxzn ready in 100s
2023/09/01 07:08:36 Not Ready: basic-8vkk8-00001; NoTraffic: The target is not receiving traffic.
2023/09/01 07:08:36 Not Ready: basic-qbvfl-00001; NoTraffic: The target is not receiving traffic.
2023/09/01 07:08:37 Service basic-nrb8c ready in 101s
2023/09/01 07:08:37 Not Ready: basic-xm8j7-00001; NoTraffic: The target is not receiving traffic.
2023/09/01 07:08:37 Service basic-b5c65 ready in 100s
2023/09/01 07:08:37 Not Ready: basic-hbnn8-00001; NoTraffic: The target is not receiving traffic.
2023/09/01 07:08:38 Not Ready: basic-nvct2-00001; NoTraffic: The target is not receiving traffic.
2023/09/01 07:08:38 Service basic-6gb77 ready in 102s
2023/09/01 07:08:38 Not Ready: basic-95fs2-00001; NoTraffic: The target is not receiving traffic.
2023/09/01 07:08:39 Not Ready: basic-z596h-00001; NoTraffic: The target is not receiving traffic.
2023/09/01 07:08:39 Service basic-nppsz ready in 103s
2023/09/01 07:08:39 Not Ready: basic-q4tb2-00001; NoTraffic: The target is not receiving traffic.
2023/09/01 07:08:39 Not Ready: basic-dwrw7-00001; NoTraffic: The target is not receiving traffic.
2023/09/01 07:08:40 Service basic-cznvj ready in 101s
2023/09/01 07:08:40 Not Ready: basic-vdxph-00001; NoTraffic: The target is not receiving traffic.
2023/09/01 07:08:40 Service basic-2vbnp ready in 103s
2023/09/01 07:08:41 Not Ready: basic-drkns-00001; NoTraffic: The target is not receiving traffic.
2023/09/01 07:08:41 Service basic-s2j64 ready in 102s
2023/09/01 07:08:41 Not Ready: basic-6df4r-00001; NoTraffic: The target is not receiving traffic.
2023/09/01 07:08:41 Not Ready: basic-4hzkg-00001; NoTraffic: The target is not receiving traffic.
2023/09/01 07:08:42 Service basic-fwzdp ready in 104s
2023/09/01 07:08:42 Not Ready: basic-js7kr-00001; NoTraffic: The target is not receiving traffic.
2023/09/01 07:08:43 Not Ready: basic-k6fz6-00001; NoTraffic: The target is not receiving traffic.
2023/09/01 07:08:43 Service basic-t9bwb ready in 103s
2023/09/01 07:08:43 Not Ready: basic-zg7hg-00001; NoTraffic: The target is not receiving traffic.
2023/09/01 07:08:44 Service basic-6xwxh ready in 104s
2023/09/01 07:08:44 Not Ready: basic-vnfvt-00001; NoTraffic: The target is not receiving traffic.
2023/09/01 07:08:44 Not Ready: basic-72wp7-00001; NoTraffic: The target is not receiving traffic.
2023/09/01 07:08:44 Not Ready: basic-tffcb-00001; NoTraffic: The target is not receiving traffic.
2023/09/01 07:08:45 Service basic-45k8m ready in 105s
2023/09/01 07:08:45 Service basic-4bmgh ready in 104s
2023/09/01 07:08:46 Not Ready: basic-wrb7c-00001; NoTraffic: The target is not receiving traffic.
2023/09/01 07:08:46 Not Ready: basic-q84cs-00001; NoTraffic: The target is not receiving traffic.
2023/09/01 07:08:46 Service basic-6mbv7 ready in 105s
2023/09/01 07:08:46 Not Ready: basic-bm7z2-00001; NoTraffic: The target is not receiving traffic.
2023/09/01 07:08:47 Not Ready: basic-msbds-00001; NoTraffic: The target is not receiving traffic.
2023/09/01 07:08:47 Service basic-4vqd8 ready in 105s
2023/09/01 07:08:48 Not Ready: basic-czngp-00001; NoTraffic: The target is not receiving traffic.
2023/09/01 07:08:48 Not Ready: basic-dh85x-00001; NoTraffic: The target is not receiving traffic.
2023/09/01 07:08:48 Service basic-7kksm ready in 106s
2023/09/01 07:08:48 Not Ready: basic-6ln7f-00001; NoTraffic: The target is not receiving traffic.
2023/09/01 07:08:49 Service basic-fffm6 ready in 105s
2023/09/01 07:08:49 Not Ready: basic-jp78w-00001; NoTraffic: The target is not receiving traffic.
2023/09/01 07:08:49 Not Ready: basic-wtvhn-00001; NoTraffic: The target is not receiving traffic.
2023/09/01 07:08:49 Service basic-j6t8k ready in 106s
2023/09/01 07:08:50 Not Ready: basic-ld974-00001; NoTraffic: The target is not receiving traffic.
2023/09/01 07:08:50 Service basic-58t5r ready in 106s
2023/09/01 07:08:50 Not Ready: basic-pjf74-00001; NoTraffic: The target is not receiving traffic.
2023/09/01 07:08:50 Not Ready: basic-mzcj4-00001; NoTraffic: The target is not receiving traffic.
2023/09/01 07:08:51 Service basic-lmdjj ready in 107s
2023/09/01 07:08:51 Shutting down InfluxReporter
Requests      [total, rate, throughput]         2334, 2334.00, 386.00
Duration      [total, attack, wait]             1m47s, 0s, 1m47s
Latencies     [min, mean, 50, 90, 95, 99, max]  1s, 26.353s, 6s, 1m21s, 1m32s, 1m43s, 1m47s
Bytes In      [total, mean]                     0, 0.00
Bytes Out     [total, mean]                     0, 0.00
Success       [ratio]                           16.54%
Status Codes  [code:count]                      0:1948  200:386  
Error Set:
2023/09/01 07:09:02 SLA 1 failed. Amount of ready services is out of the expected range. Is: 386.000000, Range: 582.000000-600.000000
