{"level":"info","ts":1693549363.1660557,"logger":"fallback","caller":"injection/injection.go:63","msg":"Starting informers..."}
2023/09/01 06:22:47 Service basic-tnjd2 ready in 3
2023/09/01 06:22:48 Service basic-2rb2t ready in 4
2023/09/01 06:22:49 Service basic-cddm6 ready in 4
2023/09/01 06:22:49 Service basic-tfkjf ready in 6
2023/09/01 06:22:51 Service basic-spcvh ready in 5
2023/09/01 06:22:52 Service basic-rhczd ready in 7
2023/09/01 06:22:52 Service basic-l4l9k ready in 6
2023/09/01 06:22:54 Service basic-bbsf8 ready in 7
2023/09/01 06:22:54 Service basic-67j9n ready in 6
2023/09/01 06:22:54 Service basic-w7scs ready in 5
2023/09/01 06:22:55 Service basic-c2zxn ready in 8
2023/09/01 06:22:55 Service basic-96qj8 ready in 5
2023/09/01 06:22:56 Service basic-8vpq4 ready in 8
2023/09/01 06:22:57 Not Ready: basic-xxpct; ConfigurationMissing: Configuration "basic-xxpct" referenced in traffic not found.
2023/09/01 06:22:57 Not Ready: basic-xxpct; ConfigurationMissing: Configuration "basic-xxpct" referenced in traffic not found.
2023/09/01 06:22:57 Service basic-g4xf4 ready in 7
2023/09/01 06:22:58 Service basic-8xr9p ready in 8
2023/09/01 06:22:58 Service basic-p7fq4 ready in 7
2023/09/01 06:22:59 Service basic-rx7vx ready in 8
2023/09/01 06:23:00 Service basic-wghpw ready in 8
2023/09/01 06:23:01 Service basic-ddhvz ready in 9
2023/09/01 06:23:02 Service basic-mvtlg ready in 9
2023/09/01 06:23:03 Service basic-xs46h ready in 10
2023/09/01 06:23:03 Service basic-drxkq ready in 9
2023/09/01 06:23:04 Service basic-z67xq ready in 10
2023/09/01 06:23:05 Service basic-r84nt ready in 10
2023/09/01 06:23:09 Service basic-kddcv ready in 14
2023/09/01 06:23:09 Service basic-r9gxd ready in 11
2023/09/01 06:23:10 Service basic-g42l2 ready in 13
2023/09/01 06:23:10 Service basic-qpt4j ready in 14
2023/09/01 06:23:11 Service basic-kpxdq ready in 12
2023/09/01 06:23:11 Service basic-g2vdb ready in 12
2023/09/01 06:23:12 Service basic-6tgss ready in 15
2023/09/01 06:23:13 Service basic-szqzm ready in 13
2023/09/01 06:23:13 Service basic-5jbrw ready in 11
2023/09/01 06:23:14 Service basic-7svln ready in 14
2023/09/01 06:23:14 Service basic-v4n9w ready in 14
2023/09/01 06:23:15 Service basic-fbwht ready in 13
2023/09/01 06:23:16 Service basic-s6trw ready in 14
2023/09/01 06:23:16 Service basic-pbtvn ready in 14
2023/09/01 06:23:17 Service basic-h9665 ready in 13
2023/09/01 06:23:17 Service basic-xfr4g ready in 13
2023/09/01 06:23:18 Service basic-5mg48 ready in 14
2023/09/01 06:23:19 Service basic-4m8jg ready in 14
2023/09/01 06:23:19 Service basic-qfmq6 ready in 13
2023/09/01 06:23:20 Service basic-mnzfb ready in 17
2023/09/01 06:23:21 Service basic-hn2tx ready in 15
2023/09/01 06:23:22 Service basic-lpxsq ready in 15
2023/09/01 06:23:22 Service basic-rdncc ready in 15
2023/09/01 06:23:23 Service basic-wwpwk ready in 15
2023/09/01 06:23:24 Service basic-qjmq8 ready in 16
2023/09/01 06:23:25 Service basic-rl8hx ready in 16
2023/09/01 06:23:25 Service basic-qs2kd ready in 20
2023/09/01 06:23:26 Service basic-btsbd ready in 17
2023/09/01 06:23:27 Service basic-fsc97 ready in 16
2023/09/01 06:23:28 Service basic-bkz4n ready in 18
2023/09/01 06:23:28 Service basic-ktljd ready in 14
2023/09/01 06:23:28 Service basic-g4hp6 ready in 17
2023/09/01 06:23:29 Service basic-4985l ready in 18
2023/09/01 06:23:30 Service basic-gvggh ready in 18
2023/09/01 06:23:31 Service basic-7jz95 ready in 18
2023/09/01 06:23:32 Service basic-94fp9 ready in 18
2023/09/01 06:23:32 Service basic-hnlxv ready in 19
2023/09/01 06:23:33 Service basic-vs4l4 ready in 19
2023/09/01 06:23:34 Service basic-jtjz6 ready in 19
2023/09/01 06:23:34 Service basic-d4x5m ready in 19
2023/09/01 06:23:35 Service basic-qt96c ready in 18
2023/09/01 06:23:36 Service basic-fx72f ready in 19
2023/09/01 06:23:36 Service basic-zdkw2 ready in 19
2023/09/01 06:23:37 Service basic-h9pxj ready in 20
2023/09/01 06:23:38 Service basic-l6c2p ready in 20
2023/09/01 06:23:39 Service basic-75xq5 ready in 21
2023/09/01 06:23:39 Service basic-lb7pf ready in 20
2023/09/01 06:23:41 Service basic-wrbfc ready in 21
2023/09/01 06:23:41 Service basic-7sk7t ready in 21
2023/09/01 06:23:42 Service basic-7jzhr ready in 22
2023/09/01 06:23:43 Service basic-xfgd5 ready in 22
2023/09/01 06:23:44 Service basic-scflw ready in 22
2023/09/01 06:23:44 Service basic-6txqs ready in 22
2023/09/01 06:23:45 Service basic-b4cf5 ready in 22
2023/09/01 06:23:46 Service basic-wdb9l ready in 22
2023/09/01 06:23:47 Service basic-m2g5p ready in 24
2023/09/01 06:23:47 Service basic-gn5cf ready in 23
2023/09/01 06:23:48 Service basic-lwbdg ready in 23
2023/09/01 06:23:49 Service basic-njhm7 ready in 23
2023/09/01 06:23:49 Service basic-tk6st ready in 24
2023/09/01 06:23:50 Service basic-nfrhp ready in 23
2023/09/01 06:23:50 Service basic-2cbqz ready in 24
2023/09/01 06:23:51 Service basic-lkgzr ready in 24
2023/09/01 06:23:52 Service basic-4zvjk ready in 25
2023/09/01 06:23:53 Service basic-2hbwl ready in 25
2023/09/01 06:23:53 Service basic-2cbxc ready in 25
2023/09/01 06:23:54 Service basic-wlndg ready in 25
2023/09/01 06:23:55 Service basic-v7677 ready in 25
2023/09/01 06:23:56 Service basic-mtn7m ready in 25
2023/09/01 06:23:57 Service basic-8nwdg ready in 26
2023/09/01 06:23:57 Service basic-pzs4b ready in 26
2023/09/01 06:23:58 Service basic-6vf8n ready in 27
2023/09/01 06:23:59 Service basic-x4g96 ready in 26
2023/09/01 06:24:00 Service basic-2gvzm ready in 28
2023/09/01 06:24:00 Service basic-jnndm ready in 27
2023/09/01 06:24:01 Service basic-gzlhm ready in 28
2023/09/01 06:24:02 Service basic-q8lhj ready in 28
2023/09/01 06:24:03 Service basic-bk2g6 ready in 29
2023/09/01 06:24:03 Service basic-jk8k5 ready in 28
2023/09/01 06:24:04 Service basic-89777 ready in 29
2023/09/01 06:24:05 Service basic-rvf9v ready in 29
2023/09/01 06:24:05 Service basic-sl4rh ready in 29
2023/09/01 06:24:06 Service basic-ndnd5 ready in 29
2023/09/01 06:24:07 Service basic-qxtl9 ready in 29
2023/09/01 06:24:07 Service basic-zg9jz ready in 29
2023/09/01 06:24:08 Service basic-bwh59 ready in 30
2023/09/01 06:24:09 Service basic-svzvx ready in 30
2023/09/01 06:24:10 Service basic-hpjdk ready in 31
2023/09/01 06:24:10 Service basic-rjv4k ready in 30
2023/09/01 06:24:11 Service basic-8n8d9 ready in 31
2023/09/01 06:24:11 Service basic-vg4pc ready in 30
2023/09/01 06:24:12 Service basic-ss9vx ready in 30
2023/09/01 06:24:13 Service basic-5lxjv ready in 31
2023/09/01 06:24:14 Service basic-fsc5h ready in 30
2023/09/01 06:24:15 Service basic-8rn9t ready in 32
2023/09/01 06:24:15 Service basic-knhnj ready in 31
2023/09/01 06:24:16 Service basic-q78pt ready in 32
2023/09/01 06:24:17 Service basic-kgqqb ready in 32
2023/09/01 06:24:17 Service basic-rkl8k ready in 32
2023/09/01 06:24:18 Service basic-x2hhp ready in 32
2023/09/01 06:24:19 Service basic-klvgx ready in 32
2023/09/01 06:24:19 Service basic-sbb5k ready in 38
2023/09/01 06:24:20 Service basic-lh8k7 ready in 33
2023/09/01 06:24:21 Service basic-cvdqw ready in 34
2023/09/01 06:24:21 Service basic-6p9xw ready in 33
2023/09/01 06:24:22 Service basic-jkcs5 ready in 34
2023/09/01 06:24:23 Service basic-wnb84 ready in 34
2023/09/01 06:24:23 Service basic-84sfj ready in 34
2023/09/01 06:24:24 Service basic-x8fkx ready in 34
2023/09/01 06:24:25 Service basic-jddj5 ready in 35
2023/09/01 06:24:25 Service basic-znm8m ready in 34
2023/09/01 06:24:26 Service basic-z9vsw ready in 35
2023/09/01 06:24:27 Service basic-r7zd5 ready in 34
2023/09/01 06:24:27 Service basic-k68pd ready in 35
2023/09/01 06:24:28 Service basic-czrg8 ready in 35
2023/09/01 06:24:29 Service basic-z59hs ready in 36
2023/09/01 06:24:29 Service basic-5nfgs ready in 35
2023/09/01 06:24:31 Service basic-6b6k7 ready in 37
2023/09/01 06:24:31 Service basic-87864 ready in 36
2023/09/01 06:24:32 Service basic-lv9vh ready in 37
2023/09/01 06:24:32 Service basic-4d6p6 ready in 36
2023/09/01 06:24:33 Service basic-jb7l6 ready in 37
2023/09/01 06:24:34 Service basic-gnrn4 ready in 37
2023/09/01 06:24:34 Service basic-7nldc ready in 37
2023/09/01 06:24:35 Service basic-n5zm7 ready in 37
2023/09/01 06:24:36 Service basic-ds26f ready in 38
2023/09/01 06:24:36 Service basic-lfgk8 ready in 37
2023/09/01 06:24:37 Service basic-b8qvt ready in 38
2023/09/01 06:24:38 Service basic-vwmgp ready in 38
2023/09/01 06:24:39 Service basic-w5cjc ready in 38
2023/09/01 06:24:40 Service basic-s2h5x ready in 38
2023/09/01 06:24:40 Service basic-4cv7j ready in 39
2023/09/01 06:24:41 Service basic-d6vmb ready in 39
2023/09/01 06:24:42 Service basic-4vmms ready in 40
2023/09/01 06:24:42 Service basic-7dlrn ready in 39
2023/09/01 06:24:43 Service basic-wls2d ready in 40
2023/09/01 06:24:44 Service basic-ltlbg ready in 40
2023/09/01 06:24:45 Service basic-lg68w ready in 40
2023/09/01 06:24:46 Service basic-m26sv ready in 40
2023/09/01 06:24:46 Service basic-w5j72 ready in 41
2023/09/01 06:24:47 Service basic-rbvpn ready in 41
2023/09/01 06:24:48 Service basic-vc8l8 ready in 42
2023/09/01 06:24:48 Service basic-jx5vj ready in 41
2023/09/01 06:24:50 Service basic-xjzxg ready in 42
2023/09/01 06:24:50 Service basic-5njdl ready in 42
2023/09/01 06:24:51 Service basic-ms9gz ready in 43
2023/09/01 06:24:52 Service basic-nvfxx ready in 43
2023/09/01 06:24:53 Service basic-k2f89 ready in 43
2023/09/01 06:24:54 Service basic-wxq9x ready in 43
2023/09/01 06:24:54 Service basic-gtzbs ready in 44
2023/09/01 06:24:55 Service basic-ptlsp ready in 44
2023/09/01 06:24:56 Service basic-szsp5 ready in 45
2023/09/01 06:24:57 Service basic-wtqhw ready in 45
2023/09/01 06:24:58 Service basic-s562k ready in 46
2023/09/01 06:24:58 Service basic-2d968 ready in 45
2023/09/01 06:24:59 Service basic-pt94j ready in 46
2023/09/01 06:25:00 Service basic-l5kmj ready in 46
2023/09/01 06:25:00 Service basic-bklbw ready in 46
2023/09/01 06:25:01 Service basic-lbl28 ready in 46
2023/09/01 06:25:02 Service basic-cztrf ready in 47
2023/09/01 06:25:03 Service basic-nrdrw ready in 47
2023/09/01 06:25:04 Service basic-82z2r ready in 48
2023/09/01 06:25:05 Service basic-kvx8t ready in 47
2023/09/01 06:25:05 Service basic-hrz2c ready in 48
2023/09/01 06:25:06 Service basic-m76bf ready in 48
2023/09/01 06:25:07 Service basic-b56qj ready in 49
2023/09/01 06:25:08 Service basic-hndrm ready in 49
2023/09/01 06:25:08 Service basic-2fbqw ready in 49
2023/09/01 06:25:09 Service basic-m8q2b ready in 49
2023/09/01 06:25:10 Service basic-pz9cw ready in 50
2023/09/01 06:25:11 Service basic-rpzj5 ready in 50
2023/09/01 06:25:12 Service basic-bbn6b ready in 50
2023/09/01 06:25:13 Service basic-6zh49 ready in 51
2023/09/01 06:25:13 Service basic-qzr4f ready in 51
2023/09/01 06:25:14 Service basic-wcctp ready in 51
2023/09/01 06:25:15 Service basic-65fr9 ready in 52
2023/09/01 06:25:16 Service basic-qzx7p ready in 52
2023/09/01 06:25:17 Service basic-ph9fz ready in 53
2023/09/01 06:25:17 Service basic-vsr5r ready in 52
2023/09/01 06:25:18 Service basic-bqhzg ready in 53
2023/09/01 06:25:19 Service basic-zk94r ready in 53
2023/09/01 06:25:20 Service basic-tpk92 ready in 54
2023/09/01 06:25:21 Service basic-qghrv ready in 53
2023/09/01 06:25:22 Service basic-tsdrh ready in 55
2023/09/01 06:25:22 Service basic-v79qd ready in 54
2023/09/01 06:25:23 Service basic-cwrsm ready in 55
2023/09/01 06:25:24 Service basic-5rblt ready in 55
2023/09/01 06:25:25 Service basic-qtbx2 ready in 56
2023/09/01 06:25:26 Service basic-tngq5 ready in 55
2023/09/01 06:25:26 Service basic-zvn68 ready in 56
2023/09/01 06:25:27 Service basic-897bz ready in 56
2023/09/01 06:25:28 Service basic-tzsdz ready in 57
2023/09/01 06:25:29 Service basic-b6cxq ready in 57
2023/09/01 06:25:29 Service basic-hrg4g ready in 57
2023/09/01 06:25:30 Service basic-p8kf7 ready in 57
2023/09/01 06:25:31 Service basic-jvhzl ready in 58
2023/09/01 06:25:32 Service basic-4dgcg ready in 58
2023/09/01 06:25:33 Service basic-64qhj ready in 59
2023/09/01 06:25:33 Service basic-7dgp5 ready in 58
2023/09/01 06:25:34 Service basic-msh2t ready in 59
2023/09/01 06:25:35 Service basic-dbxpv ready in 59
2023/09/01 06:25:36 Service basic-4l542 ready in 60
2023/09/01 06:25:37 Service basic-kn5hp ready in 59
2023/09/01 06:25:38 Service basic-gfjhc ready in 61
2023/09/01 06:25:38 Service basic-2pccx ready in 60
2023/09/01 06:25:39 Service basic-bx9ng ready in 61
2023/09/01 06:25:40 Service basic-kzxvs ready in 61
2023/09/01 06:25:41 Service basic-krsjb ready in 61
2023/09/01 06:25:41 Service basic-zcd22 ready in 61
2023/09/01 06:25:42 Service basic-2ttwn ready in 62
2023/09/01 06:25:43 Service basic-t525z ready in 62
2023/09/01 06:25:44 Service basic-kqbgr ready in 63
2023/09/01 06:25:45 Service basic-57zjm ready in 63
2023/09/01 06:25:45 Service basic-bbhcv ready in 63
2023/09/01 06:25:46 Service basic-9zf47 ready in 63
2023/09/01 06:25:47 Service basic-7nkqw ready in 64
2023/09/01 06:25:48 Service basic-vm6dj ready in 64
2023/09/01 06:25:48 Service basic-wstxk ready in 64
2023/09/01 06:25:49 Service basic-j6dl9 ready in 64
2023/09/01 06:25:50 Service basic-jmck9 ready in 65
2023/09/01 06:25:51 Service basic-278rt ready in 65
2023/09/01 06:25:52 Service basic-8l6kf ready in 66
2023/09/01 06:25:53 Service basic-rcz24 ready in 65
2023/09/01 06:25:53 Service basic-f99hp ready in 66
2023/09/01 06:25:54 Service basic-f4qwb ready in 66
2023/09/01 06:25:55 Service basic-bqt69 ready in 67
2023/09/01 06:25:56 Service basic-ghsg2 ready in 67
2023/09/01 06:25:57 Service basic-5vbs2 ready in 67
2023/09/01 06:25:57 Service basic-52prj ready in 67
2023/09/01 06:25:58 Service basic-b52t4 ready in 68
2023/09/01 06:25:59 Service basic-5z54g ready in 68
2023/09/01 06:26:00 Service basic-cltds ready in 69
2023/09/01 06:26:01 Service basic-rmv62 ready in 68
2023/09/01 06:26:01 Service basic-5jp99 ready in 69
2023/09/01 06:26:02 Service basic-kn6t2 ready in 69
2023/09/01 06:26:03 Service basic-5c4jk ready in 70
2023/09/01 06:26:04 Service basic-pxbmp ready in 70
2023/09/01 06:26:04 Service basic-bq9wt ready in 70
2023/09/01 06:26:05 Service basic-cz2l2 ready in 70
2023/09/01 06:26:07 Service basic-v7zn7 ready in 71
2023/09/01 06:26:07 Service basic-j6x8w ready in 71
2023/09/01 06:26:08 Service basic-zbjfz ready in 72
2023/09/01 06:26:08 Service basic-dlp76 ready in 71
2023/09/01 06:26:09 Service basic-zdt8v ready in 72
2023/09/01 06:26:10 Service basic-v8lmt ready in 72
2023/09/01 06:26:11 Service basic-b74bk ready in 73
2023/09/01 06:26:12 Service basic-k4xtr ready in 73
2023/09/01 06:26:13 Service basic-dn4jr ready in 74
2023/09/01 06:26:14 Service basic-qgzfr ready in 73
2023/09/01 06:26:15 Service basic-xzc77 ready in 74
2023/09/01 06:26:15 Service basic-b8pt5 ready in 74
2023/09/01 06:26:16 Service basic-pvwbv ready in 75
2023/09/01 06:26:17 Service basic-vlzd8 ready in 74
2023/09/01 06:26:18 Service basic-bxpwg ready in 75
2023/09/01 06:26:18 Service basic-6zp7n ready in 75
2023/09/01 06:26:19 Service basic-j98ls ready in 76
2023/09/01 06:26:20 Service basic-s22nw ready in 76
2023/09/01 06:26:21 Service basic-kv2qh ready in 76
2023/09/01 06:26:21 Service basic-lzqn7 ready in 76
2023/09/01 06:26:22 Service basic-5x2pt ready in 77
2023/09/01 06:26:23 Service basic-92kvr ready in 77
2023/09/01 06:26:24 Service basic-74pvb ready in 77
2023/09/01 06:26:25 Service basic-rfbd7 ready in 78
2023/09/01 06:26:25 Service basic-7kjlc ready in 78
2023/09/01 06:26:26 Service basic-wn97l ready in 78
2023/09/01 06:26:27 Service basic-9rcxw ready in 79
2023/09/01 06:26:28 Service basic-ssqlr ready in 79
2023/09/01 06:26:29 Service basic-4jlwx ready in 80
2023/09/01 06:26:29 Service basic-trk96 ready in 79
2023/09/01 06:26:30 Service basic-56qgb ready in 80
2023/09/01 06:26:31 Service basic-wjrq9 ready in 80
2023/09/01 06:26:32 Service basic-d6p52 ready in 80
2023/09/01 06:26:33 Service basic-4b28l ready in 80
2023/09/01 06:26:33 Service basic-fhtmx ready in 81
2023/09/01 06:26:34 Service basic-jnfd8 ready in 81
2023/09/01 06:26:35 Service basic-8fwc5 ready in 82
2023/09/01 06:26:35 Service basic-22m9x ready in 81
2023/09/01 06:26:37 Service basic-pnlwj ready in 82
2023/09/01 06:26:37 Service basic-x8zrj ready in 82
2023/09/01 06:26:38 Service basic-97h2v ready in 83
2023/09/01 06:26:39 Service basic-xzkkg ready in 83
2023/09/01 06:26:40 Service basic-d8ptj ready in 84
2023/09/01 06:26:41 Service basic-zcjxm ready in 83
2023/09/01 06:26:41 Service basic-bjhrv ready in 84
2023/09/01 06:26:42 Service basic-cbx6h ready in 84
2023/09/01 06:26:43 Service basic-t8bm2 ready in 85
2023/09/01 06:26:44 Service basic-wnnh7 ready in 85
2023/09/01 06:26:45 Service basic-skpn2 ready in 85
2023/09/01 06:26:45 Service basic-ljpf7 ready in 85
2023/09/01 06:26:46 Service basic-9g6g8 ready in 86
2023/09/01 06:26:47 Service basic-s5476 ready in 86
2023/09/01 06:26:48 Service basic-fjxkb ready in 87
2023/09/01 06:26:49 Service basic-r7jws ready in 86
2023/09/01 06:26:50 Service basic-ljxkb ready in 87
2023/09/01 06:26:50 Service basic-hd55q ready in 87
2023/09/01 06:26:51 Service basic-qwbrt ready in 88
2023/09/01 06:26:52 Service basic-bgjpj ready in 88
2023/09/01 06:26:53 Service basic-drksn ready in 89
2023/09/01 06:26:53 Service basic-89wx8 ready in 88
2023/09/01 06:26:54 Service basic-npnq2 ready in 89
2023/09/01 06:26:55 Service basic-h9x9x ready in 89
2023/09/01 06:26:56 Service basic-phr67 ready in 89
2023/09/01 06:26:57 Service basic-g4fxg ready in 89
2023/09/01 06:26:57 Service basic-xsv6b ready in 90
2023/09/01 06:26:58 Service basic-pkf6s ready in 90
2023/09/01 06:26:59 Service basic-l76kv ready in 91
2023/09/01 06:27:00 Service basic-ksbxv ready in 91
2023/09/01 06:27:01 Service basic-kz5pn ready in 91
2023/09/01 06:27:02 Service basic-tdwb5 ready in 92
2023/09/01 06:27:03 Service basic-nlgbx ready in 92
2023/09/01 06:27:03 Service basic-xhhrq ready in 92
2023/09/01 06:27:04 Service basic-6fd6z ready in 93
2023/09/01 06:27:05 Service basic-64srf ready in 93
2023/09/01 06:27:05 Service basic-tcjtn ready in 93
2023/09/01 06:27:06 Service basic-x2n5d ready in 93
2023/09/01 06:27:07 Service basic-qgd6k ready in 94
2023/09/01 06:27:08 Service basic-6jr89 ready in 94
2023/09/01 06:27:08 Service basic-cbrvs ready in 94
2023/09/01 06:27:09 Service basic-nq54f ready in 94
2023/09/01 06:27:10 Service basic-phn46 ready in 95
2023/09/01 06:27:11 Service basic-g8js8 ready in 95
2023/09/01 06:27:12 Service basic-crl4p ready in 96
2023/09/01 06:27:12 Service basic-54vtd ready in 95
2023/09/01 06:27:13 Service basic-wx2qh ready in 96
2023/09/01 06:27:14 Service basic-rtrkp ready in 96
2023/09/01 06:27:15 Service basic-9qbpm ready in 97
2023/09/01 06:27:16 Service basic-zr5cj ready in 96
2023/09/01 06:27:17 Service basic-lr4h8 ready in 98
2023/09/01 06:27:17 Service basic-r5sd8 ready in 97
2023/09/01 06:27:18 Service basic-wtt5d ready in 98
2023/09/01 06:27:19 Service basic-7nr8q ready in 98
2023/09/01 06:27:20 Service basic-gqh2j ready in 99
2023/09/01 06:27:21 Service basic-fcmlx ready in 98
2023/09/01 06:27:22 Service basic-6sckn ready in 99
2023/09/01 06:27:22 Service basic-pc8xj ready in 99
2023/09/01 06:27:23 Service basic-6wbmf ready in 100
2023/09/01 06:27:24 Service basic-gskkr ready in 100
2023/09/01 06:27:25 Service basic-kdfkf ready in 100
2023/09/01 06:27:25 Service basic-jbw89 ready in 100
2023/09/01 06:27:26 Service basic-kfm6f ready in 101
2023/09/01 06:27:27 Service basic-f45cf ready in 101
2023/09/01 06:27:28 Service basic-j97gl ready in 101
2023/09/01 06:27:29 Service basic-c9ghl ready in 102
2023/09/01 06:27:30 Service basic-cwwsk ready in 102
2023/09/01 06:27:30 Service basic-b49bd ready in 102
2023/09/01 06:27:31 Service basic-5qgwf ready in 103
2023/09/01 06:27:32 Service basic-ktndv ready in 102
2023/09/01 06:27:32 Service basic-r9szh ready in 103
2023/09/01 06:27:33 Service basic-kh874 ready in 103
2023/09/01 06:27:34 Service basic-pgnd4 ready in 104
2023/09/01 06:27:35 Service basic-8cfvj ready in 104
2023/09/01 06:27:36 Service basic-gvsg8 ready in 105
2023/09/01 06:27:37 Service basic-wjtpg ready in 104
2023/09/01 06:27:37 Service basic-m4pbh ready in 105
2023/09/01 06:27:38 Service basic-xs7bt ready in 105
2023/09/01 06:27:39 Service basic-4nht8 ready in 106
2023/09/01 06:27:40 Service basic-dkjkj ready in 106
2023/09/01 06:27:40 Service basic-kb9v2 ready in 106
2023/09/01 06:27:41 Service basic-pcvms ready in 106
2023/09/01 06:27:42 Service basic-nmpff ready in 107
2023/09/01 06:27:43 Service basic-68r49 ready in 107
2023/09/01 06:27:43 Shutting down InfluxReporter
Requests      [total, rate, throughput]         2791, 2791.00, 385.00
Duration      [total, attack, wait]             1m47s, 0s, 1m47s
Latencies     [min, mean, 50, 90, 95, 99, max]  1m44s, 32.417s, 21.332s, 1m24s, 1m34s, 1m43s, 1m47s
Bytes In      [total, mean]                     0, 0.00
Bytes Out     [total, mean]                     0, 0.00
Success       [ratio]                           13.79%
Status Codes  [code:count]                      0:2406  200:385  
Error Set:
2023/09/01 06:27:57 SLA 1 failed. Amount of ready services is out of the expected range. Is: 385.000000, Range: 582.000000-600.000000
