{"level":"info","ts":1693208801.3800058,"logger":"fallback","caller":"injection/injection.go:63","msg":"Starting informers..."}
2023/08/28 07:46:42 Created: basic-wp5md
2023/08/28 07:46:43 Created: basic-hf84c
2023/08/28 07:46:44 Created: basic-9zxnz
2023/08/28 07:46:45 Created: basic-4w4wv
2023/08/28 07:46:46 Created: basic-wnsjh
2023/08/28 07:46:47 Created: basic-r7wpf
2023/08/28 07:46:48 Created: basic-rf98b
2023/08/28 07:46:49 Created: basic-g7mxt
2023/08/28 07:46:50 Created: basic-hxc84
2023/08/28 07:46:51 Created: basic-4cdjj
2023/08/28 07:46:52 Created: basic-7mm7c
2023/08/28 07:46:53 Created: basic-7rzkn
2023/08/28 07:46:54 Created: basic-9kpqn
2023/08/28 07:46:55 Created: basic-xfwld
2023/08/28 07:46:56 Created: basic-7z7w8
2023/08/28 07:46:57 Created: basic-wfnj7
2023/08/28 07:46:58 Created: basic-jk2ng
2023/08/28 07:46:59 Created: basic-4chft
2023/08/28 07:47:00 Created: basic-d8wbf
2023/08/28 07:47:01 Created: basic-xfpdm
2023/08/28 07:47:02 Created: basic-cp9l5
2023/08/28 07:47:03 Created: basic-62ffz
2023/08/28 07:47:04 Created: basic-p26z4
2023/08/28 07:47:05 Created: basic-4lnbr
2023/08/28 07:47:06 Created: basic-z6b72
2023/08/28 07:47:07 Created: basic-tflgb
2023/08/28 07:47:08 Created: basic-rck42
2023/08/28 07:47:09 Created: basic-scqc9
2023/08/28 07:47:10 Created: basic-4m49v
2023/08/28 07:47:11 Created: basic-598mm
2023/08/28 07:47:12 Created: basic-lrvnt
2023/08/28 07:47:13 Created: basic-htlck
2023/08/28 07:47:14 Created: basic-jdzqj
2023/08/28 07:47:15 Created: basic-xzvgt
2023/08/28 07:47:16 Created: basic-fp9m9
2023/08/28 07:47:17 Created: basic-6m9p8
2023/08/28 07:47:18 Created: basic-h88lb
2023/08/28 07:47:19 Created: basic-bdph8
2023/08/28 07:47:20 Created: basic-d9j8z
2023/08/28 07:47:21 Created: basic-fvnpw
2023/08/28 07:47:22 Created: basic-n9vxg
2023/08/28 07:47:23 Created: basic-2scxr
2023/08/28 07:47:24 Created: basic-89tc5
2023/08/28 07:47:25 Created: basic-phwwk
2023/08/28 07:47:26 Created: basic-mqbqn
2023/08/28 07:47:27 Created: basic-qspmt
2023/08/28 07:47:28 Created: basic-lr754
2023/08/28 07:47:29 Created: basic-h7ztv
2023/08/28 07:47:30 Created: basic-tmlbn
2023/08/28 07:47:31 Created: basic-w7n5r
2023/08/28 07:47:32 Created: basic-kxgck
2023/08/28 07:47:33 Created: basic-qb7k4
2023/08/28 07:47:34 Created: basic-24qgj
2023/08/28 07:47:35 Created: basic-pnrvh
2023/08/28 07:47:36 Created: basic-8ks88
2023/08/28 07:47:37 Created: basic-tm989
2023/08/28 07:47:38 Created: basic-qpnwb
2023/08/28 07:47:39 Created: basic-cgctd
2023/08/28 07:47:40 Created: basic-q66bx
2023/08/28 07:47:41 Created: basic-n4l6b
2023/08/28 07:47:42 Created: basic-6jdqj
2023/08/28 07:47:43 Created: basic-ff9bk
2023/08/28 07:47:44 Created: basic-tg628
2023/08/28 07:47:45 Created: basic-qnwxl
2023/08/28 07:47:46 Created: basic-kfcmw
2023/08/28 07:47:47 Created: basic-zckl4
2023/08/28 07:47:48 Created: basic-j97hp
2023/08/28 07:47:49 Created: basic-cwqx6
2023/08/28 07:47:50 Created: basic-g644k
2023/08/28 07:47:51 Created: basic-jzz92
2023/08/28 07:47:52 Created: basic-g974l
2023/08/28 07:47:53 Created: basic-bqkt7
2023/08/28 07:47:54 Created: basic-rktgc
2023/08/28 07:47:55 Created: basic-dgt7v
2023/08/28 07:47:56 Created: basic-8c2xf
2023/08/28 07:47:57 Created: basic-8flkg
2023/08/28 07:47:58 Created: basic-qk9qs
2023/08/28 07:47:59 Created: basic-kcbpr
2023/08/28 07:48:00 Created: basic-2x7k4
2023/08/28 07:48:01 Created: basic-kxnpv
2023/08/28 07:48:02 Created: basic-8l4kq
2023/08/28 07:48:03 Created: basic-bh7f5
2023/08/28 07:48:04 Created: basic-g8lvs
2023/08/28 07:48:05 Created: basic-8g29c
2023/08/28 07:48:06 Created: basic-8n89x
2023/08/28 07:48:07 Created: basic-8l8rj
2023/08/28 07:48:08 Created: basic-bkppq
2023/08/28 07:48:09 Created: basic-xhpgp
2023/08/28 07:48:10 Created: basic-wgnhh
2023/08/28 07:48:11 Created: basic-rf782
2023/08/28 07:48:12 Created: basic-9szzb
2023/08/28 07:48:13 Created: basic-ngzn8
2023/08/28 07:48:14 Created: basic-jdnvj
2023/08/28 07:48:15 Created: basic-tt6s2
2023/08/28 07:48:16 Created: basic-bmnml
2023/08/28 07:48:17 Created: basic-wklrt
2023/08/28 07:48:18 Created: basic-2sh7r
2023/08/28 07:48:19 Created: basic-9859q
2023/08/28 07:48:20 Created: basic-czsxm
2023/08/28 07:48:21 Created: basic-tnkwg
2023/08/28 07:48:22 Created: basic-wpwxx
2023/08/28 07:48:23 Created: basic-s98d6
2023/08/28 07:48:24 Created: basic-dx7lt
2023/08/28 07:48:25 Created: basic-q5j7v
2023/08/28 07:48:26 Created: basic-vwk5b
2023/08/28 07:48:27 Created: basic-p6jgx
2023/08/28 07:48:28 Created: basic-z4d8v
2023/08/28 07:48:29 Created: basic-mzjgj
2023/08/28 07:48:30 Created: basic-dvmqn
2023/08/28 07:48:31 Created: basic-48ccj
2023/08/28 07:48:32 Created: basic-mwrlc
2023/08/28 07:48:33 Created: basic-kprjr
2023/08/28 07:48:34 Created: basic-j5vrp
2023/08/28 07:48:35 Created: basic-zftff
2023/08/28 07:48:36 Created: basic-tsnbk
2023/08/28 07:48:37 Created: basic-7s7j5
2023/08/28 07:48:38 Created: basic-cmlxz
2023/08/28 07:48:39 Created: basic-52pdk
2023/08/28 07:48:40 Created: basic-8w2q9
2023/08/28 07:48:41 Created: basic-dlfv5
2023/08/28 07:48:42 Created: basic-xm6pt
2023/08/28 07:48:43 Created: basic-ljd48
2023/08/28 07:48:44 Created: basic-gq85x
2023/08/28 07:48:45 Created: basic-2htwt
2023/08/28 07:48:46 Created: basic-8jz2g
2023/08/28 07:48:47 Created: basic-xdlv9
2023/08/28 07:48:48 Created: basic-st7v5
2023/08/28 07:48:49 Created: basic-qvdmk
2023/08/28 07:48:50 Created: basic-n2dgc
2023/08/28 07:48:51 Created: basic-mkx2z
2023/08/28 07:48:52 Created: basic-5555b
2023/08/28 07:48:53 Created: basic-wv8xj
2023/08/28 07:48:54 Created: basic-ptgxq
2023/08/28 07:48:55 Created: basic-9q4s9
2023/08/28 07:48:56 Created: basic-pjs22
2023/08/28 07:48:57 Created: basic-9x4ls
2023/08/28 07:48:58 Created: basic-r24bh
2023/08/28 07:48:59 Created: basic-84t2g
2023/08/28 07:49:00 Created: basic-7qfhw
2023/08/28 07:49:01 Created: basic-5wl69
2023/08/28 07:49:02 Created: basic-8dl6r
2023/08/28 07:49:03 Created: basic-x95rc
2023/08/28 07:49:04 Created: basic-87rl7
2023/08/28 07:49:05 Created: basic-x7thn
2023/08/28 07:49:06 Created: basic-bvb6b
2023/08/28 07:49:07 Created: basic-zlqrl
2023/08/28 07:49:08 Created: basic-68nbr
2023/08/28 07:49:09 Created: basic-v2r4c
2023/08/28 07:49:10 Created: basic-nbhc9
2023/08/28 07:49:11 Created: basic-psf9w
2023/08/28 07:49:12 Created: basic-cjf49
2023/08/28 07:49:13 Created: basic-266nk
2023/08/28 07:49:14 Created: basic-7cjlm
2023/08/28 07:49:15 Created: basic-hrtf6
2023/08/28 07:49:16 Created: basic-4vgz2
2023/08/28 07:49:17 Created: basic-6k4ms
2023/08/28 07:49:18 Created: basic-4dktj
2023/08/28 07:49:19 Created: basic-h4rtl
2023/08/28 07:49:20 Created: basic-pngr4
2023/08/28 07:49:21 Created: basic-8qxsl
2023/08/28 07:49:22 Created: basic-48nq9
2023/08/28 07:49:23 Created: basic-457w5
2023/08/28 07:49:24 Created: basic-kz8mk
2023/08/28 07:49:25 Created: basic-n8np4
2023/08/28 07:49:26 Created: basic-b8hz8
2023/08/28 07:49:27 Created: basic-pq5ls
2023/08/28 07:49:28 Created: basic-xht9b
2023/08/28 07:49:29 Created: basic-lxnvz
2023/08/28 07:49:30 Created: basic-przc6
2023/08/28 07:49:31 Created: basic-mjv9p
2023/08/28 07:49:32 Created: basic-d4cp6
2023/08/28 07:49:33 Created: basic-m6r9k
2023/08/28 07:49:34 Created: basic-q6fm2
2023/08/28 07:49:35 Created: basic-8st9k
2023/08/28 07:49:36 Created: basic-z8fck
2023/08/28 07:49:37 Created: basic-m85bm
2023/08/28 07:49:38 Created: basic-k2xsw
2023/08/28 07:49:39 Created: basic-gjmkd
2023/08/28 07:49:40 Created: basic-fcqbf
2023/08/28 07:49:41 Created: basic-vrs7c
2023/08/28 07:49:42 Created: basic-fp6td
2023/08/28 07:49:43 Created: basic-5nvgf
2023/08/28 07:49:44 Created: basic-trsd4
2023/08/28 07:49:45 Created: basic-2nvf4
2023/08/28 07:49:46 Created: basic-gdd7z
2023/08/28 07:49:47 Created: basic-9xvdd
2023/08/28 07:49:48 Created: basic-qh5bb
2023/08/28 07:49:49 Created: basic-6xmfz
2023/08/28 07:49:50 Created: basic-57hbl
2023/08/28 07:49:51 Created: basic-pczf9
2023/08/28 07:49:52 Created: basic-td648
2023/08/28 07:49:53 Created: basic-prkx2
2023/08/28 07:49:54 Created: basic-fbbh6
2023/08/28 07:49:55 Created: basic-kdm4v
2023/08/28 07:49:56 Created: basic-6gqnx
2023/08/28 07:49:57 Created: basic-57vkb
2023/08/28 07:49:58 Created: basic-2gkfx
2023/08/28 07:49:59 Created: basic-q2787
2023/08/28 07:50:00 Created: basic-k64c5
2023/08/28 07:50:01 Created: basic-znvc4
2023/08/28 07:50:02 Created: basic-p2tcn
2023/08/28 07:50:03 Created: basic-dwgxt
2023/08/28 07:50:04 Created: basic-rr7ls
2023/08/28 07:50:05 Created: basic-gdv6f
2023/08/28 07:50:06 Created: basic-xdlj5
2023/08/28 07:50:07 Created: basic-25tpp
2023/08/28 07:50:08 Created: basic-wbxcl
2023/08/28 07:50:09 Created: basic-2q4cb
2023/08/28 07:50:10 Created: basic-ckblg
2023/08/28 07:50:11 Created: basic-qwtgn
2023/08/28 07:50:12 Created: basic-v5qvb
2023/08/28 07:50:13 Created: basic-b7xpc
2023/08/28 07:50:14 Created: basic-rpsns
2023/08/28 07:50:15 Created: basic-khjgx
2023/08/28 07:50:16 Created: basic-mjx2k
2023/08/28 07:50:17 Created: basic-292k5
2023/08/28 07:50:18 Created: basic-9g6bw
2023/08/28 07:50:19 Created: basic-hd488
2023/08/28 07:50:20 Created: basic-m596m
2023/08/28 07:50:21 Created: basic-dfdwd
2023/08/28 07:50:22 Created: basic-rd8pw
2023/08/28 07:50:23 Created: basic-8vm4n
2023/08/28 07:50:24 Created: basic-nqb58
2023/08/28 07:50:25 Created: basic-qs8kj
2023/08/28 07:50:26 Created: basic-l6zfc
2023/08/28 07:50:27 Created: basic-v9gpb
2023/08/28 07:50:28 Created: basic-jppl9
2023/08/28 07:50:29 Created: basic-86h75
2023/08/28 07:50:30 Created: basic-f48kt
2023/08/28 07:50:31 Created: basic-647s8
2023/08/28 07:50:32 Created: basic-ks8f8
2023/08/28 07:50:33 Created: basic-88bq6
2023/08/28 07:50:34 Created: basic-2w45c
2023/08/28 07:50:35 Created: basic-bjz9x
2023/08/28 07:50:36 Created: basic-5xnmj
2023/08/28 07:50:37 Created: basic-f42s2
2023/08/28 07:50:38 Created: basic-z57ch
2023/08/28 07:50:39 Created: basic-6t6lw
2023/08/28 07:50:40 Created: basic-k4lsb
2023/08/28 07:50:41 Created: basic-4cw5s
2023/08/28 07:50:42 Created: basic-5zbxz
2023/08/28 07:50:43 Created: basic-5mq7x
2023/08/28 07:50:44 Created: basic-65f64
2023/08/28 07:50:45 Created: basic-rr44k
2023/08/28 07:50:46 Created: basic-g9t8z
2023/08/28 07:50:47 Created: basic-dm9f4
2023/08/28 07:50:48 Created: basic-r6ms2
2023/08/28 07:50:49 Created: basic-2dmsn
2023/08/28 07:50:50 Created: basic-xpccp
2023/08/28 07:50:51 Created: basic-rknnh
2023/08/28 07:50:52 Created: basic-sdgph
2023/08/28 07:50:53 Created: basic-9wbqq
2023/08/28 07:50:54 Created: basic-6qvvr
2023/08/28 07:50:55 Created: basic-hvxkv
2023/08/28 07:50:56 Created: basic-grnjt
2023/08/28 07:50:57 Created: basic-z2tbj
2023/08/28 07:50:58 Created: basic-kqtrd
2023/08/28 07:50:59 Created: basic-k9dl9
2023/08/28 07:51:00 Created: basic-mq7cr
2023/08/28 07:51:01 Created: basic-4z9tp
2023/08/28 07:51:02 Created: basic-cgd7l
2023/08/28 07:51:03 Created: basic-qdr7z
2023/08/28 07:51:04 Created: basic-fk9xv
2023/08/28 07:51:05 Created: basic-vxfjw
2023/08/28 07:51:06 Created: basic-h8m9q
2023/08/28 07:51:07 Created: basic-26d65
2023/08/28 07:51:08 Created: basic-bdwtx
2023/08/28 07:51:09 Created: basic-2sths
2023/08/28 07:51:10 Created: basic-cwbl9
2023/08/28 07:51:11 Created: basic-strfr
2023/08/28 07:51:12 Created: basic-h4tlz
2023/08/28 07:51:13 Created: basic-w5kw4
2023/08/28 07:51:14 Created: basic-6zbbt
2023/08/28 07:51:15 Created: basic-8h58l
2023/08/28 07:51:16 Created: basic-hnq9m
2023/08/28 07:51:17 Created: basic-dqphp
2023/08/28 07:51:18 Created: basic-4q7ng
2023/08/28 07:51:19 Created: basic-vv5wf
2023/08/28 07:51:20 Created: basic-w2z8b
2023/08/28 07:51:21 Created: basic-mrxq9
2023/08/28 07:51:22 Created: basic-2n6cg
2023/08/28 07:51:23 Created: basic-c4m5q
2023/08/28 07:51:24 Created: basic-46dgv
2023/08/28 07:51:25 Created: basic-8lsms
2023/08/28 07:51:26 Created: basic-klrls
2023/08/28 07:51:27 Created: basic-xvslm
2023/08/28 07:51:28 Created: basic-vlf4d
2023/08/28 07:51:29 Created: basic-vkfbr
2023/08/28 07:51:30 Created: basic-f48wx
2023/08/28 07:51:31 Created: basic-zvjq5
2023/08/28 07:51:32 Created: basic-h2bpb
2023/08/28 07:51:33 Created: basic-2v54g
2023/08/28 07:51:34 Created: basic-fl2sc
2023/08/28 07:51:35 Created: basic-l62xg
2023/08/28 07:51:36 Created: basic-fh2pf
2023/08/28 07:51:37 Created: basic-7s4c6
2023/08/28 07:51:38 Created: basic-lbddw
2023/08/28 07:51:39 Created: basic-dnxcx
2023/08/28 07:51:40 Created: basic-4zjvz
2023/08/28 07:51:41 Shutting down InfluxReporter
Requests      [total, rate, throughput]         2059, 2059.00, 293.00
Duration      [total, attack, wait]             9s, 0s, 9s
Latencies     [min, mean, 50, 90, 95, 99, max]  1s, 3.991s, 4s, 6s, 7s, 8s, 9s
Bytes In      [total, mean]                     0, 0.00
Bytes Out     [total, mean]                     0, 0.00
Success       [ratio]                           14.23%
Status Codes  [code:count]                      0:1766  200:293  
Error Set:
2023/08/28 07:51:41 SLA 1 passed. P95 latency is in 0-25s time range
2023/08/28 07:51:41 SLA 2 passed. Amount of ready services is within the expected range
2023/08/28 07:51:41 Reconciliation delay run finished
