istio-proxy     protocol=udp edns=false id=a4998235-899e-4225-9255-250a3df516bd
istio-proxy 2023-09-11T08:04:26.427567Z    debug    dns    request ;; opcode: QUERY, status: NOERROR, id: 8650
istio-proxy ;; flags: rd; QUERY: 1, ANSWER: 0, AUTHORITY: 0, ADDITIONAL: 0
istio-proxy
istio-proxy ;; QUESTION SECTION:
istio-proxy ;autoscaler.knative-serving.svc.cluster.local.knative-serving.svc.cluster.local.    IN     A
istio-proxy     protocol=udp edns=false id=b1673975-91dd-4cda-8f9e-b3b024d405b6
istio-proxy 2023-09-11T08:04:26.427584Z    debug    dns    response for hostname "autoscaler.knative-serving.svc.cluster.local.knative-serving.svc.cluster.local." (found=true): ;; opcode: QUERY, status: NOERROR, id: 14029
istio-proxy ;; flags: qr aa rd; QUERY: 1, ANSWER: 0, AUTHORITY: 0, ADDITIONAL: 0
istio-proxy
istio-proxy ;; QUESTION SECTION:
istio-proxy ;autoscaler.knative-serving.svc.cluster.local.knative-serving.svc.cluster.local.    IN     AAAA
istio-proxy     protocol=udp edns=false id=a4998235-899e-4225-9255-250a3df516bd
istio-proxy 2023-09-11T08:04:26.427599Z    debug    dns    response for hostname "autoscaler.knative-serving.svc.cluster.local.knative-serving.svc.cluster.local." (found=true): ;; opcode: QUERY, status: NOERROR, id: 8650
istio-proxy ;; flags: qr aa rd; QUERY: 1, ANSWER: 2, AUTHORITY: 0, ADDITIONAL: 0
istio-proxy
istio-proxy ;; QUESTION SECTION:
istio-proxy ;autoscaler.knative-serving.svc.cluster.local.knative-serving.svc.cluster.local.    IN     A
istio-proxy
istio-proxy ;; ANSWER SECTION:
istio-proxy autoscaler.knative-serving.svc.cluster.local.knative-serving.svc.cluster.local.    30    IN    CNAME    autoscaler.knative-serving.svc.cluster.local.
istio-proxy autoscaler.knative-serving.svc.cluster.local.    30    IN    A    172.30.19.93
istio-proxy     protocol=udp edns=false id=b1673975-91dd-4cda-8f9e-b3b024d405b6
istio-proxy 2023-09-11T08:04:26.500203Z    debug    xdsproxy    response for type url type.googleapis.com/envoy.config.endpoint.v3.ClusterLoadAssignment
istio-proxy 2023-09-11T08:04:26.500840Z    debug    xdsproxy    request for type url type.googleapis.com/envoy.config.endpoint.v3.ClusterLoadAssignment
istio-proxy 2023-09-11T08:04:26.820481Z    debug    dns    request ;; opcode: QUERY, status: NOERROR, id: 48253
istio-proxy ;; flags: rd; QUERY: 1, ANSWER: 0, AUTHORITY: 0, ADDITIONAL: 0
istio-proxy
istio-proxy ;; QUESTION SECTION:
istio-proxy ;autoscaler.knative-serving.svc.cluster.local.knative-serving.svc.cluster.local.    IN     AAAA
istio-proxy     protocol=udp edns=false id=6211a63a-0950-4c16-a192-893111838f1a
istio-proxy 2023-09-11T08:04:26.820531Z    debug    dns    request ;; opcode: QUERY, status: NOERROR, id: 35442
istio-proxy ;; flags: rd; QUERY: 1, ANSWER: 0, AUTHORITY: 0, ADDITIONAL: 0
istio-proxy
istio-proxy ;; QUESTION SECTION:
istio-proxy ;autoscaler.knative-serving.svc.cluster.local.knative-serving.svc.cluster.local.    IN     A
istio-proxy     protocol=udp edns=false id=527d0ce8-244c-45ec-8f6f-c5d73fc79a7e
istio-proxy 2023-09-11T08:04:26.820536Z    debug    dns    response for hostname "autoscaler.knative-serving.svc.cluster.local.knative-serving.svc.cluster.local." (found=true): ;; opcode: QUERY, status: NOERROR, id: 48253
istio-proxy ;; flags: qr aa rd; QUERY: 1, ANSWER: 0, AUTHORITY: 0, ADDITIONAL: 0
istio-proxy
istio-proxy ;; QUESTION SECTION:
istio-proxy ;autoscaler.knative-serving.svc.cluster.local.knative-serving.svc.cluster.local.    IN     AAAA
istio-proxy     protocol=udp edns=false id=6211a63a-0950-4c16-a192-893111838f1a
istio-proxy 2023-09-11T08:04:26.820563Z    debug    dns    response for hostname "autoscaler.knative-serving.svc.cluster.local.knative-serving.svc.cluster.local." (found=true): ;; opcode: QUERY, status: NOERROR, id: 35442
istio-proxy ;; flags: qr aa rd; QUERY: 1, ANSWER: 2, AUTHORITY: 0, ADDITIONAL: 0
istio-proxy
istio-proxy ;; QUESTION SECTION:
istio-proxy ;autoscaler.knative-serving.svc.cluster.local.knative-serving.svc.cluster.local.    IN     A
istio-proxy
istio-proxy ;; ANSWER SECTION:
istio-proxy autoscaler.knative-serving.svc.cluster.local.knative-serving.svc.cluster.local.    30    IN    CNAME    autoscaler.knative-serving.svc.cluster.local.
istio-proxy autoscaler.knative-serving.svc.cluster.local.    30    IN    A    172.30.19.93
istio-proxy     protocol=udp edns=false id=527d0ce8-244c-45ec-8f6f-c5d73fc79a7e
istio-proxy 2023-09-11T08:04:26.949229Z    debug    xdsproxy    response for type url type.googleapis.com/envoy.config.endpoint.v3.ClusterLoadAssignment
istio-proxy 2023-09-11T08:04:26.950773Z    debug    xdsproxy    request for type url type.googleapis.com/envoy.config.endpoint.v3.ClusterLoadAssignment
istio-proxy 2023-09-11T08:04:27.071282Z    debug    xdsproxy    response for type url type.googleapis.com/envoy.config.endpoint.v3.ClusterLoadAssignment
istio-proxy 2023-09-11T08:04:27.073084Z    debug    xdsproxy    request for type url type.googleapis.com/envoy.config.endpoint.v3.ClusterLoadAssignment
istio-proxy 2023-09-11T08:04:27.199232Z    debug    xdsproxy    response for type url type.googleapis.com/envoy.config.endpoint.v3.ClusterLoadAssignment
istio-proxy 2023-09-11T08:04:27.201138Z    debug    xdsproxy    request for type url type.googleapis.com/envoy.config.endpoint.v3.ClusterLoadAssignment
istio-proxy 2023-09-11T08:04:27.284828Z    debug    xdsproxy    response for type url type.googleapis.com/envoy.config.cluster.v3.Cluster
istio-proxy 2023-09-11T08:04:27.285560Z    debug    xdsproxy    response for type url type.googleapis.com/envoy.config.endpoint.v3.ClusterLoadAssignment
istio-proxy 2023-09-11T08:04:27.287526Z    debug    xdsproxy    response for type url type.googleapis.com/envoy.config.listener.v3.Listener
istio-proxy 2023-09-11T08:04:27.287854Z    debug    xdsproxy    response for type url type.googleapis.com/envoy.config.route.v3.RouteConfiguration
istio-proxy 2023-09-11T08:04:27.287875Z    debug    xdsproxy    response for type url type.googleapis.com/istio.networking.nds.v1.NameTable
istio-proxy 2023-09-11T08:04:27.288129Z    debug    dns    updated lookup table with 177 hosts
istio-proxy 2023-09-11T08:04:27.288140Z    debug    xdsproxy    request for type url type.googleapis.com/istio.networking.nds.v1.NameTable
istio-proxy 2023-09-11T08:04:27.290657Z    debug    xdsproxy    request for type url type.googleapis.com/envoy.config.cluster.v3.Cluster
istio-proxy 2023-09-11T08:04:27.299212Z    debug    xdsproxy    request for type url type.googleapis.com/envoy.config.endpoint.v3.ClusterLoadAssignment
istio-proxy 2023-09-11T08:04:27.299246Z    debug    xdsproxy    request for type url type.googleapis.com/envoy.config.listener.v3.Listener
istio-proxy 2023-09-11T08:04:27.299251Z    debug    xdsproxy    request for type url type.googleapis.com/envoy.config.route.v3.RouteConfiguration
istio-proxy 2023-09-11T08:04:27.454417Z    debug    xdsproxy    response for type url type.googleapis.com/envoy.config.endpoint.v3.ClusterLoadAssignment
istio-proxy 2023-09-11T08:04:27.455880Z    debug    xdsproxy    request for type url type.googleapis.com/envoy.config.endpoint.v3.ClusterLoadAssignment
istio-proxy 2023-09-11T08:04:27.556573Z    debug    xdsproxy    response for type url type.googleapis.com/envoy.config.endpoint.v3.ClusterLoadAssignment
istio-proxy 2023-09-11T08:04:27.558346Z    debug    xdsproxy    request for type url type.googleapis.com/envoy.config.endpoint.v3.ClusterLoadAssignment
istio-proxy 2023-09-11T08:04:27.720123Z    debug    xdsproxy    response for type url type.googleapis.com/envoy.config.endpoint.v3.ClusterLoadAssignment
istio-proxy 2023-09-11T08:04:27.723258Z    debug    xdsproxy    request for type url type.googleapis.com/envoy.config.endpoint.v3.ClusterLoadAssignment
istio-proxy 2023-09-11T08:04:28.816948Z    debug    xdsproxy    response for type url type.googleapis.com/envoy.config.endpoint.v3.ClusterLoadAssignment
istio-proxy 2023-09-11T08:04:28.817731Z    debug    xdsproxy    request for type url type.googleapis.com/envoy.config.endpoint.v3.ClusterLoadAssignment
istio-proxy 2023-09-11T08:04:29.543704Z    debug    xdsproxy    response for type url type.googleapis.com/envoy.config.endpoint.v3.ClusterLoadAssignment
activator 2023/09/11 08:04:24 Registering 3 clients
istio-proxy 2023-09-11T08:04:29.544576Z    debug    xdsproxy    request for type url type.googleapis.com/envoy.config.endpoint.v3.ClusterLoadAssignment
activator 2023/09/11 08:04:24 Registering 3 informer factories
istio-proxy 2023-09-11T08:04:29.733102Z    debug    xdsproxy    response for type url type.googleapis.com/envoy.config.endpoint.v3.ClusterLoadAssignment
activator 2023/09/11 08:04:24 Registering 3 informers
activator 2023/09/11 08:04:24 Failed to get k8s version Get "https://172.30.0.1:443/version": dial tcp 172.30.0.1:443: connect: connection refused
istio-proxy 2023-09-11T08:04:29.734524Z    debug    xdsproxy    request for type url type.googleapis.com/envoy.config.endpoint.v3.ClusterLoadAssignment
istio-proxy 2023-09-11T08:04:30.342113Z    debug    xdsproxy    response for type url type.googleapis.com/envoy.config.endpoint.v3.ClusterLoadAssignment
istio-proxy 2023-09-11T08:04:30.342701Z    debug    xdsproxy    request for type url type.googleapis.com/envoy.config.endpoint.v3.ClusterLoadAssignment
activator {"severity":"INFO","timestamp":"2023-09-11T08:04:25.54604118Z","caller":"logging/config.go:80","message":"Unable to read vcs.revision from binary"}
activator {"severity":"INFO","timestamp":"2023-09-11T08:04:25.646889076Z","logger":"activator","caller":"activator/main.go:141","message":"Starting the knative activator","knative.dev/controller":"activator","knative.dev/pod":"activator-6455488557-5t784"}
activator {"severity":"INFO","timestamp":"2023-09-11T08:04:25.665715659Z","logger":"activator","caller":"activator/main.go:218","message":"Connecting to Autoscaler at ws://autoscaler.knative-serving.svc.cluster.local:8080","knative.dev/controller":"activator","knative.dev/pod":"activator-6455488557-5t784"}
activator {"severity":"INFO","timestamp":"2023-09-11T08:04:25.66581062Z","logger":"activator","caller":"profiling/server.go:64","message":"Profiling enabled: false","knative.dev/controller":"activator","knative.dev/pod":"activator-6455488557-5t784"}
activator {"severity":"INFO","timestamp":"2023-09-11T08:04:25.665942457Z","logger":"activator","caller":"websocket/connection.go:161","message":"Connecting to ws://autoscaler.knative-serving.svc.cluster.local:8080","knative.dev/controller":"activator","knative.dev/pod":"activator-6455488557-5t784"}
activator {"severity":"ERROR","timestamp":"2023-09-11T08:04:25.672287226Z","logger":"activator","caller":"websocket/connection.go:141","message":"Websocket connection could not be established","knative.dev/controller":"activator","knative.dev/pod":"activator-6455488557-5t784","error":"websocket: bad handshake","request":"HTTP/1.1 503 Service Unavailable\r\nConnection: close\r\nContent-Length: 19\r\nContent-Type: text/plain\r\nDate: Mon, 11 Sep 2023 08:04:25 GMT\r\nServer: envoy\r\n\r\nno healthy upstream","stacktrace":"knative.dev/pkg/websocket.NewDurableConnection.func1\n\t/remote-source/knative-serving/app/vendor/knative.dev/pkg/websocket/connection.go:141\nknative.dev/pkg/websocket.(*ManagedConnection).connect.func1\n\t/remote-source/knative-serving/app/vendor/knative.dev/pkg/websocket/connection.go:225\nk8s.io/apimachinery/pkg/util/wait.ConditionFunc.WithContext.func1\n\t/remote-source/knative-serving/app/vendor/k8s.io/apimachinery/pkg/util/wait/wait.go:222\nk8s.io/apimachinery/pkg/util/wait.runConditionWithCrashProtectionWithContext\n\t/remote-source/knative-serving/app/vendor/k8s.io/apimachinery/pkg/util/wait/wait.go:235\nk8s.io/apimachinery/pkg/util/wait.runConditionWithCrashProtection\n\t/remote-source/knative-serving/app/vendor/k8s.io/apimachinery/pkg/util/wait/wait.go:228\nk8s.io/apimachinery/pkg/util/wait.ExponentialBackoff\n\t/remote-source/knative-serving/app/vendor/k8s.io/apimachinery/pkg/util/wait/wait.go:423\nknative.dev/pkg/websocket.(*ManagedConnection).connect\n\t/remote-source/knative-serving/app/vendor/knative.dev/pkg/websocket/connection.go:222\nknative.dev/pkg/websocket.NewDurableConnection.func2\n\t/remote-source/knative-serving/app/vendor/knative.dev/pkg/websocket/connection.go:162"}
activator {"severity":"INFO","timestamp":"2023-09-11T08:04:25.694219814Z","logger":"activator","caller":"activator/request_log.go:45","message":"Updated the request log template.","knative.dev/controller":"activator","knative.dev/pod":"activator-6455488557-5t784","template":""}
activator {"severity":"ERROR","timestamp":"2023-09-11T08:04:25.794235324Z","logger":"activator","caller":"websocket/connection.go:141","message":"Websocket connection could not be established","knative.dev/controller":"activator","knative.dev/pod":"activator-6455488557-5t784","error":"websocket: bad handshake","request":"HTTP/1.1 503 Service Unavailable\r\nConnection: close\r\nContent-Length: 19\r\nContent-Type: text/plain\r\nDate: Mon, 11 Sep 2023 08:04:25 GMT\r\nServer: envoy\r\n\r\nno healthy upstream","stacktrace":"knative.dev/pkg/websocket.NewDurableConnection.func1\n\t/remote-source/knative-serving/app/vendor/knative.dev/pkg/websocket/connection.go:141\nknative.dev/pkg/websocket.(*ManagedConnection).connect.func1\n\t/remote-source/knative-serving/app/vendor/knative.dev/pkg/websocket/connection.go:225\nk8s.io/apimachinery/pkg/util/wait.ConditionFunc.WithContext.func1\n\t/remote-source/knative-serving/app/vendor/k8s.io/apimachinery/pkg/util/wait/wait.go:222\nk8s.io/apimachinery/pkg/util/wait.runConditionWithCrashProtectionWithContext\n\t/remote-source/knative-serving/app/vendor/k8s.io/apimachinery/pkg/util/wait/wait.go:235\nk8s.io/apimachinery/pkg/util/wait.runConditionWithCrashProtection\n\t/remote-source/knative-serving/app/vendor/k8s.io/apimachinery/pkg/util/wait/wait.go:228\nk8s.io/apimachinery/pkg/util/wait.ExponentialBackoff\n\t/remote-source/knative-serving/app/vendor/k8s.io/apimachinery/pkg/util/wait/wait.go:423\nknative.dev/pkg/websocket.(*ManagedConnection).connect\n\t/remote-source/knative-serving/app/vendor/knative.dev/pkg/websocket/connection.go:222\nknative.dev/pkg/websocket.NewDurableConnection.func2\n\t/remote-source/knative-serving/app/vendor/knative.dev/pkg/websocket/connection.go:162"}
activator {"severity":"ERROR","timestamp":"2023-09-11T08:04:25.940813606Z","logger":"activator","caller":"websocket/connection.go:141","message":"Websocket connection could not be established","knative.dev/controller":"activator","knative.dev/pod":"activator-6455488557-5t784","error":"websocket: bad handshake","request":"HTTP/1.1 503 Service Unavailable\r\nConnection: close\r\nContent-Length: 19\r\nContent-Type: text/plain\r\nDate: Mon, 11 Sep 2023 08:04:25 GMT\r\nServer: envoy\r\n\r\nno healthy upstream","stacktrace":"knative.dev/pkg/websocket.NewDurableConnection.func1\n\t/remote-source/knative-serving/app/vendor/knative.dev/pkg/websocket/connection.go:141\nknative.dev/pkg/websocket.(*ManagedConnection).connect.func1\n\t/remote-source/knative-serving/app/vendor/knative.dev/pkg/websocket/connection.go:225\nk8s.io/apimachinery/pkg/util/wait.ConditionFunc.WithContext.func1\n\t/remote-source/knative-serving/app/vendor/k8s.io/apimachinery/pkg/util/wait/wait.go:222\nk8s.io/apimachinery/pkg/util/wait.runConditionWithCrashProtectionWithContext\n\t/remote-source/knative-serving/app/vendor/k8s.io/apimachinery/pkg/util/wait/wait.go:235\nk8s.io/apimachinery/pkg/util/wait.runConditionWithCrashProtection\n\t/remote-source/knative-serving/app/vendor/k8s.io/apimachinery/pkg/util/wait/wait.go:228\nk8s.io/apimachinery/pkg/util/wait.ExponentialBackoff\n\t/remote-source/knative-serving/app/vendor/k8s.io/apimachinery/pkg/util/wait/wait.go:423\nknative.dev/pkg/websocket.(*ManagedConnection).connect\n\t/remote-source/knative-serving/app/vendor/knative.dev/pkg/websocket/connection.go:222\nknative.dev/pkg/websocket.NewDurableConnection.func2\n\t/remote-source/knative-serving/app/vendor/knative.dev/pkg/websocket/connection.go:162"}
activator {"severity":"ERROR","timestamp":"2023-09-11T08:04:26.113919284Z","logger":"activator","caller":"websocket/connection.go:141","message":"Websocket connection could not be established","knative.dev/controller":"activator","knative.dev/pod":"activator-6455488557-5t784","error":"websocket: bad handshake","request":"HTTP/1.1 503 Service Unavailable\r\nConnection: close\r\nContent-Length: 19\r\nContent-Type: text/plain\r\nDate: Mon, 11 Sep 2023 08:04:25 GMT\r\nServer: envoy\r\n\r\nno healthy upstream","stacktrace":"knative.dev/pkg/websocket.NewDurableConnection.func1\n\t/remote-source/knative-serving/app/vendor/knative.dev/pkg/websocket/connection.go:141\nknative.dev/pkg/websocket.(*ManagedConnection).connect.func1\n\t/remote-source/knative-serving/app/vendor/knative.dev/pkg/websocket/connection.go:225\nk8s.io/apimachinery/pkg/util/wait.ConditionFunc.WithContext.func1\n\t/remote-source/knative-serving/app/vendor/k8s.io/apimachinery/pkg/util/wait/wait.go:222\nk8s.io/apimachinery/pkg/util/wait.runConditionWithCrashProtectionWithContext\n\t/remote-source/knative-serving/app/vendor/k8s.io/apimachinery/pkg/util/wait/wait.go:235\nk8s.io/apimachinery/pkg/util/wait.runConditionWithCrashProtection\n\t/remote-source/knative-serving/app/vendor/k8s.io/apimachinery/pkg/util/wait/wait.go:228\nk8s.io/apimachinery/pkg/util/wait.ExponentialBackoff\n\t/remote-source/knative-serving/app/vendor/k8s.io/apimachinery/pkg/util/wait/wait.go:423\nknative.dev/pkg/websocket.(*ManagedConnection).connect\n\t/remote-source/knative-serving/app/vendor/knative.dev/pkg/websocket/connection.go:222\nknative.dev/pkg/websocket.NewDurableConnection.func2\n\t/remote-source/knative-serving/app/vendor/knative.dev/pkg/websocket/connection.go:162"}
activator {"severity":"ERROR","timestamp":"2023-09-11T08:04:26.429799171Z","logger":"activator","caller":"websocket/connection.go:141","message":"Websocket connection could not be established","knative.dev/controller":"activator","knative.dev/pod":"activator-6455488557-5t784","error":"websocket: bad handshake","request":"HTTP/1.1 503 Service Unavailable\r\nConnection: close\r\nContent-Length: 19\r\nContent-Type: text/plain\r\nDate: Mon, 11 Sep 2023 08:04:26 GMT\r\nServer: envoy\r\n\r\nno healthy upstream","stacktrace":"knative.dev/pkg/websocket.NewDurableConnection.func1\n\t/remote-source/knative-serving/app/vendor/knative.dev/pkg/websocket/connection.go:141\nknative.dev/pkg/websocket.(*ManagedConnection).connect.func1\n\t/remote-source/knative-serving/app/vendor/knative.dev/pkg/websocket/connection.go:225\nk8s.io/apimachinery/pkg/util/wait.ConditionFunc.WithContext.func1\n\t/remote-source/knative-serving/app/vendor/k8s.io/apimachinery/pkg/util/wait/wait.go:222\nk8s.io/apimachinery/pkg/util/wait.runConditionWithCrashProtectionWithContext\n\t/remote-source/knative-serving/app/vendor/k8s.io/apimachinery/pkg/util/wait/wait.go:235\nk8s.io/apimachinery/pkg/util/wait.runConditionWithCrashProtection\n\t/remote-source/knative-serving/app/vendor/k8s.io/apimachinery/pkg/util/wait/wait.go:228\nk8s.io/apimachinery/pkg/util/wait.ExponentialBackoff\n\t/remote-source/knative-serving/app/vendor/k8s.io/apimachinery/pkg/util/wait/wait.go:423\nknative.dev/pkg/websocket.(*ManagedConnection).connect\n\t/remote-source/knative-serving/app/vendor/knative.dev/pkg/websocket/connection.go:222\nknative.dev/pkg/websocket.NewDurableConnection.func2\n\t/remote-source/knative-serving/app/vendor/knative.dev/pkg/websocket/connection.go:162"}
activator {"severity":"WARNING","timestamp":"2023-09-11T08:04:26.561917712Z","logger":"activator","caller":"handler/healthz_handler.go:36","message":"Healthcheck failed: connection has not yet been established","knative.dev/controller":"activator","knative.dev/pod":"activator-6455488557-5t784"}
activator {"severity":"INFO","timestamp":"2023-09-11T08:05:24.006554117Z","logger":"activator","caller":"net/throttler.go:326","message":"Updating Revision Throttler with: clusterIP = <nil>, trackers = 0, backends = 0","knative.dev/controller":"activator","knative.dev/pod":"activator-6455488557-5t784","knative.dev/key":"default/activator-with-cc-00001"}
activator {"severity":"INFO","timestamp":"2023-09-11T08:05:24.006579021Z","logger":"activator","caller":"net/throttler.go:318","message":"Set capacity to 0 (backends: 0, index: -1/0)","knative.dev/controller":"activator","knative.dev/pod":"activator-6455488557-5t784","knative.dev/key":"default/activator-with-cc-00001"}
activator {"severity":"INFO","timestamp":"2023-09-11T08:05:24.021766865Z","logger":"activator","caller":"net/throttler.go:670","message":"Updated public Endpoints: activator-with-cc-00001","knative.dev/controller":"activator","knative.dev/pod":"activator-6455488557-5t784"}
activator {"severity":"INFO","timestamp":"2023-09-11T08:05:24.021942561Z","logger":"activator","caller":"net/throttler.go:602","message":"Public EPS updates: &v1.Endpoints{TypeMeta:v1.TypeMeta{Kind:\"\", APIVersion:\"\"}, ObjectMeta:v1.ObjectMeta{Name:\"activator-with-cc-00001\", GenerateName:\"\", Namespace:\"default\", SelfLink:\"\", UID:\"29519e58-d954-43a3-b971-b6c0afa7f1fa\", ResourceVersion:\"186221\", Generation:0, CreationTimestamp:time.Date(2023, time.September, 11, 8, 5, 24, 0, time.Local), DeletionTimestamp:<nil>, DeletionGracePeriodSeconds:(*int64)(nil), Labels:map[string]string{\"app\":\"activator-with-cc-00001\", \"networking.internal.knative.dev/serverlessservice\":\"activator-with-cc-00001\", \"networking.internal.knative.dev/serviceType\":\"Public\", \"serving.knative.dev/configuration\":\"activator-with-cc\", \"serving.knative.dev/configurationGeneration\":\"1\", \"serving.knative.dev/configurationUID\":\"574de032-e356-4567-9ca5-7acdec3f632a\", \"serving.knative.dev/revision\":\"activator-with-cc-00001\", \"serving.knative.dev/revisionUID\":\"4d823b71-fbea-4b24-b7b3-3e50e93ba0b9\", \"serving.knative.dev/service\":\"activator-with-cc\", \"serving.knative.dev/serviceUID\":\"1908440a-a83a-4756-9f2f-dd52dd933769\"}, Annotations:map[string]string{\"autoscaling.knative.dev/class\":\"kpa.autoscaling.knative.dev\", \"autoscaling.knative.dev/maxScale\":\"10\", \"autoscaling.knative.dev/metricAggregationAlgorithm\":\"weightedExponential\", \"autoscaling.knative.dev/minScale\":\"10\", \"autoscaling.knative.dev/targetBurstCapacity\":\"-1\", \"proxy.istio.io/config\":\"{ \\\"holdApplicationUntilProxyStarts\\\": true }\", \"serving.knative.dev/creator\":\"system:admin\", \"sidecar.istio.io/inject\":\"true\", \"sidecar.istio.io/rewriteAppHTTPProbers\":\"true\"}, OwnerReferences:[]v1.OwnerReference{v1.OwnerReference{APIVersion:\"networking.internal.knative.dev/v1alpha1\", Kind:\"ServerlessService\", Name:\"activator-with-cc-00001\", UID:\"7b56b1d9-b4e8-4013-9cbb-426a4bbd6fab\", Controller:(*bool)(0xc000f4a998), BlockOwnerDeletion:(*bool)(0xc000f4a999)}}, Finalizers:[]string(nil), ManagedFields:[]v1.ManagedFieldsEntry{v1.ManagedFieldsEntry{Manager:\"controller\", Operation:\"Update\", APIVersion:\"v1\", Time:time.Date(2023, time.September, 11, 8, 5, 24, 0, time.Local), FieldsType:\"FieldsV1\", FieldsV1:(*v1.FieldsV1)(0xc000f08e40), Subresource:\"\"}}}, Subsets:[]v1.EndpointSubset{v1.EndpointSubset{Addresses:[]v1.EndpointAddress{v1.EndpointAddress{IP:\"10.128.2.146\", Hostname:\"\", NodeName:(*string)(0xc000f00a70), TargetRef:(*v1.ObjectReference)(0xc0001dc380)}, v1.EndpointAddress{IP:\"10.129.6.50\", Hostname:\"\", NodeName:(*string)(0xc000f00aa0), TargetRef:(*v1.ObjectReference)(0xc0001dc3f0)}}, NotReadyAddresses:[]v1.EndpointAddress(nil), Ports:[]v1.EndpointPort{v1.EndpointPort{Name:\"http\", Port:8012, Protocol:\"TCP\", AppProtocol:(*string)(nil)}, v1.EndpointPort{Name:\"https\", Port:8112, Protocol:\"TCP\", AppProtocol:(*string)(nil)}}}}}","knative.dev/controller":"activator","knative.dev/pod":"activator-6455488557-5t784"}
istio-proxy 2023-09-11T08:05:24.181094Z    debug    xdsproxy    response for type url type.googleapis.com/envoy.config.cluster.v3.Cluster
istio-proxy 2023-09-11T08:05:24.190165Z    debug    xdsproxy    response for type url type.googleapis.com/envoy.config.listener.v3.Listener
istio-proxy 2023-09-11T08:05:24.190220Z    debug    xdsproxy    response for type url type.googleapis.com/envoy.config.route.v3.RouteConfiguration
istio-proxy 2023-09-11T08:05:24.190275Z    debug    xdsproxy    response for type url type.googleapis.com/istio.networking.nds.v1.NameTable
istio-proxy 2023-09-11T08:05:24.190549Z    debug    dns    updated lookup table with 189 hosts
istio-proxy 2023-09-11T08:05:24.190564Z    debug    xdsproxy    request for type url type.googleapis.com/istio.networking.nds.v1.NameTable
istio-proxy 2023-09-11T08:05:24.196209Z    debug    xdsproxy    request for type url type.googleapis.com/envoy.config.endpoint.v3.ClusterLoadAssignment
istio-proxy 2023-09-11T08:05:24.201308Z    debug    xdsproxy    response for type url type.googleapis.com/envoy.config.endpoint.v3.ClusterLoadAssignment
istio-proxy 2023-09-11T08:05:24.205735Z    debug    xdsproxy    request for type url type.googleapis.com/envoy.config.route.v3.RouteConfiguration
istio-proxy 2023-09-11T08:05:24.205752Z    debug    xdsproxy    request for type url type.googleapis.com/envoy.config.listener.v3.Listener
istio-proxy 2023-09-11T08:05:24.205755Z    debug    xdsproxy    request for type url type.googleapis.com/envoy.config.route.v3.RouteConfiguration
istio-proxy 2023-09-11T08:05:24.206293Z    debug    xdsproxy    request for type url type.googleapis.com/envoy.config.cluster.v3.Cluster
istio-proxy 2023-09-11T08:05:24.206308Z    debug    xdsproxy    request for type url type.googleapis.com/envoy.config.endpoint.v3.ClusterLoadAssignment
istio-proxy 2023-09-11T08:05:24.206622Z    debug    xdsproxy    response for type url type.googleapis.com/envoy.config.route.v3.RouteConfiguration
istio-proxy 2023-09-11T08:05:24.207488Z    debug    xdsproxy    request for type url type.googleapis.com/envoy.config.route.v3.RouteConfiguration
activator {"severity":"INFO","timestamp":"2023-09-11T08:05:26.951209923Z","logger":"activator","caller":"net/throttler.go:326","message":"Updating Revision Throttler with: clusterIP = <nil>, trackers = 1, backends = 1","knative.dev/controller":"activator","knative.dev/pod":"activator-6455488557-5t784","knative.dev/key":"default/activator-with-cc-00001"}
activator {"severity":"INFO","timestamp":"2023-09-11T08:05:26.951251399Z","logger":"activator","caller":"net/throttler.go:318","message":"Set capacity to 5 (backends: 1, index: -1/0)","knative.dev/controller":"activator","knative.dev/pod":"activator-6455488557-5t784","knative.dev/key":"default/activator-with-cc-00001"}
istio-proxy 2023-09-11T08:05:27.016599Z    debug    xdsproxy    response for type url type.googleapis.com/envoy.config.endpoint.v3.ClusterLoadAssignment
istio-proxy 2023-09-11T08:05:27.017060Z    debug    xdsproxy    request for type url type.googleapis.com/envoy.config.endpoint.v3.ClusterLoadAssignment
istio-proxy 2023-09-11T08:05:27.460342Z    debug    xdsproxy    response for type url type.googleapis.com/envoy.config.endpoint.v3.ClusterLoadAssignment
istio-proxy 2023-09-11T08:05:27.460790Z    debug    xdsproxy    request for type url type.googleapis.com/envoy.config.endpoint.v3.ClusterLoadAssignment
activator {"severity":"INFO","timestamp":"2023-09-11T08:05:27.633074627Z","logger":"activator","caller":"net/throttler.go:326","message":"Updating Revision Throttler with: clusterIP = <nil>, trackers = 2, backends = 2","knative.dev/controller":"activator","knative.dev/pod":"activator-6455488557-5t784","knative.dev/key":"default/activator-with-cc-00001"}
activator {"severity":"INFO","timestamp":"2023-09-11T08:05:27.633107172Z","logger":"activator","caller":"net/throttler.go:318","message":"Set capacity to 10 (backends: 2, index: -1/0)","knative.dev/controller":"activator","knative.dev/pod":"activator-6455488557-5t784","knative.dev/key":"default/activator-with-cc-00001"}
activator {"severity":"INFO","timestamp":"2023-09-11T08:05:27.763654222Z","logger":"activator","caller":"net/throttler.go:326","message":"Updating Revision Throttler with: clusterIP = <nil>, trackers = 3, backends = 3","knative.dev/controller":"activator","knative.dev/pod":"activator-6455488557-5t784","knative.dev/key":"default/activator-with-cc-00001"}
activator {"severity":"INFO","timestamp":"2023-09-11T08:05:27.763692157Z","logger":"activator","caller":"net/throttler.go:318","message":"Set capacity to 15 (backends: 3, index: -1/0)","knative.dev/controller":"activator","knative.dev/pod":"activator-6455488557-5t784","knative.dev/key":"default/activator-with-cc-00001"}
istio-proxy 2023-09-11T08:05:27.829327Z    debug    xdsproxy    response for type url type.googleapis.com/envoy.config.endpoint.v3.ClusterLoadAssignment
istio-proxy 2023-09-11T08:05:27.829736Z    debug    xdsproxy    request for type url type.googleapis.com/envoy.config.endpoint.v3.ClusterLoadAssignment
activator {"severity":"INFO","timestamp":"2023-09-11T08:05:27.852736933Z","logger":"activator","caller":"net/throttler.go:326","message":"Updating Revision Throttler with: clusterIP = <nil>, trackers = 4, backends = 4","knative.dev/controller":"activator","knative.dev/pod":"activator-6455488557-5t784","knative.dev/key":"default/activator-with-cc-00001"}
activator {"severity":"INFO","timestamp":"2023-09-11T08:05:27.852773513Z","logger":"activator","caller":"net/throttler.go:318","message":"Set capacity to 20 (backends: 4, index: -1/0)","knative.dev/controller":"activator","knative.dev/pod":"activator-6455488557-5t784","knative.dev/key":"default/activator-with-cc-00001"}
activator {"severity":"INFO","timestamp":"2023-09-11T08:05:28.018747345Z","logger":"activator","caller":"net/throttler.go:326","message":"Updating Revision Throttler with: clusterIP = <nil>, trackers = 5, backends = 5","knative.dev/controller":"activator","knative.dev/pod":"activator-6455488557-5t784","knative.dev/key":"default/activator-with-cc-00001"}
activator {"severity":"INFO","timestamp":"2023-09-11T08:05:28.018785498Z","logger":"activator","caller":"net/throttler.go:318","message":"Set capacity to 25 (backends: 5, index: -1/0)","knative.dev/controller":"activator","knative.dev/pod":"activator-6455488557-5t784","knative.dev/key":"default/activator-with-cc-00001"}
activator {"severity":"INFO","timestamp":"2023-09-11T08:05:28.081997983Z","logger":"activator","caller":"net/throttler.go:326","message":"Updating Revision Throttler with: clusterIP = <nil>, trackers = 6, backends = 6","knative.dev/controller":"activator","knative.dev/pod":"activator-6455488557-5t784","knative.dev/key":"default/activator-with-cc-00001"}
activator {"severity":"INFO","timestamp":"2023-09-11T08:05:28.082033699Z","logger":"activator","caller":"net/throttler.go:318","message":"Set capacity to 30 (backends: 6, index: -1/0)","knative.dev/controller":"activator","knative.dev/pod":"activator-6455488557-5t784","knative.dev/key":"default/activator-with-cc-00001"}
istio-proxy 2023-09-11T08:05:28.174890Z    debug    xdsproxy    response for type url type.googleapis.com/envoy.config.cluster.v3.Cluster
istio-proxy 2023-09-11T08:05:28.178975Z    debug    xdsproxy    response for type url type.googleapis.com/envoy.config.endpoint.v3.ClusterLoadAssignment
istio-proxy 2023-09-11T08:05:28.188626Z    debug    xdsproxy    request for type url type.googleapis.com/envoy.config.endpoint.v3.ClusterLoadAssignment
istio-proxy 2023-09-11T08:05:28.189350Z    debug    xdsproxy    request for type url type.googleapis.com/envoy.config.cluster.v3.Cluster
istio-proxy 2023-09-11T08:05:28.189374Z    debug    xdsproxy    request for type url type.googleapis.com/envoy.config.endpoint.v3.ClusterLoadAssignment
activator {"severity":"INFO","timestamp":"2023-09-11T08:05:28.203067052Z","logger":"activator","caller":"net/throttler.go:326","message":"Updating Revision Throttler with: clusterIP = <nil>, trackers = 7, backends = 7","knative.dev/controller":"activator","knative.dev/pod":"activator-6455488557-5t784","knative.dev/key":"default/activator-with-cc-00001"}
activator {"severity":"INFO","timestamp":"2023-09-11T08:05:28.2030991Z","logger":"activator","caller":"net/throttler.go:318","message":"Set capacity to 35 (backends: 7, index: -1/0)","knative.dev/controller":"activator","knative.dev/pod":"activator-6455488557-5t784","knative.dev/key":"default/activator-with-cc-00001"}
istio-proxy 2023-09-11T08:05:28.208251Z    debug    xdsproxy    response for type url type.googleapis.com/envoy.config.listener.v3.Listener
istio-proxy 2023-09-11T08:05:28.208296Z    debug    xdsproxy    response for type url type.googleapis.com/envoy.config.route.v3.RouteConfiguration
istio-proxy 2023-09-11T08:05:28.213859Z    debug    xdsproxy    request for type url type.googleapis.com/envoy.config.listener.v3.Listener
istio-proxy 2023-09-11T08:05:28.213880Z    debug    xdsproxy    request for type url type.googleapis.com/envoy.config.route.v3.RouteConfiguration
istio-proxy 2023-09-11T08:05:28.224707Z    debug    xdsproxy    response for type url type.googleapis.com/istio.networking.nds.v1.NameTable
istio-proxy 2023-09-11T08:05:28.224933Z    debug    dns    updated lookup table with 189 hosts
istio-proxy 2023-09-11T08:05:28.224949Z    debug    xdsproxy    request for type url type.googleapis.com/istio.networking.nds.v1.NameTable
istio-proxy 2023-09-11T08:05:28.337461Z    debug    xdsproxy    response for type url type.googleapis.com/envoy.config.endpoint.v3.ClusterLoadAssignment
istio-proxy 2023-09-11T08:05:28.338206Z    debug    xdsproxy    request for type url type.googleapis.com/envoy.config.endpoint.v3.ClusterLoadAssignment
istio-proxy 2023-09-11T08:05:28.451027Z    debug    xdsproxy    response for type url type.googleapis.com/envoy.config.endpoint.v3.ClusterLoadAssignment
istio-proxy 2023-09-11T08:05:28.452088Z    debug    xdsproxy    request for type url type.googleapis.com/envoy.config.endpoint.v3.ClusterLoadAssignment
activator {"severity":"INFO","timestamp":"2023-09-11T08:05:28.475414396Z","logger":"activator","caller":"net/throttler.go:326","message":"Updating Revision Throttler with: clusterIP = <nil>, trackers = 8, backends = 8","knative.dev/controller":"activator","knative.dev/pod":"activator-6455488557-5t784","knative.dev/key":"default/activator-with-cc-00001"}
activator {"severity":"INFO","timestamp":"2023-09-11T08:05:28.475454123Z","logger":"activator","caller":"net/throttler.go:318","message":"Set capacity to 40 (backends: 8, index: -1/0)","knative.dev/controller":"activator","knative.dev/pod":"activator-6455488557-5t784","knative.dev/key":"default/activator-with-cc-00001"}
istio-proxy 2023-09-11T08:05:28.560268Z    debug    xdsproxy    response for type url type.googleapis.com/envoy.config.endpoint.v3.ClusterLoadAssignment
istio-proxy 2023-09-11T08:05:28.561228Z    debug    xdsproxy    request for type url type.googleapis.com/envoy.config.endpoint.v3.ClusterLoadAssignment
activator {"severity":"INFO","timestamp":"2023-09-11T08:05:28.675538444Z","logger":"activator","caller":"net/throttler.go:326","message":"Updating Revision Throttler with: clusterIP = <nil>, trackers = 9, backends = 9","knative.dev/controller":"activator","knative.dev/pod":"activator-6455488557-5t784","knative.dev/key":"default/activator-with-cc-00001"}
activator {"severity":"INFO","timestamp":"2023-09-11T08:05:28.675571887Z","logger":"activator","caller":"net/throttler.go:318","message":"Set capacity to 45 (backends: 9, index: -1/0)","knative.dev/controller":"activator","knative.dev/pod":"activator-6455488557-5t784","knative.dev/key":"default/activator-with-cc-00001"}
istio-proxy 2023-09-11T08:05:28.710472Z    debug    xdsproxy    response for type url type.googleapis.com/envoy.config.endpoint.v3.ClusterLoadAssignment
istio-proxy 2023-09-11T08:05:28.711617Z    debug    xdsproxy    request for type url type.googleapis.com/envoy.config.endpoint.v3.ClusterLoadAssignment
activator {"severity":"INFO","timestamp":"2023-09-11T08:05:28.827375702Z","logger":"activator","caller":"net/throttler.go:326","message":"Updating Revision Throttler with: clusterIP = <nil>, trackers = 10, backends = 10","knative.dev/controller":"activator","knative.dev/pod":"activator-6455488557-5t784","knative.dev/key":"default/activator-with-cc-00001"}
activator {"severity":"INFO","timestamp":"2023-09-11T08:05:28.827406058Z","logger":"activator","caller":"net/throttler.go:318","message":"Set capacity to 50 (backends: 10, index: -1/0)","knative.dev/controller":"activator","knative.dev/pod":"activator-6455488557-5t784","knative.dev/key":"default/activator-with-cc-00001"}
istio-proxy 2023-09-11T08:05:28.988884Z    debug    xdsproxy    response for type url type.googleapis.com/envoy.config.endpoint.v3.ClusterLoadAssignment
istio-proxy 2023-09-11T08:05:28.990918Z    debug    xdsproxy    request for type url type.googleapis.com/envoy.config.endpoint.v3.ClusterLoadAssignment
istio-proxy 2023-09-11T08:05:29.209653Z    debug    xdsproxy    response for type url type.googleapis.com/envoy.config.endpoint.v3.ClusterLoadAssignment
istio-proxy 2023-09-11T08:05:29.211657Z    debug    xdsproxy    request for type url type.googleapis.com/envoy.config.endpoint.v3.ClusterLoadAssignment
istio-proxy 2023-09-11T08:05:29.523322Z    debug    xdsproxy    response for type url type.googleapis.com/envoy.config.cluster.v3.Cluster
istio-proxy 2023-09-11T08:05:29.524257Z    debug    xdsproxy    response for type url type.googleapis.com/envoy.config.endpoint.v3.ClusterLoadAssignment
istio-proxy 2023-09-11T08:05:29.533658Z    debug    xdsproxy    response for type url type.googleapis.com/envoy.config.listener.v3.Listener
istio-proxy 2023-09-11T08:05:29.533943Z    debug    xdsproxy    response for type url type.googleapis.com/envoy.config.route.v3.RouteConfiguration
istio-proxy 2023-09-11T08:05:29.533974Z    debug    xdsproxy    response for type url type.googleapis.com/istio.networking.nds.v1.NameTable
istio-proxy 2023-09-11T08:05:29.534247Z    debug    dns    updated lookup table with 189 hosts
istio-proxy 2023-09-11T08:05:29.534265Z    debug    xdsproxy    request for type url type.googleapis.com/istio.networking.nds.v1.NameTable
istio-proxy 2023-09-11T08:05:29.534952Z    debug    xdsproxy    request for type url type.googleapis.com/envoy.config.endpoint.v3.ClusterLoadAssignment
istio-proxy 2023-09-11T08:05:29.534977Z    debug    xdsproxy    request for type url type.googleapis.com/envoy.config.cluster.v3.Cluster
istio-proxy 2023-09-11T08:05:29.542755Z    debug    xdsproxy    request for type url type.googleapis.com/envoy.config.listener.v3.Listener
istio-proxy 2023-09-11T08:05:29.542777Z    debug    xdsproxy    request for type url type.googleapis.com/envoy.config.route.v3.RouteConfiguration
istio-proxy 2023-09-11T08:05:29.776951Z    debug    xdsproxy    response for type url type.googleapis.com/envoy.config.cluster.v3.Cluster
istio-proxy 2023-09-11T08:05:29.785260Z    debug    xdsproxy    request for type url type.googleapis.com/envoy.config.cluster.v3.Cluster
istio-proxy 2023-09-11T08:05:29.812146Z    debug    xdsproxy    response for type url type.googleapis.com/envoy.config.listener.v3.Listener
istio-proxy 2023-09-11T08:05:29.812246Z    debug    xdsproxy    response for type url type.googleapis.com/envoy.config.route.v3.RouteConfiguration
istio-proxy 2023-09-11T08:05:29.812279Z    debug    xdsproxy    response for type url type.googleapis.com/istio.networking.nds.v1.NameTable
istio-proxy 2023-09-11T08:05:29.812578Z    debug    dns    updated lookup table with 189 hosts
istio-proxy 2023-09-11T08:05:29.812587Z    debug    xdsproxy    request for type url type.googleapis.com/istio.networking.nds.v1.NameTable
istio-proxy 2023-09-11T08:05:29.817000Z    debug    xdsproxy    request for type url type.googleapis.com/envoy.config.listener.v3.Listener
istio-proxy 2023-09-11T08:05:29.818512Z    debug    xdsproxy    request for type url type.googleapis.com/envoy.config.route.v3.RouteConfiguration
activator {"severity":"INFO","timestamp":"2023-09-11T08:06:08.423277777Z","logger":"activator","caller":"net/throttler.go:326","message":"Updating Revision Throttler with: clusterIP = <nil>, trackers = 0, backends = 0","knative.dev/controller":"activator","knative.dev/pod":"activator-6455488557-5t784","knative.dev/key":"default/activator-with-cc-00002"}
activator {"severity":"INFO","timestamp":"2023-09-11T08:06:08.423309693Z","logger":"activator","caller":"net/throttler.go:318","message":"Set capacity to 0 (backends: 0, index: -1/0)","knative.dev/controller":"activator","knative.dev/pod":"activator-6455488557-5t784","knative.dev/key":"default/activator-with-cc-00002"}
activator {"severity":"INFO","timestamp":"2023-09-11T08:06:08.446450368Z","logger":"activator","caller":"net/throttler.go:670","message":"Updated public Endpoints: activator-with-cc-00002","knative.dev/controller":"activator","knative.dev/pod":"activator-6455488557-5t784"}
activator {"severity":"INFO","timestamp":"2023-09-11T08:06:08.44660073Z","logger":"activator","caller":"net/throttler.go:602","message":"Public EPS updates: &v1.Endpoints{TypeMeta:v1.TypeMeta{Kind:\"\", APIVersion:\"\"}, ObjectMeta:v1.ObjectMeta{Name:\"activator-with-cc-00002\", GenerateName:\"\", Namespace:\"default\", SelfLink:\"\", UID:\"e0d9ab37-4295-4d8a-ac86-505df0fc3ab4\", ResourceVersion:\"187231\", Generation:0, CreationTimestamp:time.Date(2023, time.September, 11, 8, 6, 8, 0, time.Local), DeletionTimestamp:<nil>, DeletionGracePeriodSeconds:(*int64)(nil), Labels:map[string]string{\"app\":\"activator-with-cc-00002\", \"networking.internal.knative.dev/serverlessservice\":\"activator-with-cc-00002\", \"networking.internal.knative.dev/serviceType\":\"Public\", \"serving.knative.dev/configuration\":\"activator-with-cc\", \"serving.knative.dev/configurationGeneration\":\"2\", \"serving.knative.dev/configurationUID\":\"574de032-e356-4567-9ca5-7acdec3f632a\", \"serving.knative.dev/revision\":\"activator-with-cc-00002\", \"serving.knative.dev/revisionUID\":\"420cca23-dc79-430d-bdca-3739053a2088\", \"serving.knative.dev/service\":\"activator-with-cc\", \"serving.knative.dev/serviceUID\":\"1908440a-a83a-4756-9f2f-dd52dd933769\"}, Annotations:map[string]string{\"autoscaling.knative.dev/class\":\"kpa.autoscaling.knative.dev\", \"autoscaling.knative.dev/maxScale\":\"10\", \"autoscaling.knative.dev/metricAggregationAlgorithm\":\"weightedExponential\", \"autoscaling.knative.dev/min-scale\":\"1\", \"autoscaling.knative.dev/minScale\":\"10\", \"autoscaling.knative.dev/targetBurstCapacity\":\"-1\", \"proxy.istio.io/config\":\"{ \\\"holdApplicationUntilProxyStarts\\\": true }\", \"serving.knative.dev/creator\":\"system:serviceaccount:default:prober\", \"sidecar.istio.io/inject\":\"true\", \"sidecar.istio.io/rewriteAppHTTPProbers\":\"true\"}, OwnerReferences:[]v1.OwnerReference{v1.OwnerReference{APIVersion:\"networking.internal.knative.dev/v1alpha1\", Kind:\"ServerlessService\", Name:\"activator-with-cc-00002\", UID:\"381ffcef-91ee-49a1-9a54-ce2be62a35a8\", Controller:(*bool)(0xc00076a5ec), BlockOwnerDeletion:(*bool)(0xc00076a5ed)}}, Finalizers:[]string(nil), ManagedFields:[]v1.ManagedFieldsEntry{v1.ManagedFieldsEntry{Manager:\"controller\", Operation:\"Update\", APIVersion:\"v1\", Time:time.Date(2023, time.September, 11, 8, 6, 8, 0, time.Local), FieldsType:\"FieldsV1\", FieldsV1:(*v1.FieldsV1)(0xc000a74ab0), Subresource:\"\"}}}, Subsets:[]v1.EndpointSubset{v1.EndpointSubset{Addresses:[]v1.EndpointAddress{v1.EndpointAddress{IP:\"10.129.2.43\", Hostname:\"\", NodeName:(*string)(0xc0005827f0), TargetRef:(*v1.ObjectReference)(0xc00041c0e0)}, v1.EndpointAddress{IP:\"10.129.6.50\", Hostname:\"\", NodeName:(*string)(0xc000582800), TargetRef:(*v1.ObjectReference)(0xc00041c150)}}, NotReadyAddresses:[]v1.EndpointAddress(nil), Ports:[]v1.EndpointPort{v1.EndpointPort{Name:\"http\", Port:8012, Protocol:\"TCP\", AppProtocol:(*string)(nil)}, v1.EndpointPort{Name:\"https\", Port:8112, Protocol:\"TCP\", AppProtocol:(*string)(nil)}}}}}","knative.dev/controller":"activator","knative.dev/pod":"activator-6455488557-5t784"}
istio-proxy 2023-09-11T08:06:08.566810Z    debug    xdsproxy    response for type url type.googleapis.com/envoy.config.cluster.v3.Cluster
istio-proxy 2023-09-11T08:06:08.582551Z    debug    xdsproxy    request for type url type.googleapis.com/envoy.config.endpoint.v3.ClusterLoadAssignment
istio-proxy 2023-09-11T08:06:08.589155Z    debug    xdsproxy    response for type url type.googleapis.com/envoy.config.listener.v3.Listener
istio-proxy 2023-09-11T08:06:08.589397Z    debug    xdsproxy    response for type url type.googleapis.com/envoy.config.route.v3.RouteConfiguration
istio-proxy 2023-09-11T08:06:08.589450Z    debug    xdsproxy    response for type url type.googleapis.com/istio.networking.nds.v1.NameTable
istio-proxy 2023-09-11T08:06:08.589758Z    debug    dns    updated lookup table with 201 hosts
istio-proxy 2023-09-11T08:06:08.589770Z    debug    xdsproxy    request for type url type.googleapis.com/istio.networking.nds.v1.NameTable
istio-proxy 2023-09-11T08:06:08.598968Z    debug    xdsproxy    request for type url type.googleapis.com/envoy.config.listener.v3.Listener
istio-proxy 2023-09-11T08:06:08.598990Z    debug    xdsproxy    request for type url type.googleapis.com/envoy.config.route.v3.RouteConfiguration
istio-proxy 2023-09-11T08:06:08.599231Z    debug    xdsproxy    response for type url type.googleapis.com/envoy.config.endpoint.v3.ClusterLoadAssignment
istio-proxy 2023-09-11T08:06:08.599943Z    debug    xdsproxy    request for type url type.googleapis.com/envoy.config.cluster.v3.Cluster
istio-proxy 2023-09-11T08:06:08.599960Z    debug    xdsproxy    request for type url type.googleapis.com/envoy.config.endpoint.v3.ClusterLoadAssignment
activator {"severity":"INFO","timestamp":"2023-09-11T08:06:12.022158298Z","logger":"activator","caller":"net/throttler.go:326","message":"Updating Revision Throttler with: clusterIP = <nil>, trackers = 1, backends = 1","knative.dev/controller":"activator","knative.dev/pod":"activator-6455488557-5t784","knative.dev/key":"default/activator-with-cc-00002"}
activator {"severity":"INFO","timestamp":"2023-09-11T08:06:12.022195428Z","logger":"activator","caller":"net/throttler.go:318","message":"Set capacity to 5 (backends: 1, index: -1/0)","knative.dev/controller":"activator","knative.dev/pod":"activator-6455488557-5t784","knative.dev/key":"default/activator-with-cc-00002"}
istio-proxy 2023-09-11T08:06:12.103699Z    debug    xdsproxy    response for type url type.googleapis.com/envoy.config.endpoint.v3.ClusterLoadAssignment
istio-proxy 2023-09-11T08:06:12.104083Z    debug    xdsproxy    request for type url type.googleapis.com/envoy.config.endpoint.v3.ClusterLoadAssignment
istio-proxy 2023-09-11T08:06:13.123857Z    debug    xdsproxy    response for type url type.googleapis.com/envoy.config.cluster.v3.Cluster
istio-proxy 2023-09-11T08:06:13.137024Z    debug    xdsproxy    request for type url type.googleapis.com/envoy.config.endpoint.v3.ClusterLoadAssignment
istio-proxy 2023-09-11T08:06:13.151175Z    debug    xdsproxy    response for type url type.googleapis.com/envoy.config.endpoint.v3.ClusterLoadAssignment
istio-proxy 2023-09-11T08:06:13.152366Z    debug    xdsproxy    request for type url type.googleapis.com/envoy.config.cluster.v3.Cluster
istio-proxy 2023-09-11T08:06:13.152391Z    debug    xdsproxy    request for type url type.googleapis.com/envoy.config.endpoint.v3.ClusterLoadAssignment
istio-proxy 2023-09-11T08:06:13.183266Z    debug    xdsproxy    response for type url type.googleapis.com/envoy.config.listener.v3.Listener
istio-proxy 2023-09-11T08:06:13.183628Z    debug    xdsproxy    response for type url type.googleapis.com/envoy.config.route.v3.RouteConfiguration
istio-proxy 2023-09-11T08:06:13.183656Z    debug    xdsproxy    response for type url type.googleapis.com/istio.networking.nds.v1.NameTable
istio-proxy 2023-09-11T08:06:13.183933Z    debug    dns    updated lookup table with 201 hosts
istio-proxy 2023-09-11T08:06:13.183948Z    debug    xdsproxy    request for type url type.googleapis.com/istio.networking.nds.v1.NameTable
istio-proxy 2023-09-11T08:06:13.188245Z    debug    xdsproxy    request for type url type.googleapis.com/envoy.config.listener.v3.Listener
istio-proxy 2023-09-11T08:06:13.189801Z    debug    xdsproxy    request for type url type.googleapis.com/envoy.config.route.v3.RouteConfiguration
istio-proxy 2023-09-11T08:06:13.301930Z    debug    xdsproxy    response for type url type.googleapis.com/envoy.config.cluster.v3.Cluster
istio-proxy 2023-09-11T08:06:13.308077Z    debug    xdsproxy    request for type url type.googleapis.com/envoy.config.cluster.v3.Cluster
istio-proxy 2023-09-11T08:06:13.333443Z    debug    xdsproxy    response for type url type.googleapis.com/envoy.config.listener.v3.Listener
istio-proxy 2023-09-11T08:06:13.336934Z    debug    xdsproxy    response for type url type.googleapis.com/envoy.config.route.v3.RouteConfiguration
istio-proxy 2023-09-11T08:06:13.338219Z    debug    xdsproxy    request for type url type.googleapis.com/envoy.config.listener.v3.Listener
istio-proxy 2023-09-11T08:06:13.341523Z    debug    xdsproxy    request for type url type.googleapis.com/envoy.config.route.v3.RouteConfiguration
activator {"severity":"INFO","timestamp":"2023-09-11T08:06:17.568882232Z","logger":"activator","caller":"net/throttler.go:326","message":"Updating Revision Throttler with: clusterIP = <nil>, trackers = 2, backends = 2","knative.dev/controller":"activator","knative.dev/pod":"activator-6455488557-5t784","knative.dev/key":"default/activator-with-cc-00002"}
activator {"severity":"INFO","timestamp":"2023-09-11T08:06:17.568918848Z","logger":"activator","caller":"net/throttler.go:318","message":"Set capacity to 10 (backends: 2, index: -1/0)","knative.dev/controller":"activator","knative.dev/pod":"activator-6455488557-5t784","knative.dev/key":"default/activator-with-cc-00002"}
istio-proxy 2023-09-11T08:06:17.637018Z    debug    xdsproxy    response for type url type.googleapis.com/envoy.config.endpoint.v3.ClusterLoadAssignment
istio-proxy 2023-09-11T08:06:17.637736Z    debug    xdsproxy    request for type url type.googleapis.com/envoy.config.endpoint.v3.ClusterLoadAssignment
activator {"severity":"INFO","timestamp":"2023-09-11T08:06:17.840398433Z","logger":"activator","caller":"net/throttler.go:326","message":"Updating Revision Throttler with: clusterIP = <nil>, trackers = 3, backends = 3","knative.dev/controller":"activator","knative.dev/pod":"activator-6455488557-5t784","knative.dev/key":"default/activator-with-cc-00002"}
activator {"severity":"INFO","timestamp":"2023-09-11T08:06:17.840426933Z","logger":"activator","caller":"net/throttler.go:318","message":"Set capacity to 15 (backends: 3, index: -1/0)","knative.dev/controller":"activator","knative.dev/pod":"activator-6455488557-5t784","knative.dev/key":"default/activator-with-cc-00002"}
activator {"severity":"INFO","timestamp":"2023-09-11T08:06:17.908640968Z","logger":"activator","caller":"net/throttler.go:326","message":"Updating Revision Throttler with: clusterIP = <nil>, trackers = 4, backends = 4","knative.dev/controller":"activator","knative.dev/pod":"activator-6455488557-5t784","knative.dev/key":"default/activator-with-cc-00002"}
activator {"severity":"INFO","timestamp":"2023-09-11T08:06:17.908671996Z","logger":"activator","caller":"net/throttler.go:318","message":"Set capacity to 20 (backends: 4, index: -1/0)","knative.dev/controller":"activator","knative.dev/pod":"activator-6455488557-5t784","knative.dev/key":"default/activator-with-cc-00002"}
istio-proxy 2023-09-11T08:06:18.032358Z    debug    xdsproxy    response for type url type.googleapis.com/envoy.config.endpoint.v3.ClusterLoadAssignment
istio-proxy 2023-09-11T08:06:18.033557Z    debug    xdsproxy    request for type url type.googleapis.com/envoy.config.endpoint.v3.ClusterLoadAssignment
activator {"severity":"INFO","timestamp":"2023-09-11T08:06:18.186426381Z","logger":"activator","caller":"net/throttler.go:326","message":"Updating Revision Throttler with: clusterIP = <nil>, trackers = 5, backends = 5","knative.dev/controller":"activator","knative.dev/pod":"activator-6455488557-5t784","knative.dev/key":"default/activator-with-cc-00002"}
activator {"severity":"INFO","timestamp":"2023-09-11T08:06:18.186453744Z","logger":"activator","caller":"net/throttler.go:318","message":"Set capacity to 25 (backends: 5, index: -1/0)","knative.dev/controller":"activator","knative.dev/pod":"activator-6455488557-5t784","knative.dev/key":"default/activator-with-cc-00002"}
istio-proxy 2023-09-11T08:06:18.267076Z    debug    xdsproxy    response for type url type.googleapis.com/envoy.config.endpoint.v3.ClusterLoadAssignment
istio-proxy 2023-09-11T08:06:18.267965Z    debug    xdsproxy    request for type url type.googleapis.com/envoy.config.endpoint.v3.ClusterLoadAssignment
activator {"severity":"INFO","timestamp":"2023-09-11T08:06:18.299341883Z","logger":"activator","caller":"net/throttler.go:326","message":"Updating Revision Throttler with: clusterIP = <nil>, trackers = 6, backends = 6","knative.dev/controller":"activator","knative.dev/pod":"activator-6455488557-5t784","knative.dev/key":"default/activator-with-cc-00002"}
activator {"severity":"INFO","timestamp":"2023-09-11T08:06:18.299372586Z","logger":"activator","caller":"net/throttler.go:318","message":"Set capacity to 30 (backends: 6, index: -1/0)","knative.dev/controller":"activator","knative.dev/pod":"activator-6455488557-5t784","knative.dev/key":"default/activator-with-cc-00002"}
activator {"severity":"INFO","timestamp":"2023-09-11T08:06:18.393908853Z","logger":"activator","caller":"net/throttler.go:326","message":"Updating Revision Throttler with: clusterIP = <nil>, trackers = 7, backends = 7","knative.dev/controller":"activator","knative.dev/pod":"activator-6455488557-5t784","knative.dev/key":"default/activator-with-cc-00002"}
activator {"severity":"INFO","timestamp":"2023-09-11T08:06:18.393941647Z","logger":"activator","caller":"net/throttler.go:318","message":"Set capacity to 35 (backends: 7, index: -1/0)","knative.dev/controller":"activator","knative.dev/pod":"activator-6455488557-5t784","knative.dev/key":"default/activator-with-cc-00002"}
activator {"severity":"INFO","timestamp":"2023-09-11T08:06:18.461943265Z","logger":"activator","caller":"net/throttler.go:326","message":"Updating Revision Throttler with: clusterIP = <nil>, trackers = 8, backends = 8","knative.dev/controller":"activator","knative.dev/pod":"activator-6455488557-5t784","knative.dev/key":"default/activator-with-cc-00002"}
activator {"severity":"INFO","timestamp":"2023-09-11T08:06:18.461975228Z","logger":"activator","caller":"net/throttler.go:318","message":"Set capacity to 40 (backends: 8, index: -1/0)","knative.dev/controller":"activator","knative.dev/pod":"activator-6455488557-5t784","knative.dev/key":"default/activator-with-cc-00002"}
istio-proxy 2023-09-11T08:06:18.639168Z    debug    xdsproxy    response for type url type.googleapis.com/envoy.config.endpoint.v3.ClusterLoadAssignment
istio-proxy 2023-09-11T08:06:18.640551Z    debug    xdsproxy    request for type url type.googleapis.com/envoy.config.endpoint.v3.ClusterLoadAssignment
activator {"severity":"INFO","timestamp":"2023-09-11T08:06:18.929013268Z","logger":"activator","caller":"net/throttler.go:326","message":"Updating Revision Throttler with: clusterIP = <nil>, trackers = 9, backends = 9","knative.dev/controller":"activator","knative.dev/pod":"activator-6455488557-5t784","knative.dev/key":"default/activator-with-cc-00002"}
activator {"severity":"INFO","timestamp":"2023-09-11T08:06:18.929042459Z","logger":"activator","caller":"net/throttler.go:318","message":"Set capacity to 45 (backends: 9, index: -1/0)","knative.dev/controller":"activator","knative.dev/pod":"activator-6455488557-5t784","knative.dev/key":"default/activator-with-cc-00002"}
istio-proxy 2023-09-11T08:06:19.099275Z    debug    xdsproxy    response for type url type.googleapis.com/envoy.config.endpoint.v3.ClusterLoadAssignment
istio-proxy 2023-09-11T08:06:19.101307Z    debug    xdsproxy    request for type url type.googleapis.com/envoy.config.endpoint.v3.ClusterLoadAssignment
istio-proxy 2023-09-11T08:06:19.427283Z    debug    xdsproxy    response for type url type.googleapis.com/envoy.config.endpoint.v3.ClusterLoadAssignment
istio-proxy 2023-09-11T08:06:19.429041Z    debug    xdsproxy    request for type url type.googleapis.com/envoy.config.endpoint.v3.ClusterLoadAssignment
activator {"severity":"INFO","timestamp":"2023-09-11T08:06:19.868081503Z","logger":"activator","caller":"net/throttler.go:326","message":"Updating Revision Throttler with: clusterIP = <nil>, trackers = 10, backends = 10","knative.dev/controller":"activator","knative.dev/pod":"activator-6455488557-5t784","knative.dev/key":"default/activator-with-cc-00002"}
activator {"severity":"INFO","timestamp":"2023-09-11T08:06:19.868117067Z","logger":"activator","caller":"net/throttler.go:318","message":"Set capacity to 50 (backends: 10, index: -1/0)","knative.dev/controller":"activator","knative.dev/pod":"activator-6455488557-5t784","knative.dev/key":"default/activator-with-cc-00002"}
istio-proxy 2023-09-11T08:06:20.035725Z    debug    xdsproxy    response for type url type.googleapis.com/envoy.config.endpoint.v3.ClusterLoadAssignment
istio-proxy 2023-09-11T08:06:20.038016Z    debug    xdsproxy    request for type url type.googleapis.com/envoy.config.endpoint.v3.ClusterLoadAssignment
activator {"severity":"INFO","timestamp":"2023-09-11T08:07:42.108668752Z","logger":"activator","caller":"net/throttler.go:326","message":"Updating Revision Throttler with: clusterIP = <nil>, trackers = 9, backends = 9","knative.dev/controller":"activator","knative.dev/pod":"activator-6455488557-5t784","knative.dev/key":"default/activator-with-cc-00001"}
activator {"severity":"INFO","timestamp":"2023-09-11T08:07:42.108713959Z","logger":"activator","caller":"net/throttler.go:318","message":"Set capacity to 45 (backends: 9, index: -1/0)","knative.dev/controller":"activator","knative.dev/pod":"activator-6455488557-5t784","knative.dev/key":"default/activator-with-cc-00001"}
activator {"severity":"INFO","timestamp":"2023-09-11T08:07:42.137935779Z","logger":"activator","caller":"net/throttler.go:326","message":"Updating Revision Throttler with: clusterIP = <nil>, trackers = 5, backends = 5","knative.dev/controller":"activator","knative.dev/pod":"activator-6455488557-5t784","knative.dev/key":"default/activator-with-cc-00001"}
activator {"severity":"INFO","timestamp":"2023-09-11T08:07:42.137964811Z","logger":"activator","caller":"net/throttler.go:318","message":"Set capacity to 25 (backends: 5, index: -1/0)","knative.dev/controller":"activator","knative.dev/pod":"activator-6455488557-5t784","knative.dev/key":"default/activator-with-cc-00001"}
activator {"severity":"INFO","timestamp":"2023-09-11T08:07:42.163689358Z","logger":"activator","caller":"net/throttler.go:326","message":"Updating Revision Throttler with: clusterIP = <nil>, trackers = 1, backends = 1","knative.dev/controller":"activator","knative.dev/pod":"activator-6455488557-5t784","knative.dev/key":"default/activator-with-cc-00001"}
activator {"severity":"INFO","timestamp":"2023-09-11T08:07:42.163720322Z","logger":"activator","caller":"net/throttler.go:318","message":"Set capacity to 5 (backends: 1, index: -1/0)","knative.dev/controller":"activator","knative.dev/pod":"activator-6455488557-5t784","knative.dev/key":"default/activator-with-cc-00001"}
istio-proxy 2023-09-11T08:07:42.250726Z    debug    xdsproxy    response for type url type.googleapis.com/envoy.config.endpoint.v3.ClusterLoadAssignment
istio-proxy 2023-09-11T08:07:42.251878Z    debug    xdsproxy    request for type url type.googleapis.com/envoy.config.endpoint.v3.ClusterLoadAssignment
activator {"severity":"INFO","timestamp":"2023-09-11T08:07:44.10062954Z","logger":"activator","caller":"net/throttler.go:326","message":"Updating Revision Throttler with: clusterIP = <nil>, trackers = 0, backends = 0","knative.dev/controller":"activator","knative.dev/pod":"activator-6455488557-5t784","knative.dev/key":"default/activator-with-cc-00001"}
activator {"severity":"INFO","timestamp":"2023-09-11T08:07:44.100657079Z","logger":"activator","caller":"net/throttler.go:318","message":"Set capacity to 0 (backends: 0, index: -1/0)","knative.dev/controller":"activator","knative.dev/pod":"activator-6455488557-5t784","knative.dev/key":"default/activator-with-cc-00001"}
istio-proxy 2023-09-11T08:07:44.207689Z    debug    xdsproxy    response for type url type.googleapis.com/envoy.config.endpoint.v3.ClusterLoadAssignment
istio-proxy 2023-09-11T08:07:44.208279Z    debug    xdsproxy    request for type url type.googleapis.com/envoy.config.endpoint.v3.ClusterLoadAssignment
istio-proxy 2023-09-11T08:08:04.173117Z    debug    xdsproxy    response for type url type.googleapis.com/envoy.config.endpoint.v3.ClusterLoadAssignment
istio-proxy 2023-09-11T08:08:04.173505Z    debug    xdsproxy    request for type url type.googleapis.com/envoy.config.endpoint.v3.ClusterLoadAssignment
istio-proxy 2023-09-11T08:08:05.171955Z    debug    xdsproxy    response for type url type.googleapis.com/envoy.config.endpoint.v3.ClusterLoadAssignment
istio-proxy 2023-09-11T08:08:05.172596Z    debug    xdsproxy    request for type url type.googleapis.com/envoy.config.endpoint.v3.ClusterLoadAssignment
istio-proxy 2023-09-11T08:08:05.531105Z    debug    xdsproxy    response for type url type.googleapis.com/envoy.config.endpoint.v3.ClusterLoadAssignment
istio-proxy 2023-09-11T08:08:05.531483Z    debug    xdsproxy    request for type url type.googleapis.com/envoy.config.endpoint.v3.ClusterLoadAssignment
istio-proxy 2023-09-11T08:08:17.905001Z    debug    xdsproxy    response for type url type.googleapis.com/envoy.config.endpoint.v3.ClusterLoadAssignment
istio-proxy 2023-09-11T08:08:17.905517Z    debug    xdsproxy    request for type url type.googleapis.com/envoy.config.endpoint.v3.ClusterLoadAssignment
istio-proxy 2023-09-11T08:08:18.267723Z    debug    xdsproxy    response for type url type.googleapis.com/envoy.config.endpoint.v3.ClusterLoadAssignment
istio-proxy 2023-09-11T08:08:18.268034Z    debug    xdsproxy    request for type url type.googleapis.com/envoy.config.endpoint.v3.ClusterLoadAssignment
istio-proxy 2023-09-11T08:08:18.378114Z    debug    xdsproxy    response for type url type.googleapis.com/envoy.config.endpoint.v3.ClusterLoadAssignment
istio-proxy 2023-09-11T08:08:18.378482Z    debug    xdsproxy    request for type url type.googleapis.com/envoy.config.endpoint.v3.ClusterLoadAssignment
istio-proxy 2023-09-11T08:08:20.118444Z    debug    xdsproxy    response for type url type.googleapis.com/envoy.config.endpoint.v3.ClusterLoadAssignment
istio-proxy 2023-09-11T08:08:20.118813Z    debug    xdsproxy    request for type url type.googleapis.com/envoy.config.endpoint.v3.ClusterLoadAssignment
istio-proxy 2023-09-11T08:09:06.295350Z    debug    xdsproxy    response for type url type.googleapis.com/envoy.config.cluster.v3.Cluster
istio-proxy 2023-09-11T08:09:06.301986Z    debug    xdsproxy    request for type url type.googleapis.com/envoy.config.endpoint.v3.ClusterLoadAssignment
istio-proxy 2023-09-11T08:09:06.302028Z    debug    xdsproxy    request for type url type.googleapis.com/envoy.config.cluster.v3.Cluster
istio-proxy 2023-09-11T08:09:06.303223Z    debug    xdsproxy    response for type url type.googleapis.com/envoy.config.endpoint.v3.ClusterLoadAssignment
istio-proxy 2023-09-11T08:09:06.303259Z    debug    xdsproxy    response for type url type.googleapis.com/envoy.config.listener.v3.Listener
istio-proxy 2023-09-11T08:09:06.310482Z    debug    xdsproxy    request for type url type.googleapis.com/envoy.config.endpoint.v3.ClusterLoadAssignment
istio-proxy 2023-09-11T08:09:06.310528Z    debug    xdsproxy    request for type url type.googleapis.com/envoy.config.listener.v3.Listener
istio-proxy 2023-09-11T08:09:06.321208Z    debug    xdsproxy    response for type url type.googleapis.com/envoy.config.route.v3.RouteConfiguration
istio-proxy 2023-09-11T08:09:06.321228Z    debug    xdsproxy    response for type url type.googleapis.com/istio.networking.nds.v1.NameTable
istio-proxy 2023-09-11T08:09:06.321514Z    debug    dns    updated lookup table with 177 hosts
istio-proxy 2023-09-11T08:09:06.321529Z    debug    xdsproxy    request for type url type.googleapis.com/istio.networking.nds.v1.NameTable
istio-proxy 2023-09-11T08:09:06.323333Z    debug    xdsproxy    request for type url type.googleapis.com/envoy.config.route.v3.RouteConfiguration
activator {"severity":"INFO","timestamp":"2023-09-11T08:09:30.363088686Z","logger":"activator","caller":"activator/main.go:327","message":"Received SIGTERM","knative.dev/controller":"activator","knative.dev/pod":"activator-6455488557-5t784"}
activator {"severity":"INFO","timestamp":"2023-09-11T08:09:30.363157364Z","logger":"activator","caller":"activator/main.go:334","message":"Sleeping 45s to allow K8s propagation of non-ready state","knative.dev/controller":"activator","knative.dev/pod":"activator-6455488557-5t784"}
istio-proxy 2023-09-11T08:09:30.375622Z    info    Agent draining Proxy
istio-proxy 2023-09-11T08:09:30.375628Z    info    Status server has successfully terminated
istio-proxy 2023-09-11T08:09:30.376076Z    error    accept tcp :15020: use of closed network connection
istio-proxy 2023-09-11T08:09:30.376777Z    debug    Drain listener endpoint response : OK
istio-proxy
istio-proxy 2023-09-11T08:09:30.376790Z    info    Graceful termination period is 35s, starting...
istio-proxy 2023-09-11T08:09:30.510527Z    debug    xdsproxy    response for type url type.googleapis.com/envoy.config.endpoint.v3.ClusterLoadAssignment
istio-proxy 2023-09-11T08:09:30.511612Z    debug    xdsproxy    request for type url type.googleapis.com/envoy.config.endpoint.v3.ClusterLoadAssignment
istio-proxy 2023-09-11T08:09:32.266222Z    warn    Envoy proxy is NOT ready: server is not live, current state is: DRAINING
istio-proxy 2023-09-11T08:09:34.266643Z    warn    Envoy proxy is NOT ready: server is not live, current state is: DRAINING
istio-proxy 2023-09-11T08:09:35.315825Z    debug    xdsproxy    response for type url type.googleapis.com/envoy.config.endpoint.v3.ClusterLoadAssignment
istio-proxy 2023-09-11T08:09:35.316521Z    debug    xdsproxy    request for type url type.googleapis.com/envoy.config.endpoint.v3.ClusterLoadAssignment
istio-proxy 2023-09-11T08:09:35.743476Z    debug    xdsproxy    response for type url type.googleapis.com/envoy.config.endpoint.v3.ClusterLoadAssignment
istio-proxy 2023-09-11T08:09:35.744285Z    debug    xdsproxy    request for type url type.googleapis.com/envoy.config.endpoint.v3.ClusterLoadAssignment
istio-proxy 2023-09-11T08:09:35.994660Z    debug    xdsproxy    response for type url type.googleapis.com/envoy.config.endpoint.v3.ClusterLoadAssignment
istio-proxy 2023-09-11T08:09:35.995305Z    debug    xdsproxy    request for type url type.googleapis.com/envoy.config.endpoint.v3.ClusterLoadAssignment
istio-proxy 2023-09-11T08:09:36.265871Z    warn    Envoy proxy is NOT ready: server is not live, current state is: DRAINING
istio-proxy 2023-09-11T08:09:36.392882Z    debug    xdsproxy    response for type url type.googleapis.com/envoy.config.endpoint.v3.ClusterLoadAssignment
istio-proxy 2023-09-11T08:09:36.394119Z    debug    xdsproxy    request for type url type.googleapis.com/envoy.config.endpoint.v3.ClusterLoadAssignment
istio-proxy 2023-09-11T08:09:36.506645Z    debug    xdsproxy    response for type url type.googleapis.com/envoy.config.endpoint.v3.ClusterLoadAssignment
istio-proxy 2023-09-11T08:09:36.507623Z    debug    xdsproxy    request for type url type.googleapis.com/envoy.config.endpoint.v3.ClusterLoadAssignment
istio-proxy 2023-09-11T08:09:36.640016Z    debug    xdsproxy    response for type url type.googleapis.com/envoy.config.endpoint.v3.ClusterLoadAssignment
istio-proxy 2023-09-11T08:09:36.640869Z    debug    xdsproxy    request for type url type.googleapis.com/envoy.config.endpoint.v3.ClusterLoadAssignment
istio-proxy 2023-09-11T08:09:36.768712Z    debug    xdsproxy    response for type url type.googleapis.com/envoy.config.endpoint.v3.ClusterLoadAssignment
istio-proxy 2023-09-11T08:09:36.769897Z    debug    xdsproxy    request for type url type.googleapis.com/envoy.config.endpoint.v3.ClusterLoadAssignment
istio-proxy 2023-09-11T08:09:37.012282Z    debug    xdsproxy    response for type url type.googleapis.com/envoy.config.endpoint.v3.ClusterLoadAssignment
istio-proxy 2023-09-11T08:09:37.013900Z    debug    xdsproxy    request for type url type.googleapis.com/envoy.config.endpoint.v3.ClusterLoadAssignment
istio-proxy 2023-09-11T08:09:37.319841Z    debug    xdsproxy    response for type url type.googleapis.com/envoy.config.endpoint.v3.ClusterLoadAssignment
istio-proxy 2023-09-11T08:09:37.321816Z    debug    xdsproxy    request for type url type.googleapis.com/envoy.config.endpoint.v3.ClusterLoadAssignment
istio-proxy 2023-09-11T08:09:37.515260Z    debug    xdsproxy    response for type url type.googleapis.com/envoy.config.endpoint.v3.ClusterLoadAssignment
istio-proxy 2023-09-11T08:09:37.517289Z    debug    xdsproxy    request for type url type.googleapis.com/envoy.config.endpoint.v3.ClusterLoadAssignment
istio-proxy 2023-09-11T08:09:37.652547Z    debug    xdsproxy    response for type url type.googleapis.com/envoy.config.endpoint.v3.ClusterLoadAssignment
istio-proxy 2023-09-11T08:09:37.654721Z    debug    xdsproxy    request for type url type.googleapis.com/envoy.config.endpoint.v3.ClusterLoadAssignment
istio-proxy 2023-09-11T08:09:38.266424Z    warn    Envoy proxy is NOT ready: server is not live, current state is: DRAINING
istio-proxy 2023-09-11T08:09:40.265794Z    warn    Envoy proxy is NOT ready: server is not live, current state is: DRAINING
istio-proxy 2023-09-11T08:09:42.266200Z    warn    Envoy proxy is NOT ready: server is not live, current state is: DRAINING
istio-proxy 2023-09-11T08:09:44.266321Z    warn    Envoy proxy is NOT ready: server is not live, current state is: DRAINING
istio-proxy 2023-09-11T08:09:46.266076Z    warn    Envoy proxy is NOT ready: server is not live, current state is: DRAINING
istio-proxy 2023-09-11T08:09:48.265706Z    warn    Envoy proxy is NOT ready: server is not live, current state is: DRAINING
istio-proxy 2023-09-11T08:09:50.266283Z    warn    Envoy proxy is NOT ready: server is not live, current state is: DRAINING
istio-proxy 2023-09-11T08:09:51.304981Z    debug    xdsproxy    request for type url type.googleapis.com/envoy.config.route.v3.RouteConfiguration
istio-proxy 2023-09-11T08:09:51.305022Z    debug    xdsproxy    request for type url type.googleapis.com/envoy.config.route.v3.RouteConfiguration
istio-proxy 2023-09-11T08:09:51.305028Z    debug    xdsproxy    request for type url type.googleapis.com/envoy.config.route.v3.RouteConfiguration
istio-proxy 2023-09-11T08:09:52.186200Z    debug    xdsproxy    response for type url type.googleapis.com/envoy.config.endpoint.v3.ClusterLoadAssignment
istio-proxy 2023-09-11T08:09:52.189268Z    debug    xdsproxy    request for type url type.googleapis.com/envoy.config.endpoint.v3.ClusterLoadAssignment
istio-proxy 2023-09-11T08:09:52.265990Z    warn    Envoy proxy is NOT ready: server is not live, current state is: DRAINING
istio-proxy 2023-09-11T08:09:52.418179Z    debug    xdsproxy    response for type url type.googleapis.com/envoy.config.endpoint.v3.ClusterLoadAssignment
istio-proxy 2023-09-11T08:09:52.420793Z    debug    xdsproxy    request for type url type.googleapis.com/envoy.config.endpoint.v3.ClusterLoadAssignment
istio-proxy 2023-09-11T08:09:52.658108Z    debug    xdsproxy    response for type url type.googleapis.com/envoy.config.endpoint.v3.ClusterLoadAssignment
istio-proxy 2023-09-11T08:09:52.659957Z    debug    xdsproxy    request for type url type.googleapis.com/envoy.config.endpoint.v3.ClusterLoadAssignment
istio-proxy 2023-09-11T08:09:52.832351Z    debug    xdsproxy    response for type url type.googleapis.com/envoy.config.endpoint.v3.ClusterLoadAssignment
istio-proxy 2023-09-11T08:09:52.834405Z    debug    xdsproxy    request for type url type.googleapis.com/envoy.config.endpoint.v3.ClusterLoadAssignment
istio-proxy 2023-09-11T08:09:53.108627Z    debug    xdsproxy    response for type url type.googleapis.com/envoy.config.endpoint.v3.ClusterLoadAssignment
istio-proxy 2023-09-11T08:09:53.111264Z    debug    xdsproxy    request for type url type.googleapis.com/envoy.config.endpoint.v3.ClusterLoadAssignment
istio-proxy 2023-09-11T08:09:53.279200Z    debug    xdsproxy    response for type url type.googleapis.com/envoy.config.endpoint.v3.ClusterLoadAssignment
istio-proxy 2023-09-11T08:09:53.281115Z    debug    xdsproxy    request for type url type.googleapis.com/envoy.config.endpoint.v3.ClusterLoadAssignment
istio-proxy 2023-09-11T08:09:54.266583Z    warn    Envoy proxy is NOT ready: server is not live, current state is: DRAINING
istio-proxy 2023-09-11T08:09:56.266224Z    warn    Envoy proxy is NOT ready: server is not live, current state is: DRAINING
