{"level":"info","ts":1694071743.4997394,"logger":"fallback","caller":"injection/injection.go:63","msg":"Starting informers..."}
2023/09/07 07:29:13 Service runtime-lklmaocu ready in 5s
2023/09/07 07:29:22 Service runtime-jtdpqycb ready in 9s
2023/09/07 07:29:23 Service runtime-djbkaagc ready in 5s
2023/09/07 07:29:29 Service runtime-mohgsiac ready in 6s
2023/09/07 07:29:33 Service runtime-trcvljep ready in 5s
2023/09/07 07:29:38 Service runtime-wgdctubd ready in 5s
2023/09/07 07:29:43 Service runtime-jacuxmfw ready in 5s
2023/09/07 07:29:48 Service runtime-wctivwuy ready in 5s
2023/09/07 07:29:53 Service runtime-hjqnlbkk ready in 5s
2023/09/07 07:29:58 Service runtime-voiuqqdv ready in 5s
2023/09/07 07:30:03 Service runtime-gpzumzek ready in 5s
2023/09/07 07:30:08 Service runtime-pbnuwjsp ready in 5s
2023/09/07 07:30:13 Service runtime-clikznhu ready in 5s
2023/09/07 07:30:18 Service runtime-lxqzpmtx ready in 5s
2023/09/07 07:30:26 Service runtime-vkjmlxwg ready in 8s
2023/09/07 07:30:28 Service runtime-hzhbtvty ready in 5s
2023/09/07 07:30:37 Service runtime-wdjzgbdh ready in 9s
2023/09/07 07:30:38 Service runtime-xmycjhoy ready in 5s
2023/09/07 07:30:43 Service runtime-lodjrpsh ready in 5s
2023/09/07 07:30:48 Service runtime-fyzpqtbp ready in 5s
2023/09/07 07:30:53 Service runtime-nnnlsfaw ready in 5s
2023/09/07 07:31:02 Service runtime-pspzgvuc ready in 9s
2023/09/07 07:31:03 Service runtime-wmspeuxk ready in 5s
2023/09/07 07:31:08 Service runtime-rgznvhrl ready in 5s
2023/09/07 07:31:13 Service runtime-wbjmqaxb ready in 5s
2023/09/07 07:31:18 Service runtime-qbkrlhrb ready in 5s
2023/09/07 07:31:24 Service runtime-enipcufo ready in 6s
2023/09/07 07:31:28 Service runtime-nghrvhju ready in 5s
2023/09/07 07:31:33 Service runtime-lovnaakf ready in 5s
2023/09/07 07:31:38 Service runtime-zoceatbf ready in 5s
2023/09/07 07:31:43 Service runtime-eurzibpi ready in 5s
2023/09/07 07:31:48 Service runtime-ywzxoyjc ready in 5s
2023/09/07 07:31:53 Service runtime-fxwmlcce ready in 5s
2023/09/07 07:31:58 Service runtime-hqelzyzv ready in 5s
2023/09/07 07:32:02 Service runtime-aurrollx ready in 4s
2023/09/07 07:32:08 Service runtime-arrcsavc ready in 5s
2023/09/07 07:32:13 Service runtime-iszitfqy ready in 5s
2023/09/07 07:32:18 Service runtime-rkgdgrwb ready in 5s
2023/09/07 07:32:23 Service runtime-asrtrywv ready in 5s
2023/09/07 07:32:27 Service runtime-ksgqwkft ready in 4s
2023/09/07 07:32:33 Service runtime-gvdtfoul ready in 5s
2023/09/07 07:32:38 Service runtime-ifgeqdkn ready in 5s
2023/09/07 07:32:45 Service runtime-uvvotvhf ready in 7s
2023/09/07 07:32:48 Service runtime-qniwmypg ready in 5s
2023/09/07 07:32:53 Service runtime-vmnnqznb ready in 5s
2023/09/07 07:32:58 Service runtime-djpawrpr ready in 5s
2023/09/07 07:33:03 Service runtime-hviwrksz ready in 5s
2023/09/07 07:33:08 Service runtime-jlvwmbix ready in 5s
2023/09/07 07:33:13 Service runtime-yckankra ready in 5s
2023/09/07 07:33:18 Service runtime-zkhqvnpw ready in 5s
2023/09/07 07:33:24 Service runtime-ofpomztj ready in 6s
2023/09/07 07:33:28 Service runtime-wwtfrbqh ready in 5s
2023/09/07 07:33:34 Service runtime-htochndo ready in 6s
2023/09/07 07:33:38 Service runtime-tqhwzruf ready in 5s
2023/09/07 07:33:43 Service runtime-oibqjlsj ready in 5s
2023/09/07 07:33:48 Service runtime-mzcilryr ready in 5s
2023/09/07 07:33:54 Service runtime-ddappsry ready in 6s
2023/09/07 07:33:58 Service runtime-qrxskmgl ready in 5s
2023/09/07 07:34:03 Service runtime-nybssnva ready in 5s
2023/09/07 07:34:08 Service runtime-ovbkyaad ready in 5s
2023/09/07 07:34:13 Service runtime-xjzcmesh ready in 5s
2023/09/07 07:34:18 Service runtime-ipsztdza ready in 5s
2023/09/07 07:34:23 Service runtime-rabkhrfw ready in 5s
2023/09/07 07:34:28 Service runtime-fkdcwhwi ready in 5s
2023/09/07 07:34:33 Service runtime-sgpoahfy ready in 5s
2023/09/07 07:34:38 Service runtime-emltyudr ready in 5s
2023/09/07 07:34:43 Service runtime-ajqtpesc ready in 5s
2023/09/07 07:34:48 Service runtime-mxmkvynr ready in 5s
2023/09/07 07:34:53 Service runtime-venrwnwj ready in 5s
2023/09/07 07:34:58 Service runtime-yyychuwv ready in 5s
2023/09/07 07:35:03 Service runtime-uuufttjx ready in 5s
2023/09/07 07:35:08 Service runtime-yepsprao ready in 5s
2023/09/07 07:35:13 Service runtime-lksdmhvj ready in 5s
2023/09/07 07:35:18 Service runtime-gqmedtyd ready in 5s
2023/09/07 07:35:24 Service runtime-abibqzia ready in 6s
2023/09/07 07:35:28 Service runtime-lyngesyy ready in 5s
2023/09/07 07:35:35 Service runtime-gkwfysra ready in 7s
2023/09/07 07:35:38 Service runtime-tcawqbup ready in 5s
2023/09/07 07:35:44 Service runtime-yxqpyebr ready in 6s
2023/09/07 07:35:48 Service runtime-nphiwujl ready in 5s
2023/09/07 07:35:54 Service runtime-mrwfvzpi ready in 6s
2023/09/07 07:36:00 Service runtime-nortofrz ready in 7s
2023/09/07 07:36:03 Service runtime-czhnvjnd ready in 5s
2023/09/07 07:36:10 Service runtime-vucoqozi ready in 7s
2023/09/07 07:36:13 Service runtime-ftcrzmox ready in 5s
2023/09/07 07:36:18 Service runtime-gskwuxzy ready in 5s
2023/09/07 07:36:24 Service runtime-jocdnxtr ready in 6s
2023/09/07 07:36:28 Service runtime-hngftixs ready in 5s
2023/09/07 07:36:34 Service runtime-ytadqfdi ready in 6s
2023/09/07 07:36:38 Service runtime-datugpue ready in 5s
2023/09/07 07:36:43 Service runtime-msommyyy ready in 5s
2023/09/07 07:36:50 Service runtime-yutqfmdr ready in 7s
2023/09/07 07:36:55 Service runtime-zahtwwvo ready in 7s
2023/09/07 07:36:58 Service runtime-oymumyos ready in 5s
2023/09/07 07:37:04 Service runtime-dvrsflyf ready in 6s
2023/09/07 07:37:08 Service runtime-jeiuvtpo ready in 5s
2023/09/07 07:37:13 Service runtime-hmuqkpuq ready in 5s
2023/09/07 07:37:18 Service runtime-xmkztltx ready in 5s
2023/09/07 07:37:23 Service runtime-lxvjarze ready in 5s
2023/09/07 07:37:28 Service runtime-eajcqhzu ready in 5s
2023/09/07 07:37:33 Service runtime-xgvnhlfz ready in 5s
2023/09/07 07:37:40 Service runtime-pasozsfe ready in 7s
2023/09/07 07:37:45 Service runtime-tqmebjqg ready in 7s
2023/09/07 07:37:48 Service runtime-rvltqijs ready in 5s
2023/09/07 07:37:53 Service runtime-hwggajoa ready in 5s
2023/09/07 07:37:58 Service runtime-gkvwvugm ready in 5s
2023/09/07 07:38:05 Service runtime-vvvuirjf ready in 7s
2023/09/07 07:38:09 Service runtime-fmpgyvcp ready in 6s
2023/09/07 07:38:13 Service runtime-nmgvgyfx ready in 5s
2023/09/07 07:38:18 Service runtime-xnibtsrz ready in 5s
2023/09/07 07:38:24 Service runtime-ahtvsisv ready in 6s
2023/09/07 07:38:29 Service runtime-vbstknrg ready in 6s
2023/09/07 07:38:33 Service runtime-qxixvmyr ready in 5s
2023/09/07 07:38:38 Service runtime-xbgyudch ready in 5s
2023/09/07 07:38:43 Service runtime-kvdsmjod ready in 5s
2023/09/07 07:38:48 Service runtime-keakmodx ready in 5s
2023/09/07 07:38:53 Service runtime-fyjhrvlz ready in 5s
2023/09/07 07:38:58 Service runtime-gygjxevm ready in 5s
2023/09/07 07:39:04 Service runtime-azecefdf ready in 6s
2023/09/07 07:39:09 Service runtime-kobulnwe ready in 6s
2023/09/07 07:39:13 Service runtime-ctpbeihj ready in 5s
2023/09/07 07:39:18 Service runtime-yvlsvbum ready in 5s
2023/09/07 07:39:24 Service runtime-lyqppgap ready in 6s
2023/09/07 07:39:30 Service runtime-vddpyrng ready in 7s
2023/09/07 07:39:35 Service runtime-bgnzkfrq ready in 7s
2023/09/07 07:39:44 Service runtime-jnhstkwp ready in 6s
2023/09/07 07:39:44 Service runtime-ihcbkino ready in 11s
2023/09/07 07:39:50 Service runtime-onwiiiff ready in 7s
2023/09/07 07:39:54 Service runtime-ewvfqpgf ready in 6s
2023/09/07 07:39:58 Service runtime-cpdizpax ready in 5s
2023/09/07 07:40:05 Service runtime-givcvtfx ready in 7s
2023/09/07 07:40:10 Service runtime-cymqzxdn ready in 7s
2023/09/07 07:40:15 Service runtime-ncykqeym ready in 7s
2023/09/07 07:40:19 Service runtime-xjdvzwgq ready in 6s
2023/09/07 07:40:25 Service runtime-vrqyihlp ready in 7s
2023/09/07 07:40:30 Service runtime-asszdhgg ready in 7s
2023/09/07 07:40:35 Service runtime-welmakhk ready in 7s
2023/09/07 07:40:38 Service runtime-zktklmfq ready in 5s
2023/09/07 07:40:44 Service runtime-olciwsed ready in 6s
2023/09/07 07:40:49 Service runtime-phepdlun ready in 6s
2023/09/07 07:40:55 Service runtime-ccvaufed ready in 7s
2023/09/07 07:40:58 Service runtime-bpjjklvf ready in 5s
2023/09/07 07:41:03 Service runtime-thkjgnqv ready in 5s
2023/09/07 07:41:15 Service runtime-wbazaijy ready in 12s
2023/09/07 07:41:20 Service runtime-ogdtsiuf ready in 11s
2023/09/07 07:41:24 Service runtime-synqejwc ready in 11s
2023/09/07 07:41:25 Service runtime-mjgvwtpl ready in 7s
2023/09/07 07:41:34 Service runtime-pugohoxl ready in 11s
2023/09/07 07:41:39 Service runtime-weyescbj ready in 11s
2023/09/07 07:41:44 Service runtime-qxyqpsmz ready in 11s
2023/09/07 07:41:49 Service runtime-wzshfubi ready in 11s
2023/09/07 07:41:50 Service runtime-rbxerjcb ready in 7s
2023/09/07 07:41:59 Service runtime-ktqgwggz ready in 11s
2023/09/07 07:42:04 Service runtime-wmjttkdo ready in 11s
2023/09/07 07:42:10 Service runtime-dgvjpwsq ready in 11s
2023/09/07 07:42:14 Service runtime-iugwgoxa ready in 11s
2023/09/07 07:42:19 Service runtime-ilpadfxv ready in 11s
2023/09/07 07:42:24 Service runtime-ebxdrxzc ready in 11s
2023/09/07 07:42:30 Service runtime-ckusuhif ready in 11s
2023/09/07 07:42:34 Service runtime-ixhmjele ready in 11s
2023/09/07 07:42:39 Service runtime-ovdfzmuu ready in 11s
2023/09/07 07:42:44 Service runtime-momvtwlj ready in 11s
2023/09/07 07:42:50 Service runtime-serpodym ready in 11s
2023/09/07 07:42:59 Service runtime-znpvgsqg ready in 16s
2023/09/07 07:42:59 Service runtime-nnnegwpc ready in 11s
2023/09/07 07:43:04 Service runtime-etssdror ready in 11s
2023/09/07 07:43:09 Service runtime-bndzlnxo ready in 11s
2023/09/07 07:43:14 Service runtime-skouuzfa ready in 11s
2023/09/07 07:43:19 Service runtime-otoemhvg ready in 11s
2023/09/07 07:43:25 Service runtime-cagkcbaz ready in 12s
2023/09/07 07:43:29 Service runtime-nketwfvc ready in 11s
2023/09/07 07:43:34 Service runtime-fubhrzhv ready in 11s
2023/09/07 07:43:39 Service runtime-deivfjde ready in 11s
2023/09/07 07:43:45 Service runtime-wdddddgf ready in 12s
2023/09/07 07:43:51 Service runtime-qwczfwqh ready in 13s
2023/09/07 07:43:54 Service runtime-vjrexiuq ready in 11s
2023/09/07 07:44:00 Service runtime-tduqivok ready in 12s
2023/09/07 07:44:03 Shutting down InfluxReporter
Requests      [total, rate, throughput]         1239, 1239.00, 177.00
Duration      [total, attack, wait]             16s, 0s, 16s
Latencies     [min, mean, 50, 90, 95, 99, max]  12s, 5.291s, 5s, 11s, 11s, 12s, 16s
Bytes In      [total, mean]                     0, 0.00
Bytes Out     [total, mean]                     0, 0.00
Success       [ratio]                           14.29%
Status Codes  [code:count]                      0:1062  200:177  
Error Set:
2023/09/07 07:44:03 SLA 1 passed. Amount of ready services is within the expected range. Is: 177.000000, expected: 174.000000-180.000000
2023/09/07 07:44:03 SLA 2 passed. P95 latency is in 0-25s time range
2023/09/07 07:44:03 Reconciliation delay run finished
