2023/09/06 13:52:25 Starting scale from zero test
2023/09/06 13:52:36 Created all the services in 11.090328017s
2023/09/06 13:52:36 04: waiting for deployment to scale to zero
2023/09/06 13:52:36 01: waiting for deployment to scale to zero
2023/09/06 13:52:36 00: waiting for deployment to scale to zero
2023/09/06 13:52:36 All pods are done (scaled to zero) or terminating after 4.109µs
2023/09/06 13:52:36 02: waiting for deployment to scale to zero
2023/09/06 13:52:36 All pods are done (scaled to zero) or terminating after 5.866µs
2023/09/06 13:52:36 All pods are done (scaled to zero) or terminating after 672ns
2023/09/06 13:52:36 03: waiting for deployment to scale to zero
2023/09/06 13:52:36 All pods are done (scaled to zero) or terminating after 1.253µs
2023/09/06 13:52:36 All pods are done (scaled to zero) or terminating after 2.649µs
2023/09/06 13:52:36 01: waiting for endpoint to serve request
2023/09/06 13:52:36 Spoofing perftest-scalefromzero-01-azmubrga.default.svc.cluster.local -> perftest-scalefromzero-01-azmubrga.default.svc.cluster.local
2023/09/06 13:52:36 00: waiting for endpoint to serve request
2023/09/06 13:52:36 Spoofing perftest-scalefromzero-00-fhimnwvs.default.svc.cluster.local -> perftest-scalefromzero-00-fhimnwvs.default.svc.cluster.local
2023/09/06 13:52:36 03: waiting for endpoint to serve request
2023/09/06 13:52:36 Spoofing perftest-scalefromzero-03-cqvjwerh.default.svc.cluster.local -> perftest-scalefromzero-03-cqvjwerh.default.svc.cluster.local
2023/09/06 13:52:36 02: waiting for endpoint to serve request
2023/09/06 13:52:36 Spoofing perftest-scalefromzero-02-kohsbakt.default.svc.cluster.local -> perftest-scalefromzero-02-kohsbakt.default.svc.cluster.local
2023/09/06 13:52:36 04: waiting for endpoint to serve request
2023/09/06 13:52:36 Spoofing perftest-scalefromzero-04-vsqwkpfh.default.svc.cluster.local -> perftest-scalefromzero-04-vsqwkpfh.default.svc.cluster.local
2023/09/06 13:52:36 Service is ready after: name: perftest-scalefromzero-03-cqvjwerh, deployment-updated: 0ms, service-ready-since-deployment: 42ms, service-ready-total: 42ms
2023/09/06 13:52:36 Service is ready after: name: perftest-scalefromzero-02-kohsbakt, deployment-updated: 0ms, service-ready-since-deployment: 46ms, service-ready-total: 46ms
2023/09/06 13:52:36 Service is ready after: name: perftest-scalefromzero-00-fhimnwvs, deployment-updated: 0ms, service-ready-since-deployment: 47ms, service-ready-total: 47ms
2023/09/06 13:52:36 Service is ready after: name: perftest-scalefromzero-01-azmubrga, deployment-updated: 0ms, service-ready-since-deployment: 47ms, service-ready-total: 47ms
2023/09/06 13:52:36 Service is ready after: name: perftest-scalefromzero-04-vsqwkpfh, deployment-updated: 0ms, service-ready-since-deployment: 46ms, service-ready-total: 46ms
2023/09/06 13:52:36 Shutting down VegetaReporter
Requests      [total, rate, throughput]         5, 5.00, 0.00
Duration      [total, attack, wait]             47.637ms, 0s, 47.637ms
Latencies     [min, mean, 50, 90, 95, 99, max]  42.394ms, 46.163ms, 46.738ms, 47.637ms, 47.637ms, 47.637ms, 47.637ms
Bytes In      [total, mean]                     0, 0.00
Bytes Out     [total, mean]                     0, 0.00
Success       [ratio]                           0.00%
Status Codes  [code:count]                      0:5  
Error Set:
2023/09/06 13:52:36 Shutting down InfluxReporter
2023/09/06 13:52:36 SLA 1 failed. P95 latency is not in 0-15000000ms time range: 47.637307ms
